{"/home/pedro/projects/celo/celo-monorepo/packages/web/src/i18n.ts": {"path":"/home/pedro/projects/celo/celo-monorepo/packages/web/src/i18n.ts","statementMap":{"0":{"start":{"line":1,"column":0},"end":{"line":1,"column":59}},"1":{"start":{"line":3,"column":16},"end":{"line":3,"column":85}},"2":{"start":{"line":4,"column":28},"end":{"line":4,"column":52}},"3":{"start":{"line":5,"column":13},"end":{"line":5,"column":null}},"4":{"start":{"line":13,"column":0},"end":{"line":13,"column":null}},"5":{"start":{"line":14,"column":0},"end":{"line":14,"column":74}},"6":{"start":{"line":15,"column":13},"end":{"line":15,"column":null}},"7":{"start":{"line":16,"column":13},"end":{"line":16,"column":null}},"8":{"start":{"line":18,"column":0},"end":{"line":18,"column":null}},"9":{"start":{"line":19,"column":2},"end":{"line":19,"column":null}},"10":{"start":{"line":20,"column":2},"end":{"line":20,"column":null}},"11":{"start":{"line":21,"column":2},"end":{"line":21,"column":null}},"12":{"start":{"line":22,"column":2},"end":{"line":22,"column":null}},"13":{"start":{"line":23,"column":2},"end":{"line":23,"column":null}},"14":{"start":{"line":24,"column":2},"end":{"line":24,"column":null}},"15":{"start":{"line":25,"column":2},"end":{"line":25,"column":null}},"16":{"start":{"line":26,"column":2},"end":{"line":26,"column":null}},"17":{"start":{"line":27,"column":2},"end":{"line":27,"column":null}},"18":{"start":{"line":28,"column":2},"end":{"line":28,"column":null}},"19":{"start":{"line":29,"column":2},"end":{"line":29,"column":null}},"20":{"start":{"line":30,"column":2},"end":{"line":30,"column":null}},"21":{"start":{"line":31,"column":2},"end":{"line":31,"column":null}},"22":{"start":{"line":32,"column":2},"end":{"line":32,"column":null}},"23":{"start":{"line":33,"column":2},"end":{"line":33,"column":null}}},"fnMap":{"0":{"name":"(anonymous_1)","decl":{"start":{"line":18,"column":0},"end":{"line":18,"column":12}},"loc":{"start":{"line":18,"column":22},"end":{"line":34,"column":1}}}},"branchMap":{"0":{"loc":{"start":{"line":18,"column":12},"end":{"line":18,"column":22}},"type":"binary-expr","locations":[{"start":{"line":18,"column":12},"end":{"line":18,"column":22}},{"start":{"line":18,"column":12},"end":{"line":18,"column":null}}]}},"s":{"0":43,"1":43,"2":43,"3":43,"4":43,"5":43,"6":43,"7":43,"8":43,"9":43,"10":43,"11":43,"12":43,"13":43,"14":43,"15":43,"16":43,"17":43,"18":43,"19":43,"20":43,"21":43,"22":43,"23":43},"f":{"0":43},"b":{"0":[43,43]}}
,"/home/pedro/projects/celo/celo-monorepo/packages/web/src/styles.ts": {"path":"/home/pedro/projects/celo/celo-monorepo/packages/web/src/styles.ts","statementMap":{"0":{"start":{"line":1,"column":0},"end":{"line":1,"column":52}},"1":{"start":{"line":3,"column":0},"end":{"line":3,"column":null}},"2":{"start":{"line":4,"column":2},"end":{"line":4,"column":null}},"3":{"start":{"line":5,"column":2},"end":{"line":5,"column":null}},"4":{"start":{"line":6,"column":2},"end":{"line":6,"column":null}},"5":{"start":{"line":7,"column":2},"end":{"line":7,"column":null}},"6":{"start":{"line":8,"column":2},"end":{"line":8,"column":null}},"7":{"start":{"line":9,"column":2},"end":{"line":9,"column":null}},"8":{"start":{"line":10,"column":2},"end":{"line":10,"column":null}},"9":{"start":{"line":11,"column":2},"end":{"line":11,"column":null}},"10":{"start":{"line":12,"column":2},"end":{"line":12,"column":null}},"11":{"start":{"line":13,"column":2},"end":{"line":13,"column":null}},"12":{"start":{"line":14,"column":2},"end":{"line":14,"column":null}},"13":{"start":{"line":15,"column":2},"end":{"line":15,"column":null}},"14":{"start":{"line":16,"column":2},"end":{"line":16,"column":null}},"15":{"start":{"line":17,"column":2},"end":{"line":17,"column":null}},"16":{"start":{"line":18,"column":2},"end":{"line":18,"column":null}},"17":{"start":{"line":19,"column":2},"end":{"line":19,"column":null}},"18":{"start":{"line":20,"column":2},"end":{"line":20,"column":null}},"19":{"start":{"line":22,"column":2},"end":{"line":22,"column":null}},"20":{"start":{"line":23,"column":2},"end":{"line":23,"column":null}},"21":{"start":{"line":24,"column":2},"end":{"line":24,"column":null}},"22":{"start":{"line":25,"column":2},"end":{"line":25,"column":null}},"23":{"start":{"line":26,"column":2},"end":{"line":26,"column":null}},"24":{"start":{"line":27,"column":2},"end":{"line":27,"column":null}},"25":{"start":{"line":28,"column":2},"end":{"line":28,"column":null}},"26":{"start":{"line":29,"column":2},"end":{"line":29,"column":null}},"27":{"start":{"line":31,"column":2},"end":{"line":31,"column":null}},"28":{"start":{"line":32,"column":2},"end":{"line":32,"column":null}},"29":{"start":{"line":33,"column":2},"end":{"line":33,"column":null}},"30":{"start":{"line":34,"column":2},"end":{"line":34,"column":null}},"31":{"start":{"line":37,"column":2},"end":{"line":37,"column":null}},"32":{"start":{"line":38,"column":2},"end":{"line":38,"column":null}},"33":{"start":{"line":39,"column":2},"end":{"line":39,"column":null}},"34":{"start":{"line":40,"column":2},"end":{"line":40,"column":null}},"35":{"start":{"line":41,"column":2},"end":{"line":41,"column":null}},"36":{"start":{"line":42,"column":2},"end":{"line":42,"column":null}},"37":{"start":{"line":44,"column":2},"end":{"line":44,"column":null}},"38":{"start":{"line":45,"column":2},"end":{"line":45,"column":null}},"39":{"start":{"line":48,"column":0},"end":{"line":48,"column":null}},"40":{"start":{"line":49,"column":2},"end":{"line":49,"column":null}},"41":{"start":{"line":50,"column":2},"end":{"line":50,"column":null}},"42":{"start":{"line":53,"column":21},"end":{"line":56,"column":null}},"43":{"start":{"line":58,"column":13},"end":{"line":171,"column":null}},"44":{"start":{"line":173,"column":13},"end":{"line":173,"column":null}},"45":{"start":{"line":175,"column":13},"end":{"line":208,"column":null}},"46":{"start":{"line":210,"column":16},"end":{"line":214,"column":null}},"47":{"start":{"line":216,"column":22},"end":{"line":220,"column":null}},"48":{"start":{"line":222,"column":22},"end":{"line":226,"column":null}},"49":{"start":{"line":228,"column":13},"end":{"line":342,"column":null}},"50":{"start":{"line":345,"column":13},"end":{"line":348,"column":null}},"51":{"start":{"line":350,"column":13},"end":{"line":353,"column":null}}},"fnMap":{"0":{"name":"(anonymous_0)","decl":{"start":{"line":3,"column":0},"end":{"line":3,"column":12}},"loc":{"start":{"line":3,"column":18},"end":{"line":46,"column":1}}},"1":{"name":"(anonymous_1)","decl":{"start":{"line":48,"column":0},"end":{"line":48,"column":12}},"loc":{"start":{"line":48,"column":21},"end":{"line":51,"column":1}}}},"branchMap":{"0":{"loc":{"start":{"line":3,"column":12},"end":{"line":3,"column":18}},"type":"binary-expr","locations":[{"start":{"line":3,"column":12},"end":{"line":3,"column":18}},{"start":{"line":3,"column":12},"end":{"line":3,"column":null}}]},"1":{"loc":{"start":{"line":48,"column":12},"end":{"line":48,"column":21}},"type":"binary-expr","locations":[{"start":{"line":48,"column":12},"end":{"line":48,"column":21}},{"start":{"line":48,"column":12},"end":{"line":48,"column":null}}]}},"s":{"0":45,"1":45,"2":45,"3":45,"4":45,"5":45,"6":45,"7":45,"8":45,"9":45,"10":45,"11":45,"12":45,"13":45,"14":45,"15":45,"16":45,"17":45,"18":45,"19":45,"20":45,"21":45,"22":45,"23":45,"24":45,"25":45,"26":45,"27":45,"28":45,"29":45,"30":45,"31":45,"32":45,"33":45,"34":45,"35":45,"36":45,"37":45,"38":45,"39":45,"40":45,"41":45,"42":45,"43":45,"44":45,"45":45,"46":45,"47":45,"48":45,"49":45,"50":45,"51":45},"f":{"0":45,"1":45},"b":{"0":[45,45],"1":[45,45]}}
,"/home/pedro/projects/celo/celo-monorepo/packages/web/src/_page-tests/test-utils.tsx": {"path":"/home/pedro/projects/celo/celo-monorepo/packages/web/src/_page-tests/test-utils.tsx","statementMap":{"0":{"start":{"line":1,"column":0},"end":{"line":1,"column":50}},"1":{"start":{"line":2,"column":0},"end":{"line":2,"column":30}},"2":{"start":{"line":3,"column":0},"end":{"line":3,"column":56}},"3":{"start":{"line":7,"column":2},"end":{"line":7,"column":null}},"4":{"start":{"line":8,"column":2},"end":{"line":8,"column":null}},"5":{"start":{"line":5,"column":0},"end":{"line":5,"column":16}},"6":{"start":{"line":11,"column":28},"end":{"line":13,"column":2}},"7":{"start":{"line":12,"column":2},"end":{"line":12,"column":null}},"8":{"start":{"line":16,"column":2},"end":{"line":16,"column":null}},"9":{"start":{"line":15,"column":0},"end":{"line":15,"column":16}}},"fnMap":{"0":{"name":"onPress","decl":{"start":{"line":5,"column":16},"end":{"line":5,"column":23}},"loc":{"start":{"line":5,"column":40},"end":{"line":9,"column":1}}},"1":{"name":"(anonymous_3)","decl":{"start":{"line":11,"column":67},"end":{"line":11,"column":68}},"loc":{"start":{"line":11,"column":84},"end":{"line":13,"column":1}}},"2":{"name":"TestProvider","decl":{"start":{"line":15,"column":16},"end":{"line":15,"column":28}},"loc":{"start":{"line":15,"column":41},"end":{"line":17,"column":1}}}},"branchMap":{},"s":{"0":26,"1":26,"2":26,"3":2,"4":2,"5":26,"6":26,"7":27,"8":27,"9":26},"f":{"0":2,"1":27,"2":27},"b":{}}
,"/home/pedro/projects/celo/celo-monorepo/packages/web/src/about/About.tsx": {"path":"/home/pedro/projects/celo/celo-monorepo/packages/web/src/about/About.tsx","statementMap":{"0":{"start":{"line":1,"column":0},"end":{"line":1,"column":31}},"1":{"start":{"line":2,"column":0},"end":{"line":2,"column":30}},"2":{"start":{"line":3,"column":0},"end":{"line":3,"column":78}},"3":{"start":{"line":4,"column":0},"end":{"line":4,"column":38}},"4":{"start":{"line":5,"column":0},"end":{"line":5,"column":43}},"5":{"start":{"line":6,"column":0},"end":{"line":6,"column":39}},"6":{"start":{"line":8,"column":0},"end":{"line":8,"column":55}},"7":{"start":{"line":9,"column":0},"end":{"line":9,"column":45}},"8":{"start":{"line":10,"column":0},"end":{"line":10,"column":33}},"9":{"start":{"line":11,"column":0},"end":{"line":11,"column":41}},"10":{"start":{"line":12,"column":0},"end":{"line":12,"column":45}},"11":{"start":{"line":13,"column":0},"end":{"line":13,"column":47}},"12":{"start":{"line":14,"column":0},"end":{"line":14,"column":40}},"13":{"start":{"line":15,"column":0},"end":{"line":15,"column":44}},"14":{"start":{"line":16,"column":0},"end":{"line":16,"column":71}},"15":{"start":{"line":17,"column":0},"end":{"line":17,"column":46}},"16":{"start":{"line":18,"column":0},"end":{"line":18,"column":57}},"17":{"start":{"line":19,"column":0},"end":{"line":19,"column":47}},"18":{"start":{"line":20,"column":0},"end":{"line":20,"column":54}},"19":{"start":{"line":21,"column":0},"end":{"line":21,"column":49}},"20":{"start":{"line":22,"column":0},"end":{"line":22,"column":50}},"21":{"start":{"line":23,"column":0},"end":{"line":23,"column":45}},"22":{"start":{"line":24,"column":0},"end":{"line":24,"column":62}},"23":{"start":{"line":31,"column":16},"end":{"line":31,"column":71}},"24":{"start":{"line":32,"column":2},"end":{"line":32,"column":null}},"25":{"start":{"line":33,"column":2},"end":{"line":33,"column":null}},"26":{"start":{"line":39,"column":4},"end":{"line":44,"column":null}},"27":{"start":{"line":40,"column":30},"end":{"line":40,"column":75}},"28":{"start":{"line":41,"column":6},"end":{"line":41,"column":null}},"29":{"start":{"line":43,"column":6},"end":{"line":43,"column":null}},"30":{"start":{"line":43,"column":71},"end":{"line":43,"column":84}},"31":{"start":{"line":46,"column":25},"end":{"line":46,"column":73}},"32":{"start":{"line":47,"column":4},"end":{"line":47,"column":null}},"33":{"start":{"line":51,"column":32},"end":{"line":51,"column":42}},"34":{"start":{"line":53,"column":4},"end":{"line":152,"column":null}},"35":{"start":{"line":36,"column":0},"end":{"line":36,"column":13}},"36":{"start":{"line":157,"column":2},"end":{"line":157,"column":null}},"37":{"start":{"line":160,"column":15},"end":{"line":166,"column":2}},"38":{"start":{"line":168,"column":0},"end":{"line":168,"column":null}}},"fnMap":{"0":{"name":"pronunceCelo","decl":{"start":{"line":30,"column":15},"end":{"line":30,"column":27}},"loc":{"start":{"line":30,"column":27},"end":{"line":34,"column":1}}},"1":{"name":"(anonymous_3)","decl":{"start":{"line":37,"column":2},"end":{"line":37,"column":8}},"loc":{"start":{"line":37,"column":38},"end":{"line":48,"column":3}}},"2":{"name":"(anonymous_4)","decl":{"start":{"line":40,"column":30},"end":{"line":40,"column":43}},"loc":{"start":{"line":40,"column":30},"end":{"line":40,"column":75}}},"3":{"name":"(anonymous_5)","decl":{"start":{"line":43,"column":59},"end":{"line":43,"column":60}},"loc":{"start":{"line":43,"column":71},"end":{"line":43,"column":84}}},"4":{"name":"(anonymous_6)","decl":{"start":{"line":50,"column":2},"end":{"line":50,"column":8}},"loc":{"start":{"line":50,"column":8},"end":{"line":153,"column":3}}},"5":{"name":"Strong","decl":{"start":{"line":156,"column":9},"end":{"line":156,"column":15}},"loc":{"start":{"line":156,"column":28},"end":{"line":158,"column":1}}}},"branchMap":{"0":{"loc":{"start":{"line":39,"column":4},"end":{"line":44,"column":null}},"type":"if","locations":[{"start":{"line":39,"column":4},"end":{"line":44,"column":null}},{"start":{"line":39,"column":4},"end":{"line":44,"column":null}}]}},"s":{"0":2,"1":2,"2":2,"3":2,"4":2,"5":2,"6":2,"7":2,"8":2,"9":2,"10":2,"11":2,"12":2,"13":2,"14":2,"15":2,"16":2,"17":2,"18":2,"19":2,"20":2,"21":2,"22":2,"23":0,"24":0,"25":0,"26":0,"27":0,"28":0,"29":0,"30":0,"31":0,"32":0,"33":3,"34":3,"35":2,"36":4,"37":2,"38":2},"f":{"0":0,"1":0,"2":0,"3":0,"4":3,"5":4},"b":{"0":[0,0]}}
,"/home/pedro/projects/celo/celo-monorepo/packages/web/src/about/AudioIcon.tsx": {"path":"/home/pedro/projects/celo/celo-monorepo/packages/web/src/about/AudioIcon.tsx","statementMap":{"0":{"start":{"line":1,"column":0},"end":{"line":1,"column":30}},"1":{"start":{"line":2,"column":0},"end":{"line":2,"column":35}},"2":{"start":{"line":3,"column":0},"end":{"line":3,"column":38}},"3":{"start":{"line":5,"column":0},"end":{"line":22,"column":null}},"4":{"start":{"line":6,"column":2},"end":{"line":21,"column":null}}},"fnMap":{"0":{"name":"AudioIcon","decl":{"start":{"line":5,"column":35},"end":{"line":5,"column":44}},"loc":{"start":{"line":5,"column":44},"end":{"line":22,"column":1}}}},"branchMap":{},"s":{"0":2,"1":2,"2":2,"3":2,"4":3},"f":{"0":3},"b":{}}
,"/home/pedro/projects/celo/celo-monorepo/packages/web/src/about/Backers.tsx": {"path":"/home/pedro/projects/celo/celo-monorepo/packages/web/src/about/Backers.tsx","statementMap":{"0":{"start":{"line":1,"column":0},"end":{"line":1,"column":30}},"1":{"start":{"line":2,"column":0},"end":{"line":2,"column":60}},"2":{"start":{"line":3,"column":0},"end":{"line":3,"column":50}},"3":{"start":{"line":4,"column":0},"end":{"line":4,"column":52}},"4":{"start":{"line":5,"column":0},"end":{"line":5,"column":46}},"5":{"start":{"line":6,"column":0},"end":{"line":6,"column":57}},"6":{"start":{"line":7,"column":0},"end":{"line":7,"column":80}},"7":{"start":{"line":8,"column":0},"end":{"line":8,"column":47}},"8":{"start":{"line":9,"column":0},"end":{"line":9,"column":46}},"9":{"start":{"line":10,"column":0},"end":{"line":10,"column":62}},"10":{"start":{"line":14,"column":26},"end":{"line":14,"column":36}},"11":{"start":{"line":16,"column":4},"end":{"line":54,"column":null}},"12":{"start":{"line":32,"column":16},"end":{"line":47,"column":null}},"13":{"start":{"line":12,"column":0},"end":{"line":12,"column":13}},"14":{"start":{"line":58,"column":15},"end":{"line":93,"column":2}},"15":{"start":{"line":95,"column":0},"end":{"line":95,"column":null}}},"fnMap":{"0":{"name":"(anonymous_2)","decl":{"start":{"line":13,"column":2},"end":{"line":13,"column":8}},"loc":{"start":{"line":13,"column":8},"end":{"line":55,"column":3}}},"1":{"name":"(anonymous_3)","decl":{"start":{"line":31,"column":30},"end":{"line":31,"column":31}},"loc":{"start":{"line":32,"column":16},"end":{"line":47,"column":null}}}},"branchMap":{"0":{"loc":{"start":{"line":29,"column":40},"end":{"line":29,"column":70}},"type":"binary-expr","locations":[{"start":{"line":29,"column":40},"end":{"line":29,"column":70}},{"start":{"line":29,"column":74},"end":{"line":29,"column":97}}]},"1":{"loc":{"start":{"line":39,"column":22},"end":{"line":42,"column":null}},"type":"cond-expr","locations":[{"start":{"line":39,"column":22},"end":{"line":42,"column":null}},{"start":{"line":45,"column":22},"end":{"line":45,"column":99}}]}},"s":{"0":2,"1":2,"2":2,"3":2,"4":2,"5":2,"6":2,"7":2,"8":2,"9":2,"10":3,"11":3,"12":93,"13":2,"14":2,"15":2},"f":{"0":3,"1":93},"b":{"0":[3,0],"1":[45,48]}}
,"/home/pedro/projects/celo/celo-monorepo/packages/web/src/about/PressMedia.tsx": {"path":"/home/pedro/projects/celo/celo-monorepo/packages/web/src/about/PressMedia.tsx","statementMap":{"0":{"start":{"line":1,"column":0},"end":{"line":1,"column":30}},"1":{"start":{"line":2,"column":0},"end":{"line":2,"column":35}},"2":{"start":{"line":3,"column":0},"end":{"line":3,"column":64}},"3":{"start":{"line":4,"column":0},"end":{"line":4,"column":46}},"4":{"start":{"line":5,"column":0},"end":{"line":5,"column":49}},"5":{"start":{"line":6,"column":0},"end":{"line":6,"column":34}},"6":{"start":{"line":8,"column":0},"end":{"line":17,"column":null}},"7":{"start":{"line":9,"column":2},"end":{"line":16,"column":null}}},"fnMap":{"0":{"name":"PressAndMedia","decl":{"start":{"line":8,"column":57},"end":{"line":8,"column":70}},"loc":{"start":{"line":8,"column":87},"end":{"line":17,"column":1}}}},"branchMap":{},"s":{"0":2,"1":2,"2":2,"3":2,"4":2,"5":2,"6":2,"7":3},"f":{"0":3},"b":{}}
,"/home/pedro/projects/celo/celo-monorepo/packages/web/src/about/Team.tsx": {"path":"/home/pedro/projects/celo/celo-monorepo/packages/web/src/about/Team.tsx","statementMap":{"0":{"start":{"line":1,"column":0},"end":{"line":1,"column":30}},"1":{"start":{"line":2,"column":0},"end":{"line":2,"column":49}},"2":{"start":{"line":3,"column":0},"end":{"line":3,"column":76}},"3":{"start":{"line":5,"column":0},"end":{"line":5,"column":52}},"4":{"start":{"line":6,"column":0},"end":{"line":6,"column":46}},"5":{"start":{"line":7,"column":0},"end":{"line":7,"column":57}},"6":{"start":{"line":8,"column":0},"end":{"line":8,"column":80}},"7":{"start":{"line":9,"column":0},"end":{"line":9,"column":48}},"8":{"start":{"line":10,"column":0},"end":{"line":10,"column":42}},"9":{"start":{"line":11,"column":0},"end":{"line":11,"column":46}},"10":{"start":{"line":12,"column":0},"end":{"line":12,"column":62}},"11":{"start":{"line":19,"column":40},"end":{"line":19,"column":50}},"12":{"start":{"line":20,"column":21},"end":{"line":20,"column":50}},"13":{"start":{"line":21,"column":21},"end":{"line":21,"column":50}},"14":{"start":{"line":23,"column":4},"end":{"line":53,"column":null}},"15":{"start":{"line":37,"column":16},"end":{"line":46,"column":null}},"16":{"start":{"line":17,"column":0},"end":{"line":17,"column":13}},"17":{"start":{"line":67,"column":17},"end":{"line":114,"column":2}},"18":{"start":{"line":76,"column":2},"end":{"line":113,"column":null}},"19":{"start":{"line":84,"column":16},"end":{"line":90,"column":null}},"20":{"start":{"line":117,"column":2},"end":{"line":121,"column":null}},"21":{"start":{"line":125,"column":15},"end":{"line":178,"column":2}},"22":{"start":{"line":180,"column":0},"end":{"line":180,"column":null}}},"fnMap":{"0":{"name":"(anonymous_2)","decl":{"start":{"line":18,"column":2},"end":{"line":18,"column":8}},"loc":{"start":{"line":18,"column":8},"end":{"line":54,"column":3}}},"1":{"name":"(anonymous_3)","decl":{"start":{"line":36,"column":32},"end":{"line":36,"column":33}},"loc":{"start":{"line":37,"column":16},"end":{"line":46,"column":null}}},"2":{"name":"_Portrait","decl":{"start":{"line":67,"column":37},"end":{"line":67,"column":46}},"loc":{"start":{"line":75,"column":16},"end":{"line":114,"column":1}}},"3":{"name":"(anonymous_5)","decl":{"start":{"line":83,"column":15},"end":{"line":83,"column":16}},"loc":{"start":{"line":84,"column":16},"end":{"line":90,"column":null}}},"4":{"name":"ContributorPlaceHolder","decl":{"start":{"line":116,"column":9},"end":{"line":116,"column":31}},"loc":{"start":{"line":116,"column":39},"end":{"line":122,"column":1}}}},"branchMap":{"0":{"loc":{"start":{"line":33,"column":27},"end":{"line":33,"column":52}},"type":"cond-expr","locations":[{"start":{"line":33,"column":27},"end":{"line":33,"column":52}},{"start":{"line":33,"column":55},"end":{"line":33,"column":92}}]},"1":{"loc":{"start":{"line":33,"column":55},"end":{"line":33,"column":63}},"type":"binary-expr","locations":[{"start":{"line":33,"column":55},"end":{"line":33,"column":63}},{"start":{"line":33,"column":67},"end":{"line":33,"column":92}}]},"2":{"loc":{"start":{"line":98,"column":13},"end":{"line":98,"column":16}},"type":"binary-expr","locations":[{"start":{"line":98,"column":13},"end":{"line":98,"column":16}},{"start":{"line":99,"column":14},"end":{"line":100,"column":null}}]},"3":{"loc":{"start":{"line":107,"column":13},"end":{"line":107,"column":17}},"type":"binary-expr","locations":[{"start":{"line":107,"column":13},"end":{"line":107,"column":17}},{"start":{"line":107,"column":21},"end":{"line":107,"column":39}}]}},"s":{"0":3,"1":3,"2":3,"3":3,"4":3,"5":3,"6":3,"7":3,"8":3,"9":3,"10":3,"11":5,"12":5,"13":5,"14":5,"15":3,"16":3,"17":3,"18":3,"19":3,"20":3,"21":3,"22":3},"f":{"0":5,"1":3,"2":3,"3":3,"4":3},"b":{"0":[0,5],"1":[5,0],"2":[3,3],"3":[3,0]}}
,"/home/pedro/projects/celo/celo-monorepo/packages/web/src/about/Tetris.tsx": {"path":"/home/pedro/projects/celo/celo-monorepo/packages/web/src/about/Tetris.tsx","statementMap":{"0":{"start":{"line":1,"column":0},"end":{"line":1,"column":30}},"1":{"start":{"line":2,"column":0},"end":{"line":2,"column":35}},"2":{"start":{"line":3,"column":0},"end":{"line":3,"column":32}},"3":{"start":{"line":6,"column":2},"end":{"line":16,"column":null}},"4":{"start":{"line":9,"column":8},"end":{"line":9,"column":77}},"5":{"start":{"line":5,"column":0},"end":{"line":5,"column":24}},"6":{"start":{"line":19,"column":14},"end":{"line":34,"column":null}}},"fnMap":{"0":{"name":"Tetris","decl":{"start":{"line":5,"column":24},"end":{"line":5,"column":30}},"loc":{"start":{"line":5,"column":30},"end":{"line":17,"column":1}}},"1":{"name":"(anonymous_2)","decl":{"start":{"line":8,"column":17},"end":{"line":8,"column":18}},"loc":{"start":{"line":9,"column":8},"end":{"line":9,"column":77}}}},"branchMap":{},"s":{"0":2,"1":2,"2":2,"3":3,"4":42,"5":2,"6":2},"f":{"0":3,"1":42},"b":{}}
,"/home/pedro/projects/celo/celo-monorepo/packages/web/src/about/Values.tsx": {"path":"/home/pedro/projects/celo/celo-monorepo/packages/web/src/about/Values.tsx","statementMap":{"0":{"start":{"line":1,"column":0},"end":{"line":1,"column":30}},"1":{"start":{"line":2,"column":0},"end":{"line":2,"column":53}},"2":{"start":{"line":3,"column":0},"end":{"line":3,"column":37}},"3":{"start":{"line":4,"column":0},"end":{"line":4,"column":57}},"4":{"start":{"line":5,"column":0},"end":{"line":5,"column":36}},"5":{"start":{"line":6,"column":0},"end":{"line":6,"column":52}},"6":{"start":{"line":7,"column":0},"end":{"line":7,"column":57}},"7":{"start":{"line":8,"column":0},"end":{"line":8,"column":80}},"8":{"start":{"line":9,"column":0},"end":{"line":9,"column":50}},"9":{"start":{"line":12,"column":19},"end":{"line":12,"column":48}},"10":{"start":{"line":13,"column":2},"end":{"line":48,"column":null}},"11":{"start":{"line":51,"column":15},"end":{"line":57,"column":2}},"12":{"start":{"line":59,"column":0},"end":{"line":59,"column":null}}},"fnMap":{"0":{"name":"Values","decl":{"start":{"line":11,"column":9},"end":{"line":11,"column":15}},"loc":{"start":{"line":11,"column":54},"end":{"line":49,"column":1}}}},"branchMap":{"0":{"loc":{"start":{"line":20,"column":25},"end":{"line":20,"column":44}},"type":"cond-expr","locations":[{"start":{"line":20,"column":25},"end":{"line":20,"column":44}},{"start":{"line":20,"column":47},"end":{"line":20,"column":67}}]},"1":{"loc":{"start":{"line":38,"column":25},"end":{"line":38,"column":44}},"type":"cond-expr","locations":[{"start":{"line":38,"column":25},"end":{"line":38,"column":44}},{"start":{"line":38,"column":47},"end":{"line":38,"column":67}}]}},"s":{"0":2,"1":2,"2":2,"3":2,"4":2,"5":2,"6":2,"7":2,"8":2,"9":3,"10":3,"11":2,"12":2},"f":{"0":3},"b":{"0":[0,3],"1":[0,3]}}
,"/home/pedro/projects/celo/celo-monorepo/packages/web/src/about/VideoCover.tsx": {"path":"/home/pedro/projects/celo/celo-monorepo/packages/web/src/about/VideoCover.tsx","statementMap":{"0":{"start":{"line":1,"column":0},"end":{"line":1,"column":30}},"1":{"start":{"line":2,"column":0},"end":{"line":2,"column":80}},"2":{"start":{"line":3,"column":0},"end":{"line":3,"column":40}},"3":{"start":{"line":4,"column":0},"end":{"line":4,"column":64}},"4":{"start":{"line":5,"column":0},"end":{"line":5,"column":80}},"5":{"start":{"line":6,"column":0},"end":{"line":6,"column":44}},"6":{"start":{"line":7,"column":0},"end":{"line":7,"column":51}},"7":{"start":{"line":8,"column":0},"end":{"line":8,"column":46}},"8":{"start":{"line":9,"column":0},"end":{"line":9,"column":55}},"9":{"start":{"line":10,"column":0},"end":{"line":10,"column":51}},"10":{"start":{"line":27,"column":2},"end":{"line":27,"column":null}},"11":{"start":{"line":31,"column":2},"end":{"line":34,"column":null}},"12":{"start":{"line":36,"column":2},"end":{"line":38,"column":null}},"13":{"start":{"line":37,"column":4},"end":{"line":37,"column":null}},"14":{"start":{"line":39,"column":2},"end":{"line":41,"column":null}},"15":{"start":{"line":40,"column":4},"end":{"line":40,"column":null}},"16":{"start":{"line":43,"column":2},"end":{"line":47,"column":null}},"17":{"start":{"line":44,"column":4},"end":{"line":46,"column":null}},"18":{"start":{"line":45,"column":6},"end":{"line":45,"column":null}},"19":{"start":{"line":50,"column":26},"end":{"line":50,"column":36}},"20":{"start":{"line":51,"column":4},"end":{"line":119,"column":null}},"21":{"start":{"line":77,"column":14},"end":{"line":113,"column":null}},"22":{"start":{"line":123,"column":0},"end":{"line":123,"column":null}},"23":{"start":{"line":125,"column":15},"end":{"line":165,"column":2}}},"fnMap":{"0":{"name":"Video","decl":{"start":{"line":26,"column":9},"end":{"line":26,"column":14}},"loc":{"start":{"line":26,"column":32},"end":{"line":28,"column":1}}},"1":{"name":"(anonymous_3)","decl":{"start":{"line":30,"column":0},"end":{"line":30,"column":6}},"loc":{"start":{"line":30,"column":0},"end":{"line":121,"column":1}}},"2":{"name":"(anonymous_4)","decl":{"start":{"line":36,"column":17},"end":{"line":36,"column":20}},"loc":{"start":{"line":36,"column":22},"end":{"line":38,"column":3}}},"3":{"name":"(anonymous_5)","decl":{"start":{"line":39,"column":15},"end":{"line":39,"column":18}},"loc":{"start":{"line":39,"column":20},"end":{"line":41,"column":3}}},"4":{"name":"(anonymous_6)","decl":{"start":{"line":43,"column":22},"end":{"line":43,"column":27}},"loc":{"start":{"line":43,"column":33},"end":{"line":47,"column":3}}},"5":{"name":"(anonymous_7)","decl":{"start":{"line":49,"column":2},"end":{"line":49,"column":8}},"loc":{"start":{"line":49,"column":8},"end":{"line":120,"column":3}}},"6":{"name":"(anonymous_8)","decl":{"start":{"line":76,"column":13},"end":{"line":76,"column":14}},"loc":{"start":{"line":77,"column":14},"end":{"line":113,"column":null}}}},"branchMap":{"0":{"loc":{"start":{"line":44,"column":4},"end":{"line":46,"column":null}},"type":"if","locations":[{"start":{"line":44,"column":4},"end":{"line":46,"column":null}},{"start":{"line":44,"column":4},"end":{"line":46,"column":null}}]},"1":{"loc":{"start":{"line":55,"column":34},"end":{"line":55,"column":55}},"type":"binary-expr","locations":[{"start":{"line":55,"column":34},"end":{"line":55,"column":55}},{"start":{"line":55,"column":59},"end":{"line":55,"column":76}}]},"2":{"loc":{"start":{"line":61,"column":13},"end":{"line":61,"column":37}},"type":"binary-expr","locations":[{"start":{"line":61,"column":13},"end":{"line":61,"column":37}},{"start":{"line":62,"column":14},"end":{"line":64,"column":null}}]},"3":{"loc":{"start":{"line":86,"column":20},"end":{"line":86,"column":41}},"type":"binary-expr","locations":[{"start":{"line":86,"column":20},"end":{"line":86,"column":41}},{"start":{"line":86,"column":45},"end":{"line":86,"column":57}}]},"4":{"loc":{"start":{"line":98,"column":24},"end":{"line":98,"column":51}},"type":"cond-expr","locations":[{"start":{"line":98,"column":24},"end":{"line":98,"column":51}},{"start":{"line":99,"column":24},"end":{"line":99,"column":45}}]}},"s":{"0":2,"1":2,"2":2,"3":2,"4":2,"5":2,"6":2,"7":2,"8":2,"9":2,"10":3,"11":3,"12":3,"13":0,"14":3,"15":0,"16":3,"17":3,"18":0,"19":3,"20":3,"21":6,"22":2,"23":2},"f":{"0":3,"1":3,"2":0,"3":0,"4":3,"5":3,"6":6},"b":{"0":[0,3],"1":[3,0],"2":[3,0],"3":[6,0],"4":[0,6]}}
,"/home/pedro/projects/celo/celo-monorepo/packages/web/src/about/backers/backers.ts": {"path":"/home/pedro/projects/celo/celo-monorepo/packages/web/src/about/backers/backers.ts","statementMap":{"0":{"start":{"line":6,"column":25},"end":{"line":116,"column":null}},"1":{"start":{"line":118,"column":0},"end":{"line":118,"column":null}}},"fnMap":{},"branchMap":{},"s":{"0":2,"1":2},"f":{},"b":{}}
,"/home/pedro/projects/celo/celo-monorepo/packages/web/src/about/images/index.ts": {"path":"/home/pedro/projects/celo/celo-monorepo/packages/web/src/about/images/index.ts","statementMap":{"0":{"start":{"line":1,"column":0},"end":{"line":1,"column":7}},"1":{"start":{"line":7,"column":9},"end":{"line":1,"column":63}},"2":{"start":{"line":2,"column":0},"end":{"line":2,"column":7}},"3":{"start":{"line":7,"column":54},"end":{"line":2,"column":41}},"4":{"start":{"line":4,"column":0},"end":{"line":4,"column":7}},"5":{"start":{"line":7,"column":32},"end":{"line":4,"column":49}},"6":{"start":{"line":5,"column":0},"end":{"line":5,"column":7}},"7":{"start":{"line":7,"column":48},"end":{"line":5,"column":29}}},"fnMap":{},"branchMap":{},"s":{"0":2,"1":2,"2":2,"3":2,"4":2,"5":2,"6":2,"7":2},"f":{},"b":{}}
,"/home/pedro/projects/celo/celo-monorepo/packages/web/src/alliance/Affirmations.tsx": {"path":"/home/pedro/projects/celo/celo-monorepo/packages/web/src/alliance/Affirmations.tsx","statementMap":{"0":{"start":{"line":1,"column":0},"end":{"line":1,"column":30}},"1":{"start":{"line":2,"column":0},"end":{"line":2,"column":92}},"2":{"start":{"line":3,"column":0},"end":{"line":3,"column":null}},"3":{"start":{"line":14,"column":0},"end":{"line":14,"column":44}},"4":{"start":{"line":15,"column":0},"end":{"line":15,"column":60}},"5":{"start":{"line":16,"column":0},"end":{"line":16,"column":57}},"6":{"start":{"line":17,"column":0},"end":{"line":17,"column":53}},"7":{"start":{"line":18,"column":0},"end":{"line":18,"column":48}},"8":{"start":{"line":19,"column":0},"end":{"line":19,"column":60}},"9":{"start":{"line":20,"column":0},"end":{"line":20,"column":44}},"10":{"start":{"line":21,"column":0},"end":{"line":21,"column":55}},"11":{"start":{"line":22,"column":0},"end":{"line":22,"column":36}},"12":{"start":{"line":23,"column":0},"end":{"line":23,"column":62}},"13":{"start":{"line":26,"column":16},"end":{"line":26,"column":51}},"14":{"start":{"line":27,"column":23},"end":{"line":27,"column":38}},"15":{"start":{"line":29,"column":19},"end":{"line":29,"column":51}},"16":{"start":{"line":31,"column":2},"end":{"line":90,"column":null}},"17":{"start":{"line":25,"column":0},"end":{"line":25,"column":24}},"18":{"start":{"line":117,"column":23},"end":{"line":117,"column":38}},"19":{"start":{"line":118,"column":2},"end":{"line":161,"column":null}},"20":{"start":{"line":165,"column":2},"end":{"line":169,"column":null}},"21":{"start":{"line":172,"column":21},"end":{"line":176,"column":2}},"22":{"start":{"line":178,"column":15},"end":{"line":188,"column":2}}},"fnMap":{"0":{"name":"Affirmations","decl":{"start":{"line":25,"column":24},"end":{"line":25,"column":36}},"loc":{"start":{"line":25,"column":36},"end":{"line":91,"column":1}}},"1":{"name":"Exemplar","decl":{"start":{"line":107,"column":9},"end":{"line":107,"column":17}},"loc":{"start":{"line":116,"column":8},"end":{"line":162,"column":1}}},"2":{"name":"TransItalic","decl":{"start":{"line":164,"column":9},"end":{"line":164,"column":20}},"loc":{"start":{"line":164,"column":53},"end":{"line":170,"column":1}}}},"branchMap":{"0":{"loc":{"start":{"line":29,"column":30},"end":{"line":29,"column":42}},"type":"cond-expr","locations":[{"start":{"line":29,"column":30},"end":{"line":29,"column":42}},{"start":{"line":29,"column":45},"end":{"line":29,"column":51}}]},"1":{"loc":{"start":{"line":35,"column":12},"end":{"line":35,"column":52}},"type":"cond-expr","locations":[{"start":{"line":35,"column":12},"end":{"line":35,"column":52}},{"start":{"line":36,"column":12},"end":{"line":36,"column":52}}]},"2":{"loc":{"start":{"line":44,"column":39},"end":{"line":44,"column":47}},"type":"binary-expr","locations":[{"start":{"line":44,"column":39},"end":{"line":44,"column":47}},{"start":{"line":44,"column":51},"end":{"line":44,"column":74}}]},"3":{"loc":{"start":{"line":45,"column":21},"end":{"line":45,"column":29}},"type":"binary-expr","locations":[{"start":{"line":45,"column":21},"end":{"line":45,"column":29}},{"start":{"line":45,"column":33},"end":{"line":45,"column":73}}]},"4":{"loc":{"start":{"line":48,"column":50},"end":{"line":48,"column":58}},"type":"binary-expr","locations":[{"start":{"line":48,"column":50},"end":{"line":48,"column":58}},{"start":{"line":48,"column":62},"end":{"line":48,"column":79}}]},"5":{"loc":{"start":{"line":60,"column":22},"end":{"line":60,"column":31}},"type":"binary-expr","locations":[{"start":{"line":60,"column":22},"end":{"line":60,"column":31}},{"start":{"line":60,"column":35},"end":{"line":60,"column":52}}]},"6":{"loc":{"start":{"line":74,"column":22},"end":{"line":74,"column":31}},"type":"binary-expr","locations":[{"start":{"line":74,"column":22},"end":{"line":74,"column":31}},{"start":{"line":74,"column":35},"end":{"line":74,"column":51}}]},"7":{"loc":{"start":{"line":87,"column":22},"end":{"line":87,"column":31}},"type":"binary-expr","locations":[{"start":{"line":87,"column":22},"end":{"line":87,"column":31}},{"start":{"line":87,"column":35},"end":{"line":87,"column":50}}]},"8":{"loc":{"start":{"line":125,"column":18},"end":{"line":125,"column":56}},"type":"cond-expr","locations":[{"start":{"line":125,"column":18},"end":{"line":125,"column":56}},{"start":{"line":126,"column":18},"end":{"line":126,"column":54}}]},"9":{"loc":{"start":{"line":131,"column":34},"end":{"line":131,"column":60}},"type":"cond-expr","locations":[{"start":{"line":131,"column":34},"end":{"line":131,"column":60}},{"start":{"line":131,"column":63},"end":{"line":131,"column":93}}]},"10":{"loc":{"start":{"line":134,"column":11},"end":{"line":134,"column":19}},"type":"binary-expr","locations":[{"start":{"line":134,"column":11},"end":{"line":134,"column":19}},{"start":{"line":135,"column":12},"end":{"line":136,"column":null}}]},"11":{"loc":{"start":{"line":140,"column":11},"end":{"line":140,"column":17}},"type":"binary-expr","locations":[{"start":{"line":140,"column":11},"end":{"line":140,"column":17}},{"start":{"line":141,"column":12},"end":{"line":148,"column":null}}]},"12":{"loc":{"start":{"line":143,"column":27},"end":{"line":143,"column":60}},"type":"cond-expr","locations":[{"start":{"line":143,"column":27},"end":{"line":143,"column":60}},{"start":{"line":143,"column":63},"end":{"line":143,"column":98}}]},"13":{"loc":{"start":{"line":153,"column":7},"end":{"line":153,"column":16}},"type":"binary-expr","locations":[{"start":{"line":153,"column":7},"end":{"line":153,"column":16}},{"start":{"line":154,"column":8},"end":{"line":157,"column":null}}]},"14":{"loc":{"start":{"line":155,"column":23},"end":{"line":155,"column":32}},"type":"binary-expr","locations":[{"start":{"line":155,"column":23},"end":{"line":155,"column":32}},{"start":{"line":155,"column":36},"end":{"line":155,"column":57}}]}},"s":{"0":1,"1":1,"2":1,"3":1,"4":1,"5":1,"6":1,"7":1,"8":1,"9":1,"10":1,"11":1,"12":1,"13":1,"14":1,"15":1,"16":1,"17":1,"18":3,"19":3,"20":3,"21":1,"22":1},"f":{"0":1,"1":3,"2":3},"b":{"0":[0,1],"1":[0,1],"2":[1,0],"3":[1,0],"4":[1,0],"5":[1,1],"6":[1,1],"7":[1,1],"8":[0,3],"9":[0,3],"10":[3,0],"11":[3,2],"12":[0,2],"13":[3,3],"14":[3,3]}}
,"/home/pedro/projects/celo/celo-monorepo/packages/web/src/alliance/AllianceLogo.tsx": {"path":"/home/pedro/projects/celo/celo-monorepo/packages/web/src/alliance/AllianceLogo.tsx","statementMap":{"0":{"start":{"line":1,"column":0},"end":{"line":1,"column":30}},"1":{"start":{"line":2,"column":0},"end":{"line":2,"column":32}},"2":{"start":{"line":3,"column":0},"end":{"line":27,"column":null}},"3":{"start":{"line":4,"column":2},"end":{"line":26,"column":null}}},"fnMap":{"0":{"name":"AllianceLogo","decl":{"start":{"line":3,"column":35},"end":{"line":3,"column":47}},"loc":{"start":{"line":3,"column":47},"end":{"line":27,"column":1}}}},"branchMap":{},"s":{"0":1,"1":1,"2":1,"3":2},"f":{"0":2},"b":{}}
,"/home/pedro/projects/celo/celo-monorepo/packages/web/src/alliance/Benefits.tsx": {"path":"/home/pedro/projects/celo/celo-monorepo/packages/web/src/alliance/Benefits.tsx","statementMap":{"0":{"start":{"line":1,"column":0},"end":{"line":1,"column":30}},"1":{"start":{"line":2,"column":0},"end":{"line":2,"column":81}},"2":{"start":{"line":3,"column":0},"end":{"line":3,"column":36}},"3":{"start":{"line":4,"column":0},"end":{"line":4,"column":53}},"4":{"start":{"line":5,"column":0},"end":{"line":5,"column":null}},"5":{"start":{"line":12,"column":0},"end":{"line":12,"column":57}},"6":{"start":{"line":13,"column":0},"end":{"line":13,"column":53}},"7":{"start":{"line":14,"column":0},"end":{"line":14,"column":62}},"8":{"start":{"line":16,"column":18},"end":{"line":22,"column":null}},"9":{"start":{"line":24,"column":0},"end":{"line":54,"column":null}},"10":{"start":{"line":25,"column":16},"end":{"line":25,"column":51}},"11":{"start":{"line":26,"column":23},"end":{"line":26,"column":38}},"12":{"start":{"line":27,"column":2},"end":{"line":53,"column":null}},"13":{"start":{"line":48,"column":12},"end":{"line":48,"column":87}},"14":{"start":{"line":61,"column":17},"end":{"line":68,"column":2}},"15":{"start":{"line":62,"column":2},"end":{"line":67,"column":null}},"16":{"start":{"line":70,"column":15},"end":{"line":84,"column":2}}},"fnMap":{"0":{"name":"Benefits","decl":{"start":{"line":24,"column":35},"end":{"line":24,"column":43}},"loc":{"start":{"line":24,"column":43},"end":{"line":54,"column":1}}},"1":{"name":"(anonymous_2)","decl":{"start":{"line":47,"column":25},"end":{"line":47,"column":26}},"loc":{"start":{"line":48,"column":12},"end":{"line":48,"column":87}}},"2":{"name":"_Offering","decl":{"start":{"line":61,"column":37},"end":{"line":61,"column":46}},"loc":{"start":{"line":61,"column":76},"end":{"line":68,"column":1}}}},"branchMap":{"0":{"loc":{"start":{"line":34,"column":38},"end":{"line":34,"column":46}},"type":"binary-expr","locations":[{"start":{"line":34,"column":38},"end":{"line":34,"column":46}},{"start":{"line":34,"column":50},"end":{"line":34,"column":67}}]},"1":{"loc":{"start":{"line":37,"column":52},"end":{"line":37,"column":60}},"type":"binary-expr","locations":[{"start":{"line":37,"column":52},"end":{"line":37,"column":60}},{"start":{"line":37,"column":64},"end":{"line":37,"column":81}}]}},"s":{"0":1,"1":1,"2":1,"3":1,"4":1,"5":1,"6":1,"7":1,"8":1,"9":1,"10":1,"11":1,"12":1,"13":5,"14":1,"15":5,"16":1},"f":{"0":1,"1":5,"2":5},"b":{"0":[1,0],"1":[1,0]}}
,"/home/pedro/projects/celo/celo-monorepo/packages/web/src/alliance/CategoryEnum.ts": {"path":"/home/pedro/projects/celo/celo-monorepo/packages/web/src/alliance/CategoryEnum.ts","statementMap":{"0":{"start":{"line":1,"column":0},"end":{"line":1,"column":null}},"1":{"start":{"line":2,"column":2},"end":{"line":2,"column":null}},"2":{"start":{"line":3,"column":2},"end":{"line":3,"column":null}},"3":{"start":{"line":4,"column":2},"end":{"line":4,"column":null}},"4":{"start":{"line":5,"column":2},"end":{"line":5,"column":null}},"5":{"start":{"line":6,"column":2},"end":{"line":6,"column":null}},"6":{"start":{"line":7,"column":2},"end":{"line":7,"column":null}},"7":{"start":{"line":8,"column":2},"end":{"line":8,"column":null}},"8":{"start":{"line":9,"column":2},"end":{"line":9,"column":null}},"9":{"start":{"line":10,"column":2},"end":{"line":10,"column":null}},"10":{"start":{"line":11,"column":2},"end":{"line":11,"column":null}},"11":{"start":{"line":12,"column":2},"end":{"line":12,"column":null}},"12":{"start":{"line":13,"column":2},"end":{"line":13,"column":null}}},"fnMap":{"0":{"name":"(anonymous_0)","decl":{"start":{"line":1,"column":0},"end":{"line":1,"column":12}},"loc":{"start":{"line":1,"column":20},"end":{"line":14,"column":1}}}},"branchMap":{"0":{"loc":{"start":{"line":1,"column":12},"end":{"line":1,"column":20}},"type":"binary-expr","locations":[{"start":{"line":1,"column":12},"end":{"line":1,"column":20}},{"start":{"line":1,"column":12},"end":{"line":1,"column":null}}]}},"s":{"0":2,"1":2,"2":2,"3":2,"4":2,"5":2,"6":2,"7":2,"8":2,"9":2,"10":2,"11":2,"12":2},"f":{"0":2},"b":{"0":[2,2]}}
,"/home/pedro/projects/celo/celo-monorepo/packages/web/src/alliance/CollectiveMission.tsx": {"path":"/home/pedro/projects/celo/celo-monorepo/packages/web/src/alliance/CollectiveMission.tsx","statementMap":{"0":{"start":{"line":1,"column":0},"end":{"line":1,"column":30}},"1":{"start":{"line":2,"column":0},"end":{"line":2,"column":35}},"2":{"start":{"line":3,"column":0},"end":{"line":3,"column":52}},"3":{"start":{"line":4,"column":0},"end":{"line":4,"column":40}},"4":{"start":{"line":5,"column":0},"end":{"line":5,"column":53}},"5":{"start":{"line":6,"column":0},"end":{"line":6,"column":55}},"6":{"start":{"line":9,"column":16},"end":{"line":9,"column":51}},"7":{"start":{"line":10,"column":2},"end":{"line":18,"column":null}},"8":{"start":{"line":8,"column":0},"end":{"line":8,"column":24}}},"fnMap":{"0":{"name":"CollectiveMission","decl":{"start":{"line":8,"column":24},"end":{"line":8,"column":41}},"loc":{"start":{"line":8,"column":41},"end":{"line":19,"column":1}}}},"branchMap":{},"s":{"0":1,"1":1,"2":1,"3":1,"4":1,"5":1,"6":2,"7":2,"8":1},"f":{"0":2},"b":{}}
,"/home/pedro/projects/celo/celo-monorepo/packages/web/src/alliance/Main.tsx": {"path":"/home/pedro/projects/celo/celo-monorepo/packages/web/src/alliance/Main.tsx","statementMap":{"0":{"start":{"line":1,"column":0},"end":{"line":1,"column":30}},"1":{"start":{"line":2,"column":0},"end":{"line":2,"column":53}},"2":{"start":{"line":3,"column":0},"end":{"line":3,"column":36}},"3":{"start":{"line":4,"column":0},"end":{"line":4,"column":52}},"4":{"start":{"line":5,"column":0},"end":{"line":5,"column":44}},"5":{"start":{"line":6,"column":0},"end":{"line":6,"column":62}},"6":{"start":{"line":7,"column":0},"end":{"line":7,"column":71}},"7":{"start":{"line":8,"column":0},"end":{"line":8,"column":42}},"8":{"start":{"line":9,"column":0},"end":{"line":9,"column":44}},"9":{"start":{"line":10,"column":0},"end":{"line":10,"column":59}},"10":{"start":{"line":11,"column":0},"end":{"line":11,"column":48}},"11":{"start":{"line":12,"column":0},"end":{"line":12,"column":59}},"12":{"start":{"line":13,"column":0},"end":{"line":13,"column":36}},"13":{"start":{"line":14,"column":0},"end":{"line":14,"column":44}},"14":{"start":{"line":15,"column":0},"end":{"line":15,"column":53}},"15":{"start":{"line":16,"column":0},"end":{"line":16,"column":57}},"16":{"start":{"line":17,"column":0},"end":{"line":17,"column":53}},"17":{"start":{"line":18,"column":0},"end":{"line":18,"column":54}},"18":{"start":{"line":19,"column":0},"end":{"line":19,"column":45}},"19":{"start":{"line":20,"column":0},"end":{"line":20,"column":63}},"20":{"start":{"line":23,"column":16},"end":{"line":23,"column":51}},"21":{"start":{"line":24,"column":34},"end":{"line":24,"column":49}},"22":{"start":{"line":25,"column":2},"end":{"line":91,"column":null}},"23":{"start":{"line":22,"column":0},"end":{"line":22,"column":24}},"24":{"start":{"line":94,"column":18},"end":{"line":135,"column":null}},"25":{"start":{"line":137,"column":19},"end":{"line":137,"column":45}},"26":{"start":{"line":139,"column":15},"end":{"line":170,"column":2}}},"fnMap":{"0":{"name":"Main","decl":{"start":{"line":22,"column":24},"end":{"line":22,"column":28}},"loc":{"start":{"line":22,"column":28},"end":{"line":92,"column":1}}}},"branchMap":{"0":{"loc":{"start":{"line":37,"column":24},"end":{"line":37,"column":45}},"type":"cond-expr","locations":[{"start":{"line":37,"column":24},"end":{"line":37,"column":45}},{"start":{"line":37,"column":48},"end":{"line":37,"column":75}}]},"1":{"loc":{"start":{"line":47,"column":18},"end":{"line":47,"column":26}},"type":"binary-expr","locations":[{"start":{"line":47,"column":18},"end":{"line":47,"column":26}},{"start":{"line":47,"column":30},"end":{"line":47,"column":56}}]}},"s":{"0":1,"1":1,"2":1,"3":1,"4":1,"5":1,"6":1,"7":1,"8":1,"9":1,"10":1,"11":1,"12":1,"13":1,"14":1,"15":1,"16":1,"17":1,"18":1,"19":1,"20":1,"21":1,"22":1,"23":1,"24":1,"25":1,"26":1},"f":{"0":1},"b":{"0":[0,1],"1":[1,0]}}
,"/home/pedro/projects/celo/celo-monorepo/packages/web/src/alliance/Members.tsx": {"path":"/home/pedro/projects/celo/celo-monorepo/packages/web/src/alliance/Members.tsx","statementMap":{"0":{"start":{"line":2,"column":0},"end":{"line":2,"column":30}},"1":{"start":{"line":3,"column":0},"end":{"line":3,"column":44}},"2":{"start":{"line":4,"column":0},"end":{"line":4,"column":60}},"3":{"start":{"line":6,"column":0},"end":{"line":6,"column":68}},"4":{"start":{"line":7,"column":0},"end":{"line":7,"column":52}},"5":{"start":{"line":8,"column":0},"end":{"line":8,"column":40}},"6":{"start":{"line":9,"column":0},"end":{"line":9,"column":60}},"7":{"start":{"line":10,"column":0},"end":{"line":10,"column":57}},"8":{"start":{"line":11,"column":0},"end":{"line":11,"column":53}},"9":{"start":{"line":13,"column":0},"end":{"line":13,"column":52}},"10":{"start":{"line":14,"column":0},"end":{"line":14,"column":62}},"11":{"start":{"line":15,"column":0},"end":{"line":15,"column":70}},"12":{"start":{"line":18,"column":2},"end":{"line":24,"column":null}},"13":{"start":{"line":19,"column":4},"end":{"line":23,"column":null}},"14":{"start":{"line":28,"column":2},"end":{"line":33,"column":null}},"15":{"start":{"line":29,"column":4},"end":{"line":32,"column":null}},"16":{"start":{"line":36,"column":12},"end":{"line":36,"column":17}},"17":{"start":{"line":39,"column":16},"end":{"line":39,"column":51}},"18":{"start":{"line":40,"column":40},"end":{"line":40,"column":70}},"19":{"start":{"line":41,"column":38},"end":{"line":41,"column":57}},"20":{"start":{"line":43,"column":33},"end":{"line":43,"column":48}},"21":{"start":{"line":45,"column":2},"end":{"line":55,"column":null}},"22":{"start":{"line":46,"column":19},"end":{"line":46,"column":37}},"23":{"start":{"line":50,"column":4},"end":{"line":50,"column":null}},"24":{"start":{"line":52,"column":4},"end":{"line":54,"column":null}},"25":{"start":{"line":53,"column":6},"end":{"line":53,"column":null}},"26":{"start":{"line":57,"column":18},"end":{"line":57,"column":61}},"27":{"start":{"line":57,"column":42},"end":{"line":57,"column":56}},"28":{"start":{"line":59,"column":30},"end":{"line":64,"column":null}},"29":{"start":{"line":61,"column":6},"end":{"line":63,"column":72}},"30":{"start":{"line":63,"column":48},"end":{"line":63,"column":71}},"31":{"start":{"line":67,"column":2},"end":{"line":114,"column":null}},"32":{"start":{"line":96,"column":44},"end":{"line":96,"column":81}},"33":{"start":{"line":109,"column":12},"end":{"line":109,"column":92}},"34":{"start":{"line":38,"column":0},"end":{"line":38,"column":24}},"35":{"start":{"line":122,"column":17},"end":{"line":143,"column":2}},"36":{"start":{"line":123,"column":14},"end":{"line":123,"column":32}},"37":{"start":{"line":124,"column":16},"end":{"line":124,"column":51}},"38":{"start":{"line":125,"column":34},"end":{"line":125,"column":49}},"39":{"start":{"line":126,"column":2},"end":{"line":142,"column":null}},"40":{"start":{"line":138,"column":10},"end":{"line":138,"column":77}},"41":{"start":{"line":145,"column":15},"end":{"line":169,"column":2}},"42":{"start":{"line":146,"column":18},"end":{"line":146,"column":42}},"43":{"start":{"line":147,"column":15},"end":{"line":147,"column":47}},"44":{"start":{"line":148,"column":2},"end":{"line":168,"column":null}},"45":{"start":{"line":151,"column":8},"end":{"line":162,"column":null}},"46":{"start":{"line":172,"column":2},"end":{"line":180,"column":null}},"47":{"start":{"line":183,"column":19},"end":{"line":183,"column":21}},"48":{"start":{"line":184,"column":21},"end":{"line":184,"column":24}},"49":{"start":{"line":186,"column":15},"end":{"line":231,"column":2}}},"fnMap":{"0":{"name":"buildDropDownProps","decl":{"start":{"line":17,"column":9},"end":{"line":17,"column":27}},"loc":{"start":{"line":17,"column":63},"end":{"line":25,"column":1}}},"1":{"name":"(anonymous_3)","decl":{"start":{"line":18,"column":39},"end":{"line":18,"column":40}},"loc":{"start":{"line":18,"column":47},"end":{"line":24,"column":3}}},"2":{"name":"initialState","decl":{"start":{"line":27,"column":9},"end":{"line":27,"column":21}},"loc":{"start":{"line":27,"column":21},"end":{"line":34,"column":1}}},"3":{"name":"(anonymous_5)","decl":{"start":{"line":28,"column":39},"end":{"line":28,"column":40}},"loc":{"start":{"line":28,"column":61},"end":{"line":33,"column":3}}},"4":{"name":"Members","decl":{"start":{"line":38,"column":24},"end":{"line":38,"column":31}},"loc":{"start":{"line":38,"column":31},"end":{"line":115,"column":1}}},"5":{"name":"(anonymous_7)","decl":{"start":{"line":45,"column":18},"end":{"line":45,"column":21}},"loc":{"start":{"line":45,"column":23},"end":{"line":55,"column":3}}},"6":{"name":"(anonymous_8)","decl":{"start":{"line":52,"column":11},"end":{"line":52,"column":14}},"loc":{"start":{"line":52,"column":16},"end":{"line":54,"column":5}}},"7":{"name":"(anonymous_9)","decl":{"start":{"line":57,"column":36},"end":{"line":57,"column":39}},"loc":{"start":{"line":57,"column":42},"end":{"line":57,"column":56}}},"8":{"name":"(anonymous_10)","decl":{"start":{"line":60,"column":4},"end":{"line":60,"column":7}},"loc":{"start":{"line":61,"column":6},"end":{"line":63,"column":72}}},"9":{"name":"(anonymous_11)","decl":{"start":{"line":63,"column":34},"end":{"line":63,"column":35}},"loc":{"start":{"line":63,"column":48},"end":{"line":63,"column":71}}},"10":{"name":"(anonymous_12)","decl":{"start":{"line":96,"column":38},"end":{"line":96,"column":41}},"loc":{"start":{"line":96,"column":44},"end":{"line":96,"column":81}}},"11":{"name":"(anonymous_13)","decl":{"start":{"line":108,"column":35},"end":{"line":108,"column":36}},"loc":{"start":{"line":109,"column":12},"end":{"line":109,"column":92}}},"12":{"name":"_Category","decl":{"start":{"line":122,"column":37},"end":{"line":122,"column":46}},"loc":{"start":{"line":122,"column":79},"end":{"line":143,"column":1}}},"13":{"name":"(anonymous_15)","decl":{"start":{"line":137,"column":21},"end":{"line":137,"column":22}},"loc":{"start":{"line":138,"column":10},"end":{"line":138,"column":77}}},"14":{"name":"_Member","decl":{"start":{"line":145,"column":35},"end":{"line":145,"column":42}},"loc":{"start":{"line":145,"column":68},"end":{"line":169,"column":1}}},"15":{"name":"(anonymous_17)","decl":{"start":{"line":150,"column":7},"end":{"line":150,"column":8}},"loc":{"start":{"line":151,"column":8},"end":{"line":162,"column":null}}},"16":{"name":"FallBack","decl":{"start":{"line":171,"column":9},"end":{"line":171,"column":17}},"loc":{"start":{"line":171,"column":31},"end":{"line":181,"column":1}}}},"branchMap":{"0":{"loc":{"start":{"line":62,"column":10},"end":{"line":62,"column":26}},"type":"cond-expr","locations":[{"start":{"line":62,"column":10},"end":{"line":62,"column":26}},{"start":{"line":63,"column":10},"end":{"line":63,"column":72}}]},"1":{"loc":{"start":{"line":75,"column":42},"end":{"line":75,"column":51}},"type":"binary-expr","locations":[{"start":{"line":75,"column":42},"end":{"line":75,"column":51}},{"start":{"line":75,"column":55},"end":{"line":75,"column":72}}]},"2":{"loc":{"start":{"line":76,"column":62},"end":{"line":76,"column":70}},"type":"binary-expr","locations":[{"start":{"line":76,"column":62},"end":{"line":76,"column":70}},{"start":{"line":76,"column":74},"end":{"line":76,"column":91}}]},"3":{"loc":{"start":{"line":134,"column":21},"end":{"line":134,"column":51}},"type":"cond-expr","locations":[{"start":{"line":134,"column":21},"end":{"line":134,"column":51}},{"start":{"line":134,"column":54},"end":{"line":134,"column":98}}]},"4":{"loc":{"start":{"line":134,"column":54},"end":{"line":134,"column":63}},"type":"binary-expr","locations":[{"start":{"line":134,"column":54},"end":{"line":134,"column":63}},{"start":{"line":134,"column":67},"end":{"line":134,"column":98}}]},"5":{"loc":{"start":{"line":147,"column":21},"end":{"line":147,"column":40}},"type":"cond-expr","locations":[{"start":{"line":147,"column":21},"end":{"line":147,"column":40}},{"start":{"line":147,"column":43},"end":{"line":147,"column":47}}]},"6":{"loc":{"start":{"line":149,"column":4},"end":{"line":164,"column":null}},"type":"cond-expr","locations":[{"start":{"line":149,"column":4},"end":{"line":164,"column":null}},{"start":{"line":167,"column":4},"end":{"line":167,"column":39}}]},"7":{"loc":{"start":{"line":162,"column":11},"end":{"line":162,"column":15}},"type":"binary-expr","locations":[{"start":{"line":162,"column":11},"end":{"line":162,"column":15}},{"start":{"line":162,"column":19},"end":{"line":162,"column":42}}]}},"s":{"0":1,"1":1,"2":1,"3":1,"4":1,"5":1,"6":1,"7":1,"8":1,"9":1,"10":1,"11":1,"12":1,"13":12,"14":2,"15":24,"16":1,"17":2,"18":2,"19":2,"20":2,"21":2,"22":1,"23":1,"24":1,"25":0,"26":2,"27":0,"28":2,"29":2,"30":0,"31":2,"32":1,"33":24,"34":1,"35":1,"36":24,"37":24,"38":24,"39":24,"40":0,"41":1,"42":0,"43":0,"44":0,"45":0,"46":0,"47":1,"48":1,"49":1},"f":{"0":1,"1":12,"2":2,"3":24,"4":2,"5":1,"6":0,"7":0,"8":2,"9":0,"10":1,"11":24,"12":24,"13":0,"14":0,"15":0,"16":0},"b":{"0":[2,0],"1":[2,2],"2":[2,0],"3":[0,24],"4":[24,0],"5":[0,0],"6":[0,0],"7":[0,0]}}
,"/home/pedro/projects/celo/celo-monorepo/packages/web/src/alliance/PinWheel.tsx": {"path":"/home/pedro/projects/celo/celo-monorepo/packages/web/src/alliance/PinWheel.tsx","statementMap":{"0":{"start":{"line":1,"column":0},"end":{"line":1,"column":30}},"1":{"start":{"line":2,"column":0},"end":{"line":2,"column":62}},"2":{"start":{"line":3,"column":0},"end":{"line":3,"column":61}},"3":{"start":{"line":4,"column":0},"end":{"line":4,"column":80}},"4":{"start":{"line":5,"column":0},"end":{"line":5,"column":40}},"5":{"start":{"line":6,"column":0},"end":{"line":6,"column":66}},"6":{"start":{"line":7,"column":0},"end":{"line":7,"column":22}},"7":{"start":{"line":11,"column":17},"end":{"line":11,"column":21}},"8":{"start":{"line":13,"column":20},"end":{"line":13,"column":34}},"9":{"start":{"line":23,"column":18},"end":{"line":23,"column":43}},"10":{"start":{"line":24,"column":21},"end":{"line":24,"column":61}},"11":{"start":{"line":26,"column":4},"end":{"line":54,"column":null}},"12":{"start":{"line":32,"column":30},"end":{"line":34,"column":null}},"13":{"start":{"line":36,"column":16},"end":{"line":42,"column":null}},"14":{"start":{"line":58,"column":0},"end":{"line":58,"column":null}},"15":{"start":{"line":65,"column":4},"end":{"line":77,"column":null}},"16":{"start":{"line":68,"column":10},"end":{"line":74,"column":null}},"17":{"start":{"line":81,"column":18},"end":{"line":81,"column":20}},"18":{"start":{"line":82,"column":20},"end":{"line":82,"column":23}},"19":{"start":{"line":85,"column":2},"end":{"line":95,"column":null}},"20":{"start":{"line":99,"column":2},"end":{"line":102,"column":null}},"21":{"start":{"line":106,"column":18},"end":{"line":106,"column":36}},"22":{"start":{"line":107,"column":2},"end":{"line":115,"column":null}},"23":{"start":{"line":108,"column":4},"end":{"line":108,"column":null}},"24":{"start":{"line":109,"column":9},"end":{"line":115,"column":null}},"25":{"start":{"line":110,"column":4},"end":{"line":110,"column":null}},"26":{"start":{"line":111,"column":9},"end":{"line":115,"column":null}},"27":{"start":{"line":112,"column":4},"end":{"line":112,"column":null}},"28":{"start":{"line":114,"column":4},"end":{"line":114,"column":null}},"29":{"start":{"line":118,"column":27},"end":{"line":120,"column":null}},"30":{"start":{"line":122,"column":19},"end":{"line":142,"column":null}},"31":{"start":{"line":144,"column":15},"end":{"line":198,"column":2}},"32":{"start":{"line":201,"column":2},"end":{"line":201,"column":null}},"33":{"start":{"line":205,"column":2},"end":{"line":208,"column":null}}},"fnMap":{"0":{"name":"(anonymous_2)","decl":{"start":{"line":22,"column":2},"end":{"line":22,"column":8}},"loc":{"start":{"line":22,"column":8},"end":{"line":55,"column":3}}},"1":{"name":"(anonymous_3)","decl":{"start":{"line":31,"column":27},"end":{"line":31,"column":28}},"loc":{"start":{"line":31,"column":43},"end":{"line":43,"column":15}}},"2":{"name":"(anonymous_4)","decl":{"start":{"line":64,"column":2},"end":{"line":64,"column":8}},"loc":{"start":{"line":64,"column":8},"end":{"line":78,"column":3}}},"3":{"name":"(anonymous_5)","decl":{"start":{"line":67,"column":21},"end":{"line":67,"column":22}},"loc":{"start":{"line":67,"column":37},"end":{"line":75,"column":9}}},"4":{"name":"animated","decl":{"start":{"line":84,"column":9},"end":{"line":84,"column":17}},"loc":{"start":{"line":84,"column":31},"end":{"line":96,"column":1}}},"5":{"name":"still","decl":{"start":{"line":98,"column":9},"end":{"line":98,"column":14}},"loc":{"start":{"line":98,"column":28},"end":{"line":103,"column":1}}},"6":{"name":"quartColor","decl":{"start":{"line":105,"column":9},"end":{"line":105,"column":19}},"loc":{"start":{"line":105,"column":33},"end":{"line":116,"column":1}}},"7":{"name":"solidFadeInFrames","decl":{"start":{"line":200,"column":9},"end":{"line":200,"column":26}},"loc":{"start":{"line":200,"column":61},"end":{"line":202,"column":1}}},"8":{"name":"colorFrame","decl":{"start":{"line":204,"column":9},"end":{"line":204,"column":19}},"loc":{"start":{"line":204,"column":33},"end":{"line":209,"column":1}}}},"branchMap":{"0":{"loc":{"start":{"line":27,"column":30},"end":{"line":27,"column":61}},"type":"cond-expr","locations":[{"start":{"line":27,"column":30},"end":{"line":27,"column":61}},{"start":{"line":27,"column":64},"end":{"line":27,"column":85}}]},"1":{"loc":{"start":{"line":29,"column":11},"end":{"line":29,"column":29}},"type":"binary-expr","locations":[{"start":{"line":29,"column":11},"end":{"line":29,"column":29}},{"start":{"line":30,"column":12},"end":{"line":43,"column":null}}]},"2":{"loc":{"start":{"line":48,"column":9},"end":{"line":48,"column":28}},"type":"binary-expr","locations":[{"start":{"line":48,"column":9},"end":{"line":48,"column":28}},{"start":{"line":49,"column":10},"end":{"line":50,"column":null}}]},"3":{"loc":{"start":{"line":49,"column":34},"end":{"line":49,"column":57}},"type":"cond-expr","locations":[{"start":{"line":49,"column":34},"end":{"line":49,"column":57}},{"start":{"line":49,"column":60},"end":{"line":49,"column":81}}]},"4":{"loc":{"start":{"line":72,"column":60},"end":{"line":72,"column":75}},"type":"cond-expr","locations":[{"start":{"line":72,"column":60},"end":{"line":72,"column":75}},{"start":{"line":72,"column":78},"end":{"line":72,"column":90}}]},"5":{"loc":{"start":{"line":107,"column":2},"end":{"line":115,"column":null}},"type":"if","locations":[{"start":{"line":107,"column":2},"end":{"line":115,"column":null}},{"start":{"line":107,"column":2},"end":{"line":115,"column":null}}]},"6":{"loc":{"start":{"line":109,"column":9},"end":{"line":115,"column":null}},"type":"if","locations":[{"start":{"line":109,"column":9},"end":{"line":115,"column":null}},{"start":{"line":109,"column":9},"end":{"line":115,"column":null}}]},"7":{"loc":{"start":{"line":111,"column":9},"end":{"line":115,"column":null}},"type":"if","locations":[{"start":{"line":111,"column":9},"end":{"line":115,"column":null}},{"start":{"line":111,"column":9},"end":{"line":115,"column":null}}]}},"s":{"0":1,"1":1,"2":1,"3":1,"4":1,"5":1,"6":1,"7":1,"8":1,"9":2,"10":2,"11":2,"12":51,"13":51,"14":1,"15":2,"16":102,"17":1,"18":1,"19":51,"20":51,"21":102,"22":102,"23":26,"24":76,"25":26,"26":50,"27":26,"28":24,"29":1,"30":1,"31":1,"32":51,"33":161},"f":{"0":2,"1":51,"2":2,"3":102,"4":51,"5":51,"6":102,"7":51,"8":161},"b":{"0":[0,2],"1":[2,1],"2":[2,1],"3":[0,1],"4":[51,51],"5":[26,76],"6":[26,50],"7":[26,24]}}
,"/home/pedro/projects/celo/celo-monorepo/packages/web/src/alliance/RisingPinWheelForm.tsx": {"path":"/home/pedro/projects/celo/celo-monorepo/packages/web/src/alliance/RisingPinWheelForm.tsx","statementMap":{"0":{"start":{"line":1,"column":0},"end":{"line":1,"column":30}},"1":{"start":{"line":2,"column":0},"end":{"line":2,"column":51}},"2":{"start":{"line":3,"column":0},"end":{"line":3,"column":62}},"3":{"start":{"line":4,"column":0},"end":{"line":4,"column":44}},"4":{"start":{"line":5,"column":0},"end":{"line":5,"column":48}},"5":{"start":{"line":6,"column":0},"end":{"line":6,"column":57}},"6":{"start":{"line":7,"column":0},"end":{"line":7,"column":43}},"7":{"start":{"line":10,"column":2},"end":{"line":27,"column":null}},"8":{"start":{"line":9,"column":0},"end":{"line":9,"column":24}},"9":{"start":{"line":30,"column":15},"end":{"line":44,"column":2}}},"fnMap":{"0":{"name":"RisingPinWheelForm","decl":{"start":{"line":9,"column":24},"end":{"line":9,"column":42}},"loc":{"start":{"line":9,"column":42},"end":{"line":28,"column":1}}}},"branchMap":{},"s":{"0":1,"1":1,"2":1,"3":1,"4":1,"5":1,"6":1,"7":1,"8":1,"9":1},"f":{"0":1},"b":{}}
,"/home/pedro/projects/celo/celo-monorepo/packages/web/src/alliance/SignupForm.tsx": {"path":"/home/pedro/projects/celo/celo-monorepo/packages/web/src/alliance/SignupForm.tsx","statementMap":{"0":{"start":{"line":1,"column":0},"end":{"line":1,"column":30}},"1":{"start":{"line":2,"column":0},"end":{"line":2,"column":47}},"2":{"start":{"line":4,"column":0},"end":{"line":4,"column":63}},"3":{"start":{"line":5,"column":0},"end":{"line":5,"column":53}},"4":{"start":{"line":6,"column":0},"end":{"line":6,"column":70}},"5":{"start":{"line":7,"column":0},"end":{"line":7,"column":47}},"6":{"start":{"line":8,"column":0},"end":{"line":8,"column":53}},"7":{"start":{"line":9,"column":0},"end":{"line":9,"column":49}},"8":{"start":{"line":10,"column":0},"end":{"line":10,"column":53}},"9":{"start":{"line":11,"column":0},"end":{"line":11,"column":53}},"10":{"start":{"line":12,"column":0},"end":{"line":12,"column":53}},"11":{"start":{"line":13,"column":0},"end":{"line":13,"column":42}},"12":{"start":{"line":14,"column":0},"end":{"line":14,"column":43}},"13":{"start":{"line":16,"column":30},"end":{"line":21,"column":null}},"14":{"start":{"line":24,"column":2},"end":{"line":32,"column":null}},"15":{"start":{"line":25,"column":4},"end":{"line":31,"column":null}},"16":{"start":{"line":26,"column":6},"end":{"line":26,"column":null}},"17":{"start":{"line":27,"column":11},"end":{"line":31,"column":null}},"18":{"start":{"line":28,"column":6},"end":{"line":28,"column":null}},"19":{"start":{"line":30,"column":6},"end":{"line":30,"column":null}},"20":{"start":{"line":36,"column":16},"end":{"line":36,"column":51}},"21":{"start":{"line":37,"column":34},"end":{"line":37,"column":49}},"22":{"start":{"line":38,"column":2},"end":{"line":106,"column":null}},"23":{"start":{"line":41,"column":8},"end":{"line":102,"column":null}},"24":{"start":{"line":35,"column":0},"end":{"line":35,"column":24}},"25":{"start":{"line":109,"column":15},"end":{"line":129,"column":2}}},"fnMap":{"0":{"name":"validateWith","decl":{"start":{"line":23,"column":9},"end":{"line":23,"column":21}},"loc":{"start":{"line":23,"column":39},"end":{"line":33,"column":1}}},"1":{"name":"(anonymous_3)","decl":{"start":{"line":24,"column":36},"end":{"line":24,"column":37}},"loc":{"start":{"line":24,"column":44},"end":{"line":32,"column":3}}},"2":{"name":"SignupForm","decl":{"start":{"line":35,"column":24},"end":{"line":35,"column":34}},"loc":{"start":{"line":35,"column":34},"end":{"line":107,"column":1}}},"3":{"name":"(anonymous_5)","decl":{"start":{"line":40,"column":7},"end":{"line":40,"column":8}},"loc":{"start":{"line":41,"column":8},"end":{"line":102,"column":null}}}},"branchMap":{"0":{"loc":{"start":{"line":25,"column":4},"end":{"line":31,"column":null}},"type":"if","locations":[{"start":{"line":25,"column":4},"end":{"line":31,"column":null}},{"start":{"line":25,"column":4},"end":{"line":31,"column":null}}]},"1":{"loc":{"start":{"line":27,"column":11},"end":{"line":31,"column":null}},"type":"if","locations":[{"start":{"line":27,"column":11},"end":{"line":31,"column":null}},{"start":{"line":27,"column":11},"end":{"line":31,"column":null}}]},"2":{"loc":{"start":{"line":27,"column":15},"end":{"line":27,"column":34}},"type":"binary-expr","locations":[{"start":{"line":27,"column":15},"end":{"line":27,"column":34}},{"start":{"line":27,"column":38},"end":{"line":27,"column":60}}]},"3":{"loc":{"start":{"line":43,"column":25},"end":{"line":43,"column":34}},"type":"binary-expr","locations":[{"start":{"line":43,"column":25},"end":{"line":43,"column":34}},{"start":{"line":43,"column":38},"end":{"line":43,"column":56}}]},"4":{"loc":{"start":{"line":84,"column":69},"end":{"line":84,"column":77}},"type":"binary-expr","locations":[{"start":{"line":84,"column":69},"end":{"line":84,"column":77}},{"start":{"line":84,"column":81},"end":{"line":84,"column":95}}]},"5":{"loc":{"start":{"line":92,"column":31},"end":{"line":92,"column":45}},"type":"cond-expr","locations":[{"start":{"line":92,"column":31},"end":{"line":92,"column":45}},{"start":{"line":92,"column":48},"end":{"line":92,"column":56}}]}},"s":{"0":2,"1":2,"2":2,"3":2,"4":2,"5":2,"6":2,"7":2,"8":2,"9":2,"10":2,"11":2,"12":2,"13":2,"14":2,"15":8,"16":2,"17":6,"18":4,"19":2,"20":5,"21":5,"22":5,"23":10,"24":2,"25":2},"f":{"0":2,"1":8,"2":5,"3":10},"b":{"0":[2,6],"1":[4,2],"2":[6,4],"3":[10,0],"4":[10,0],"5":[0,10]}}
,"/home/pedro/projects/celo/celo-monorepo/packages/web/src/alliance/gatherAllies.tsx": {"path":"/home/pedro/projects/celo/celo-monorepo/packages/web/src/alliance/gatherAllies.tsx","statementMap":{"0":{"start":{"line":7,"column":19},"end":{"line":7,"column":46}},"1":{"start":{"line":8,"column":27},"end":{"line":8,"column":48}},"2":{"start":{"line":9,"column":2},"end":{"line":11,"column":null}},"3":{"start":{"line":10,"column":4},"end":{"line":10,"column":null}},"4":{"start":{"line":1,"column":0},"end":{"line":1,"column":15}}},"fnMap":{"0":{"name":"gatherAllies","decl":{"start":{"line":1,"column":30},"end":{"line":1,"column":42}},"loc":{"start":{"line":5,"column":3},"end":{"line":12,"column":1}}}},"branchMap":{"0":{"loc":{"start":{"line":9,"column":2},"end":{"line":11,"column":null}},"type":"if","locations":[{"start":{"line":9,"column":2},"end":{"line":11,"column":null}},{"start":{"line":9,"column":2},"end":{"line":11,"column":null}}]}},"s":{"0":0,"1":0,"2":0,"3":0,"4":0},"f":{"0":0},"b":{"0":[0,0]}}
,"/home/pedro/projects/celo/celo-monorepo/packages/web/src/alliance/images/index.ts": {"path":"/home/pedro/projects/celo/celo-monorepo/packages/web/src/alliance/images/index.ts","statementMap":{"0":{"start":{"line":1,"column":0},"end":{"line":1,"column":7}},"1":{"start":{"line":26,"column":2},"end":{"line":1,"column":66}},"2":{"start":{"line":2,"column":0},"end":{"line":2,"column":7}},"3":{"start":{"line":25,"column":2},"end":{"line":2,"column":60}},"4":{"start":{"line":3,"column":0},"end":{"line":3,"column":7}},"5":{"start":{"line":18,"column":2},"end":{"line":3,"column":62}},"6":{"start":{"line":4,"column":0},"end":{"line":4,"column":7}},"7":{"start":{"line":17,"column":2},"end":{"line":4,"column":64}},"8":{"start":{"line":5,"column":0},"end":{"line":5,"column":7}},"9":{"start":{"line":16,"column":2},"end":{"line":5,"column":49}},"10":{"start":{"line":6,"column":0},"end":{"line":6,"column":7}},"11":{"start":{"line":15,"column":2},"end":{"line":6,"column":51}},"12":{"start":{"line":7,"column":0},"end":{"line":7,"column":7}},"13":{"start":{"line":20,"column":2},"end":{"line":7,"column":74}},"14":{"start":{"line":8,"column":0},"end":{"line":8,"column":7}},"15":{"start":{"line":21,"column":2},"end":{"line":8,"column":76}},"16":{"start":{"line":9,"column":0},"end":{"line":9,"column":7}},"17":{"start":{"line":19,"column":2},"end":{"line":9,"column":61}},"18":{"start":{"line":10,"column":0},"end":{"line":10,"column":7}},"19":{"start":{"line":23,"column":2},"end":{"line":10,"column":58}},"20":{"start":{"line":11,"column":0},"end":{"line":11,"column":7}},"21":{"start":{"line":24,"column":2},"end":{"line":11,"column":60}},"22":{"start":{"line":12,"column":0},"end":{"line":12,"column":7}},"23":{"start":{"line":22,"column":2},"end":{"line":12,"column":45}}},"fnMap":{},"branchMap":{},"s":{"0":1,"1":1,"2":1,"3":1,"4":1,"5":1,"6":1,"7":1,"8":1,"9":1,"10":1,"11":1,"12":1,"13":1,"14":1,"15":1,"16":1,"17":1,"18":1,"19":1,"20":1,"21":1,"22":1,"23":1},"f":{},"b":{}}
,"/home/pedro/projects/celo/celo-monorepo/packages/web/src/analytics/analytics.ts": {"path":"/home/pedro/projects/celo/celo-monorepo/packages/web/src/analytics/analytics.ts","statementMap":{"0":{"start":{"line":1,"column":0},"end":{"line":1,"column":31}},"1":{"start":{"line":2,"column":0},"end":{"line":2,"column":35}},"2":{"start":{"line":3,"column":0},"end":{"line":3,"column":43}},"3":{"start":{"line":12,"column":13},"end":{"line":12,"column":null}},"4":{"start":{"line":13,"column":13},"end":{"line":13,"column":null}},"5":{"start":{"line":16,"column":2},"end":{"line":16,"column":null}},"6":{"start":{"line":15,"column":0},"end":{"line":15,"column":7}},"7":{"start":{"line":20,"column":2},"end":{"line":20,"column":null}},"8":{"start":{"line":19,"column":0},"end":{"line":19,"column":7}},"9":{"start":{"line":24,"column":2},"end":{"line":29,"column":null}},"10":{"start":{"line":25,"column":4},"end":{"line":28,"column":null}},"11":{"start":{"line":31,"column":2},"end":{"line":33,"column":null}},"12":{"start":{"line":32,"column":4},"end":{"line":32,"column":null}},"13":{"start":{"line":32,"column":21},"end":{"line":32,"column":44}},"14":{"start":{"line":32,"column":58},"end":{"line":32,"column":69}},"15":{"start":{"line":34,"column":2},"end":{"line":38,"column":null}},"16":{"start":{"line":35,"column":20},"end":{"line":35,"column":40}},"17":{"start":{"line":36,"column":36},"end":{"line":36,"column":47}},"18":{"start":{"line":37,"column":4},"end":{"line":37,"column":null}},"19":{"start":{"line":39,"column":2},"end":{"line":39,"column":null}},"20":{"start":{"line":23,"column":0},"end":{"line":23,"column":7}},"21":{"start":{"line":43,"column":2},"end":{"line":43,"column":null}},"22":{"start":{"line":44,"column":2},"end":{"line":44,"column":null}},"23":{"start":{"line":45,"column":2},"end":{"line":45,"column":null}},"24":{"start":{"line":42,"column":0},"end":{"line":42,"column":7}},"25":{"start":{"line":48,"column":13},"end":{"line":50,"column":null}},"26":{"start":{"line":49,"column":2},"end":{"line":49,"column":null}},"27":{"start":{"line":52,"column":26},"end":{"line":52,"column":29}},"28":{"start":{"line":53,"column":27},"end":{"line":53,"column":28}},"29":{"start":{"line":55,"column":0},"end":{"line":64,"column":null}},"30":{"start":{"line":57,"column":20},"end":{"line":57,"column":47}},"31":{"start":{"line":58,"column":4},"end":{"line":58,"column":null}},"32":{"start":{"line":61,"column":20},"end":{"line":61,"column":47}},"33":{"start":{"line":62,"column":4},"end":{"line":62,"column":null}},"34":{"start":{"line":67,"column":2},"end":{"line":67,"column":null}}},"fnMap":{"0":{"name":"canTrack","decl":{"start":{"line":15,"column":22},"end":{"line":15,"column":30}},"loc":{"start":{"line":15,"column":30},"end":{"line":17,"column":1}}},"1":{"name":"showVisitorCookieConsent","decl":{"start":{"line":19,"column":22},"end":{"line":19,"column":46}},"loc":{"start":{"line":19,"column":46},"end":{"line":21,"column":1}}},"2":{"name":"initializeAnalytics","decl":{"start":{"line":23,"column":22},"end":{"line":23,"column":41}},"loc":{"start":{"line":23,"column":41},"end":{"line":40,"column":1}}},"3":{"name":"(anonymous_5)","decl":{"start":{"line":32,"column":21},"end":{"line":32,"column":28}},"loc":{"start":{"line":32,"column":21},"end":{"line":32,"column":44}}},"4":{"name":"(anonymous_6)","decl":{"start":{"line":32,"column":49},"end":{"line":32,"column":50}},"loc":{"start":{"line":32,"column":58},"end":{"line":32,"column":69}}},"5":{"name":"agree","decl":{"start":{"line":42,"column":22},"end":{"line":42,"column":27}},"loc":{"start":{"line":42,"column":27},"end":{"line":46,"column":1}}},"6":{"name":"(anonymous_8)","decl":{"start":{"line":48,"column":24},"end":{"line":48,"column":27}},"loc":{"start":{"line":48,"column":29},"end":{"line":50,"column":1}}},"7":{"name":"track","decl":{"start":{"line":56,"column":24},"end":{"line":56,"column":29}},"loc":{"start":{"line":56,"column":80},"end":{"line":59,"column":3}}},"8":{"name":"page","decl":{"start":{"line":60,"column":23},"end":{"line":60,"column":27}},"loc":{"start":{"line":60,"column":27},"end":{"line":63,"column":3}}},"9":{"name":"noTrack","decl":{"start":{"line":66,"column":9},"end":{"line":66,"column":16}},"loc":{"start":{"line":66,"column":16},"end":{"line":68,"column":1}}}},"branchMap":{"0":{"loc":{"start":{"line":24,"column":2},"end":{"line":29,"column":null}},"type":"if","locations":[{"start":{"line":24,"column":2},"end":{"line":29,"column":null}},{"start":{"line":24,"column":2},"end":{"line":29,"column":null}}]},"1":{"loc":{"start":{"line":24,"column":6},"end":{"line":24,"column":18}},"type":"binary-expr","locations":[{"start":{"line":24,"column":6},"end":{"line":24,"column":18}},{"start":{"line":24,"column":22},"end":{"line":24,"column":41}}]},"2":{"loc":{"start":{"line":31,"column":2},"end":{"line":33,"column":null}},"type":"if","locations":[{"start":{"line":31,"column":2},"end":{"line":33,"column":null}},{"start":{"line":31,"column":2},"end":{"line":33,"column":null}}]},"3":{"loc":{"start":{"line":34,"column":2},"end":{"line":38,"column":null}},"type":"if","locations":[{"start":{"line":34,"column":2},"end":{"line":38,"column":null}},{"start":{"line":34,"column":2},"end":{"line":38,"column":null}}]},"4":{"loc":{"start":{"line":67,"column":65},"end":{"line":67,"column":88}},"type":"cond-expr","locations":[{"start":{"line":67,"column":65},"end":{"line":67,"column":88}},{"start":{"line":67,"column":91},"end":{"line":67,"column":95}}]}},"s":{"0":12,"1":12,"2":12,"3":12,"4":12,"5":2,"6":12,"7":0,"8":12,"9":3,"10":1,"11":2,"12":1,"13":1,"14":1,"15":2,"16":1,"17":1,"18":1,"19":2,"20":12,"21":1,"22":1,"23":1,"24":12,"25":12,"26":0,"27":12,"28":12,"29":12,"30":2,"31":2,"32":0,"33":0,"34":1},"f":{"0":2,"1":0,"2":3,"3":1,"4":1,"5":1,"6":0,"7":2,"8":0,"9":1},"b":{"0":[1,2],"1":[3,2],"2":[1,1],"3":[1,1],"4":[0,1]}}
,"/home/pedro/projects/celo/celo-monorepo/packages/web/src/animate/LottieBase.tsx": {"path":"/home/pedro/projects/celo/celo-monorepo/packages/web/src/animate/LottieBase.tsx","statementMap":{"0":{"start":{"line":1,"column":0},"end":{"line":1,"column":50}},"1":{"start":{"line":2,"column":0},"end":{"line":2,"column":30}},"2":{"start":{"line":13,"column":2},"end":{"line":13,"column":null}},"3":{"start":{"line":17,"column":2},"end":{"line":35,"column":null}},"4":{"start":{"line":18,"column":4},"end":{"line":28,"column":null}},"5":{"start":{"line":29,"column":4},"end":{"line":31,"column":null}},"6":{"start":{"line":30,"column":6},"end":{"line":30,"column":null}},"7":{"start":{"line":32,"column":4},"end":{"line":34,"column":null}},"8":{"start":{"line":33,"column":6},"end":{"line":33,"column":null}},"9":{"start":{"line":36,"column":2},"end":{"line":38,"column":null}},"10":{"start":{"line":37,"column":4},"end":{"line":37,"column":null}},"11":{"start":{"line":40,"column":2},"end":{"line":42,"column":null}},"12":{"start":{"line":41,"column":4},"end":{"line":41,"column":null}},"13":{"start":{"line":45,"column":4},"end":{"line":45,"column":null}},"14":{"start":{"line":12,"column":0},"end":{"line":12,"column":21}},"15":{"start":{"line":49,"column":15},"end":{"line":49,"column":48}}},"fnMap":{"0":{"name":"(anonymous_2)","decl":{"start":{"line":12,"column":0},"end":{"line":12,"column":21}},"loc":{"start":{"line":12,"column":0},"end":{"line":47,"column":1}}},"1":{"name":"(anonymous_3)","decl":{"start":{"line":17,"column":22},"end":{"line":17,"column":25}},"loc":{"start":{"line":17,"column":27},"end":{"line":35,"column":3}}},"2":{"name":"(anonymous_4)","decl":{"start":{"line":36,"column":11},"end":{"line":36,"column":12}},"loc":{"start":{"line":36,"column":20},"end":{"line":38,"column":3}}},"3":{"name":"(anonymous_5)","decl":{"start":{"line":40,"column":25},"end":{"line":40,"column":28}},"loc":{"start":{"line":40,"column":30},"end":{"line":42,"column":3}}},"4":{"name":"(anonymous_6)","decl":{"start":{"line":44,"column":2},"end":{"line":44,"column":8}},"loc":{"start":{"line":44,"column":8},"end":{"line":46,"column":3}}}},"branchMap":{"0":{"loc":{"start":{"line":24,"column":30},"end":{"line":24,"column":63}},"type":"cond-expr","locations":[{"start":{"line":24,"column":30},"end":{"line":24,"column":63}},{"start":{"line":24,"column":66},"end":{"line":24,"column":75}}]},"1":{"loc":{"start":{"line":29,"column":4},"end":{"line":31,"column":null}},"type":"if","locations":[{"start":{"line":29,"column":4},"end":{"line":31,"column":null}},{"start":{"line":29,"column":4},"end":{"line":31,"column":null}}]},"2":{"loc":{"start":{"line":29,"column":8},"end":{"line":29,"column":26}},"type":"binary-expr","locations":[{"start":{"line":29,"column":8},"end":{"line":29,"column":26}},{"start":{"line":29,"column":30},"end":{"line":29,"column":61}}]},"3":{"loc":{"start":{"line":32,"column":4},"end":{"line":34,"column":null}},"type":"if","locations":[{"start":{"line":32,"column":4},"end":{"line":34,"column":null}},{"start":{"line":32,"column":4},"end":{"line":34,"column":null}}]},"4":{"loc":{"start":{"line":32,"column":8},"end":{"line":32,"column":27}},"type":"binary-expr","locations":[{"start":{"line":32,"column":8},"end":{"line":32,"column":27}},{"start":{"line":32,"column":31},"end":{"line":32,"column":62}}]}},"s":{"0":22,"1":22,"2":16,"3":16,"4":16,"5":16,"6":0,"7":16,"8":0,"9":16,"10":0,"11":16,"12":14,"13":16,"14":22,"15":22},"f":{"0":16,"1":16,"2":0,"3":14,"4":16},"b":{"0":[0,16],"1":[0,16],"2":[16,1],"3":[0,16],"4":[16,1]}}
[...]
,"/home/pedro/projects/celo/celo-monorepo/packages/web/src/utils/abortableFetch.ts": {"path":"/home/pedro/projects/celo/celo-monorepo/packages/web/src/utils/abortableFetch.ts","statementMap":{"0":{"start":{"line":1,"column":0},"end":{"line":1,"column":31}},"1":{"start":{"line":4,"column":2},"end":{"line":4,"column":null}},"2":{"start":{"line":3,"column":0},"end":{"line":3,"column":15}},"3":{"start":{"line":8,"column":2},"end":{"line":12,"column":null}},"4":{"start":{"line":9,"column":4},"end":{"line":11,"column":20}},"5":{"start":{"line":10,"column":6},"end":{"line":10,"column":null}},"6":{"start":{"line":7,"column":0},"end":{"line":7,"column":7}}},"fnMap":{"0":{"name":"abortableFetch","decl":{"start":{"line":3,"column":30},"end":{"line":3,"column":44}},"loc":{"start":{"line":3,"column":70},"end":{"line":5,"column":1}}},"1":{"name":"abort","decl":{"start":{"line":7,"column":22},"end":{"line":7,"column":27}},"loc":{"start":{"line":7,"column":64},"end":{"line":13,"column":1}}},"2":{"name":"(anonymous_3)","decl":{"start":{"line":8,"column":21},"end":{"line":8,"column":22}},"loc":{"start":{"line":9,"column":4},"end":{"line":11,"column":20}}},"3":{"name":"(anonymous_4)","decl":{"start":{"line":9,"column":15},"end":{"line":9,"column":18}},"loc":{"start":{"line":9,"column":20},"end":{"line":11,"column":5}}}},"branchMap":{"0":{"loc":{"start":{"line":3,"column":68},"end":{"line":3,"column":70}},"type":"default-arg","locations":[{"start":{"line":3,"column":68},"end":{"line":3,"column":70}}]},"1":{"loc":{"start":{"line":7,"column":60},"end":{"line":7,"column":64}},"type":"default-arg","locations":[{"start":{"line":7,"column":60},"end":{"line":7,"column":64}}]}},"s":{"0":2,"1":1,"2":2,"3":1,"4":1,"5":0,"6":2},"f":{"0":1,"1":1,"2":1,"3":0},"b":{"0":[0],"1":[1]}}
,"/home/pedro/projects/celo/celo-monorepo/packages/web/src/utils/countries.ts": {"path":"/home/pedro/projects/celo/celo-monorepo/packages/web/src/utils/countries.ts","statementMap":{"0":{"start":{"line":2,"column":0},"end":{"line":2,"column":null}},"1":{"start":{"line":3,"column":2},"end":{"line":3,"column":null}},"2":{"start":{"line":4,"column":2},"end":{"line":4,"column":null}},"3":{"start":{"line":5,"column":2},"end":{"line":5,"column":null}},"4":{"start":{"line":6,"column":2},"end":{"line":6,"column":null}},"5":{"start":{"line":7,"column":2},"end":{"line":7,"column":null}},"6":{"start":{"line":8,"column":2},"end":{"line":8,"column":null}},"7":{"start":{"line":9,"column":2},"end":{"line":9,"column":null}},"8":{"start":{"line":10,"column":2},"end":{"line":10,"column":null}},"9":{"start":{"line":13,"column":33},"end":{"line":13,"column":95}},"10":{"start":{"line":13,"column":78},"end":{"line":13,"column":93}},"11":{"start":{"line":16,"column":2},"end":{"line":18,"column":null}},"12":{"start":{"line":17,"column":4},"end":{"line":17,"column":null}},"13":{"start":{"line":19,"column":2},"end":{"line":19,"column":null}},"14":{"start":{"line":15,"column":0},"end":{"line":15,"column":16}}},"fnMap":{"0":{"name":"(anonymous_0)","decl":{"start":{"line":2,"column":0},"end":{"line":2,"column":5}},"loc":{"start":{"line":2,"column":14},"end":{"line":11,"column":1}}},"1":{"name":"(anonymous_1)","decl":{"start":{"line":13,"column":68},"end":{"line":13,"column":69}},"loc":{"start":{"line":13,"column":78},"end":{"line":13,"column":93}}},"2":{"name":"isJurisdictionRestricted","decl":{"start":{"line":15,"column":16},"end":{"line":15,"column":40}},"loc":{"start":{"line":15,"column":56},"end":{"line":20,"column":1}}}},"branchMap":{"0":{"loc":{"start":{"line":2,"column":5},"end":{"line":2,"column":14}},"type":"binary-expr","locations":[{"start":{"line":2,"column":5},"end":{"line":2,"column":14}},{"start":{"line":2,"column":5},"end":{"line":2,"column":null}}]},"1":{"loc":{"start":{"line":16,"column":2},"end":{"line":18,"column":null}},"type":"if","locations":[{"start":{"line":16,"column":2},"end":{"line":18,"column":null}},{"start":{"line":16,"column":2},"end":{"line":18,"column":null}}]}},"s":{"0":1,"1":1,"2":1,"3":1,"4":1,"5":1,"6":1,"7":1,"8":1,"9":1,"10":8,"11":3,"12":1,"13":2,"14":1},"f":{"0":1,"1":8,"2":3},"b":{"0":[1,1],"1":[1,2]}}
,"/home/pedro/projects/celo/celo-monorepo/packages/web/src/utils/i18nForTests.ts": {"path":"/home/pedro/projects/celo/celo-monorepo/packages/web/src/utils/i18nForTests.ts","statementMap":{"0":{"start":{"line":1,"column":0},"end":{"line":1,"column":48}},"1":{"start":{"line":2,"column":0},"end":{"line":2,"column":58}},"2":{"start":{"line":5,"column":0},"end":{"line":31,"column":null}},"3":{"start":{"line":33,"column":0},"end":{"line":33,"column":null}},"4":{"start":{"line":35,"column":0},"end":{"line":35,"column":null}}},"fnMap":{},"branchMap":{},"s":{"0":26,"1":26,"2":26,"3":26,"4":26},"f":{},"b":{}}
,"/home/pedro/projects/celo/celo-monorepo/packages/web/src/utils/sentry.ts": {"path":"/home/pedro/projects/celo/celo-monorepo/packages/web/src/utils/sentry.ts","statementMap":{"0":{"start":{"line":1,"column":0},"end":{"line":1,"column":35}},"1":{"start":{"line":2,"column":0},"end":{"line":2,"column":49}},"2":{"start":{"line":3,"column":21},"end":{"line":3,"column":26}},"3":{"start":{"line":8,"column":34},"end":{"line":8,"column":45}},"4":{"start":{"line":9,"column":2},"end":{"line":11,"column":null}},"5":{"start":{"line":10,"column":4},"end":{"line":10,"column":10}},"6":{"start":{"line":13,"column":2},"end":{"line":17,"column":null}},"7":{"start":{"line":14,"column":19},"end":{"line":14,"column":36}},"8":{"start":{"line":15,"column":4},"end":{"line":15,"column":null}},"9":{"start":{"line":16,"column":4},"end":{"line":16,"column":null}},"10":{"start":{"line":7,"column":0},"end":{"line":7,"column":7}},"11":{"start":{"line":21,"column":2},"end":{"line":21,"column":null}},"12":{"start":{"line":21,"column":22},"end":{"line":21,"column":53}},"13":{"start":{"line":22,"column":2},"end":{"line":22,"column":null}},"14":{"start":{"line":20,"column":0},"end":{"line":20,"column":7}}},"fnMap":{"0":{"name":"initSentry","decl":{"start":{"line":7,"column":22},"end":{"line":7,"column":32}},"loc":{"start":{"line":7,"column":32},"end":{"line":18,"column":1}}},"1":{"name":"getSentry","decl":{"start":{"line":20,"column":22},"end":{"line":20,"column":31}},"loc":{"start":{"line":20,"column":31},"end":{"line":23,"column":1}}},"2":{"name":"(anonymous_4)","decl":{"start":{"line":21,"column":22},"end":{"line":21,"column":35}},"loc":{"start":{"line":21,"column":22},"end":{"line":21,"column":53}}}},"branchMap":{"0":{"loc":{"start":{"line":9,"column":2},"end":{"line":11,"column":null}},"type":"if","locations":[{"start":{"line":9,"column":2},"end":{"line":11,"column":null}},{"start":{"line":9,"column":2},"end":{"line":11,"column":null}}]},"1":{"loc":{"start":{"line":13,"column":2},"end":{"line":17,"column":null}},"type":"if","locations":[{"start":{"line":13,"column":2},"end":{"line":17,"column":null}},{"start":{"line":13,"column":2},"end":{"line":17,"column":null}}]},"2":{"loc":{"start":{"line":21,"column":11},"end":{"line":21,"column":17}},"type":"binary-expr","locations":[{"start":{"line":21,"column":11},"end":{"line":21,"column":17}},{"start":{"line":21,"column":22},"end":{"line":21,"column":53}}]}},"s":{"0":6,"1":6,"2":6,"3":0,"4":0,"5":0,"6":0,"7":0,"8":0,"9":0,"10":6,"11":0,"12":0,"13":0,"14":6},"f":{"0":0,"1":0,"2":0},"b":{"0":[0,0],"1":[0,0],"2":[0,0]}}
,"/home/pedro/projects/celo/celo-monorepo/packages/web/src/utils/utils.ts": {"path":"/home/pedro/projects/celo/celo-monorepo/packages/web/src/utils/utils.ts","statementMap":{"0":{"start":{"line":1,"column":0},"end":{"line":1,"column":40}},"1":{"start":{"line":2,"column":0},"end":{"line":2,"column":40}},"2":{"start":{"line":5,"column":2},"end":{"line":5,"column":null}},"3":{"start":{"line":4,"column":0},"end":{"line":4,"column":16}},"4":{"start":{"line":9,"column":18},"end":{"line":9,"column":52}},"5":{"start":{"line":10,"column":2},"end":{"line":16,"column":null}},"6":{"start":{"line":11,"column":4},"end":{"line":15,"column":null}},"7":{"start":{"line":8,"column":0},"end":{"line":8,"column":16}},"8":{"start":{"line":26,"column":2},"end":{"line":35,"column":null}},"9":{"start":{"line":27,"column":29},"end":{"line":27,"column":47}},"10":{"start":{"line":28,"column":21},"end":{"line":28,"column":24}},"11":{"start":{"line":29,"column":20},"end":{"line":29,"column":32}},"12":{"start":{"line":31,"column":26},"end":{"line":31,"column":86}},"13":{"start":{"line":32,"column":4},"end":{"line":32,"column":null}},"14":{"start":{"line":34,"column":4},"end":{"line":34,"column":null}},"15":{"start":{"line":25,"column":0},"end":{"line":25,"column":7}},"16":{"start":{"line":38,"column":24},"end":{"line":38,"column":25}},"17":{"start":{"line":41,"column":2},"end":{"line":43,"column":null}},"18":{"start":{"line":42,"column":4},"end":{"line":42,"column":null}},"19":{"start":{"line":44,"column":2},"end":{"line":46,"column":null}},"20":{"start":{"line":45,"column":4},"end":{"line":45,"column":null}},"21":{"start":{"line":47,"column":2},"end":{"line":47,"column":null}},"22":{"start":{"line":51,"column":21},"end":{"line":51,"column":98}},"23":{"start":{"line":52,"column":2},"end":{"line":52,"column":null}},"24":{"start":{"line":50,"column":0},"end":{"line":50,"column":16}},"25":{"start":{"line":56,"column":0},"end":{"line":56,"column":null}},"26":{"start":{"line":57,"column":2},"end":{"line":57,"column":null}},"27":{"start":{"line":58,"column":2},"end":{"line":58,"column":null}},"28":{"start":{"line":59,"column":2},"end":{"line":59,"column":null}},"29":{"start":{"line":60,"column":2},"end":{"line":60,"column":null}},"30":{"start":{"line":61,"column":2},"end":{"line":61,"column":null}},"31":{"start":{"line":65,"column":31},"end":{"line":65,"column":71}},"32":{"start":{"line":66,"column":2},"end":{"line":68,"column":null}},"33":{"start":{"line":67,"column":4},"end":{"line":67,"column":null}},"34":{"start":{"line":70,"column":2},"end":{"line":70,"column":null}},"35":{"start":{"line":64,"column":0},"end":{"line":64,"column":7}},"36":{"start":{"line":74,"column":20},"end":{"line":74,"column":93}},"37":{"start":{"line":77,"column":4},"end":{"line":81,"column":30}},"38":{"start":{"line":78,"column":23},"end":{"line":78,"column":34}},"39":{"start":{"line":80,"column":8},"end":{"line":80,"column":null}},"40":{"start":{"line":82,"column":2},"end":{"line":82,"column":null}},"41":{"start":{"line":85,"column":20},"end":{"line":85,"column":24}},"42":{"start":{"line":88,"column":2},"end":{"line":92,"column":null}},"43":{"start":{"line":89,"column":4},"end":{"line":91,"column":null}},"44":{"start":{"line":90,"column":6},"end":{"line":90,"column":null}},"45":{"start":{"line":99,"column":2},"end":{"line":99,"column":null}},"46":{"start":{"line":97,"column":0},"end":{"line":97,"column":16}},"47":{"start":{"line":103,"column":2},"end":{"line":103,"column":null}},"48":{"start":{"line":102,"column":0},"end":{"line":102,"column":16}},"49":{"start":{"line":107,"column":2},"end":{"line":107,"column":null}},"50":{"start":{"line":106,"column":0},"end":{"line":106,"column":16}},"51":{"start":{"line":111,"column":2},"end":{"line":113,"column":null}},"52":{"start":{"line":112,"column":4},"end":{"line":112,"column":null}},"53":{"start":{"line":114,"column":2},"end":{"line":116,"column":null}},"54":{"start":{"line":110,"column":0},"end":{"line":110,"column":16}},"55":{"start":{"line":120,"column":2},"end":{"line":120,"column":null}},"56":{"start":{"line":119,"column":0},"end":{"line":119,"column":16}},"57":{"start":{"line":124,"column":2},"end":{"line":124,"column":null}},"58":{"start":{"line":123,"column":0},"end":{"line":123,"column":16}}},"fnMap":{"0":{"name":"randomIntegerInRange","decl":{"start":{"line":4,"column":16},"end":{"line":4,"column":36}},"loc":{"start":{"line":4,"column":61},"end":{"line":6,"column":1}}},"1":{"name":"scrollTo","decl":{"start":{"line":8,"column":16},"end":{"line":8,"column":24}},"loc":{"start":{"line":8,"column":73},"end":{"line":17,"column":1}}},"2":{"name":"getNetworkDownloadSpeed","decl":{"start":{"line":25,"column":22},"end":{"line":25,"column":45}},"loc":{"start":{"line":25,"column":45},"end":{"line":36,"column":1}}},"3":{"name":"isFast","decl":{"start":{"line":40,"column":15},"end":{"line":40,"column":21}},"loc":{"start":{"line":40,"column":52},"end":{"line":48,"column":1}}},"4":{"name":"getEffectiveConnection","decl":{"start":{"line":50,"column":16},"end":{"line":50,"column":38}},"loc":{"start":{"line":50,"column":48},"end":{"line":53,"column":1}}},"5":{"name":"(anonymous_6)","decl":{"start":{"line":56,"column":0},"end":{"line":56,"column":12}},"loc":{"start":{"line":56,"column":26},"end":{"line":62,"column":1}}},"6":{"name":"hasGoodConnection","decl":{"start":{"line":64,"column":22},"end":{"line":64,"column":39}},"loc":{"start":{"line":64,"column":39},"end":{"line":71,"column":1}}},"7":{"name":"multiPartCheck","decl":{"start":{"line":73,"column":15},"end":{"line":73,"column":29}},"loc":{"start":{"line":73,"column":29},"end":{"line":83,"column":1}}},"8":{"name":"(anonymous_9)","decl":{"start":{"line":78,"column":11},"end":{"line":78,"column":12}},"loc":{"start":{"line":78,"column":23},"end":{"line":78,"column":34}}},"9":{"name":"(anonymous_10)","decl":{"start":{"line":79,"column":14},"end":{"line":79,"column":15}},"loc":{"start":{"line":79,"column":36},"end":{"line":81,"column":7}}},"10":{"name":"abort","decl":{"start":{"line":87,"column":15},"end":{"line":87,"column":20}},"loc":{"start":{"line":87,"column":20},"end":{"line":93,"column":1}}},"11":{"name":"(anonymous_12)","decl":{"start":{"line":88,"column":21},"end":{"line":88,"column":22}},"loc":{"start":{"line":88,"column":33},"end":{"line":92,"column":3}}},"12":{"name":"(anonymous_13)","decl":{"start":{"line":89,"column":15},"end":{"line":89,"column":18}},"loc":{"start":{"line":89,"column":20},"end":{"line":91,"column":5}}},"13":{"name":"getDeviceMemory","decl":{"start":{"line":97,"column":16},"end":{"line":97,"column":31}},"loc":{"start":{"line":97,"column":31},"end":{"line":100,"column":1}}},"14":{"name":"isBrowser","decl":{"start":{"line":102,"column":16},"end":{"line":102,"column":25}},"loc":{"start":{"line":102,"column":25},"end":{"line":104,"column":1}}},"15":{"name":"cutAddress","decl":{"start":{"line":106,"column":16},"end":{"line":106,"column":26}},"loc":{"start":{"line":106,"column":42},"end":{"line":108,"column":1}}},"16":{"name":"formatNumber","decl":{"start":{"line":110,"column":16},"end":{"line":110,"column":28}},"loc":{"start":{"line":110,"column":60},"end":{"line":117,"column":1}}},"17":{"name":"copyToClipboad","decl":{"start":{"line":119,"column":16},"end":{"line":119,"column":30}},"loc":{"start":{"line":119,"column":43},"end":{"line":121,"column":1}}},"18":{"name":"weiToDecimal","decl":{"start":{"line":123,"column":16},"end":{"line":123,"column":28}},"loc":{"start":{"line":123,"column":43},"end":{"line":125,"column":1}}}},"branchMap":{"0":{"loc":{"start":{"line":10,"column":2},"end":{"line":16,"column":null}},"type":"if","locations":[{"start":{"line":10,"column":2},"end":{"line":16,"column":null}},{"start":{"line":10,"column":2},"end":{"line":16,"column":null}}]},"1":{"loc":{"start":{"line":41,"column":2},"end":{"line":43,"column":null}},"type":"if","locations":[{"start":{"line":41,"column":2},"end":{"line":43,"column":null}},{"start":{"line":41,"column":2},"end":{"line":43,"column":null}}]},"2":{"loc":{"start":{"line":44,"column":2},"end":{"line":46,"column":null}},"type":"if","locations":[{"start":{"line":44,"column":2},"end":{"line":46,"column":null}},{"start":{"line":44,"column":2},"end":{"line":46,"column":null}}]},"3":{"loc":{"start":{"line":44,"column":6},"end":{"line":44,"column":31}},"type":"binary-expr","locations":[{"start":{"line":44,"column":6},"end":{"line":44,"column":31}},{"start":{"line":44,"column":35},"end":{"line":44,"column":58}}]},"4":{"loc":{"start":{"line":51,"column":21},"end":{"line":51,"column":41}},"type":"binary-expr","locations":[{"start":{"line":51,"column":21},"end":{"line":51,"column":41}},{"start":{"line":51,"column":45},"end":{"line":51,"column":68}},{"start":{"line":51,"column":72},"end":{"line":51,"column":98}}]},"5":{"loc":{"start":{"line":52,"column":10},"end":{"line":52,"column":20}},"type":"binary-expr","locations":[{"start":{"line":52,"column":10},"end":{"line":52,"column":20}},{"start":{"line":52,"column":24},"end":{"line":52,"column":48}},{"start":{"line":52,"column":53},"end":{"line":52,"column":62}}]},"6":{"loc":{"start":{"line":56,"column":12},"end":{"line":56,"column":26}},"type":"binary-expr","locations":[{"start":{"line":56,"column":12},"end":{"line":56,"column":26}},{"start":{"line":56,"column":12},"end":{"line":56,"column":null}}]},"7":{"loc":{"start":{"line":66,"column":2},"end":{"line":68,"column":null}},"type":"if","locations":[{"start":{"line":66,"column":2},"end":{"line":68,"column":null}},{"start":{"line":66,"column":2},"end":{"line":68,"column":null}}]},"8":{"loc":{"start":{"line":99,"column":10},"end":{"line":99,"column":45}},"type":"binary-expr","locations":[{"start":{"line":99,"column":10},"end":{"line":99,"column":45}},{"start":{"line":99,"column":49},"end":{"line":99,"column":50}}]},"9":{"loc":{"start":{"line":110,"column":59},"end":{"line":110,"column":60}},"type":"default-arg","locations":[{"start":{"line":110,"column":59},"end":{"line":110,"column":60}}]},"10":{"loc":{"start":{"line":111,"column":2},"end":{"line":113,"column":null}},"type":"if","locations":[{"start":{"line":111,"column":2},"end":{"line":113,"column":null}},{"start":{"line":111,"column":2},"end":{"line":113,"column":null}}]},"11":{"loc":{"start":{"line":115,"column":6},"end":{"line":115,"column":27}},"type":"cond-expr","locations":[{"start":{"line":115,"column":6},"end":{"line":115,"column":27}},{"start":{"line":116,"column":6},"end":{"line":116,"column":66}}]}},"s":{"0":16,"1":16,"2":5028,"3":16,"4":0,"5":0,"6":0,"7":16,"8":6,"9":6,"10":6,"11":6,"12":6,"13":0,"14":6,"15":16,"16":16,"17":3,"18":0,"19":3,"20":0,"21":3,"22":3,"23":3,"24":16,"25":16,"26":16,"27":16,"28":16,"29":16,"30":16,"31":3,"32":3,"33":0,"34":3,"35":16,"36":3,"37":3,"38":6,"39":6,"40":3,"41":16,"42":3,"43":3,"44":0,"45":0,"46":16,"47":0,"48":16,"49":6,"50":16,"51":66,"52":1,"53":65,"54":16,"55":0,"56":16,"57":26,"58":16},"f":{"0":5028,"1":0,"2":6,"3":3,"4":3,"5":16,"6":3,"7":3,"8":6,"9":6,"10":3,"11":3,"12":0,"13":0,"14":0,"15":6,"16":66,"17":0,"18":26},"b":{"0":[0,0],"1":[0,3],"2":[0,3],"3":[3,3],"4":[3,3,3],"5":[3,0,3],"6":[16,16],"7":[0,3],"8":[0,0],"9":[0],"10":[1,65],"11":[5,60]}}
}
