TN:
SF:src/i18n.ts
FN:18,(anonymous_1)
FNF:1
FNH:1
FNDA:43,(anonymous_1)
DA:1,43
DA:3,43
DA:4,43
DA:5,43
DA:13,43
DA:14,43
DA:15,43
DA:16,43
DA:18,43
DA:19,43
DA:20,43
DA:21,43
DA:22,43
DA:23,43
DA:24,43
DA:25,43
DA:26,43
DA:27,43
DA:28,43
DA:29,43
DA:30,43
DA:31,43
DA:32,43
DA:33,43
LF:24
LH:24
BRDA:18,0,0,43
BRDA:18,0,1,43
BRF:2
BRH:2
end_of_record
TN:
SF:src/styles.ts
FN:3,(anonymous_0)
FN:48,(anonymous_1)
FNF:2
FNH:2
FNDA:45,(anonymous_0)
FNDA:45,(anonymous_1)
DA:1,45
DA:3,45
DA:4,45
DA:5,45
DA:6,45
DA:7,45
DA:8,45
DA:9,45
DA:10,45
DA:11,45
DA:12,45
DA:13,45
DA:14,45
DA:15,45
DA:16,45
DA:17,45
DA:18,45
DA:19,45
DA:20,45
DA:22,45
DA:23,45
DA:24,45
DA:25,45
DA:26,45
DA:27,45
DA:28,45
DA:29,45
DA:31,45
DA:32,45
DA:33,45
DA:34,45
DA:37,45
DA:38,45
DA:39,45
DA:40,45
DA:41,45
DA:42,45
DA:44,45
DA:45,45
DA:48,45
DA:49,45
DA:50,45
DA:53,45
DA:58,45
DA:173,45
DA:175,45
DA:210,45
DA:216,45
DA:222,45
DA:228,45
DA:345,45
DA:350,45
LF:52
LH:52
BRDA:3,0,0,45
BRDA:3,0,1,45
BRDA:48,1,0,45
BRDA:48,1,1,45
BRF:4
BRH:4
end_of_record
TN:
SF:src/_page-tests/test-utils.tsx
FN:5,onPress
FN:11,(anonymous_3)
FN:15,TestProvider
FNF:3
FNH:3
FNDA:2,onPress
FNDA:27,(anonymous_3)
FNDA:27,TestProvider
DA:1,26
DA:2,26
DA:3,26
DA:5,26
DA:7,2
DA:8,2
DA:11,26
DA:12,27
DA:15,26
DA:16,27
LF:10
LH:10
BRF:0
BRH:0
end_of_record
TN:
SF:src/about/About.tsx
FN:30,pronunceCelo
FN:37,(anonymous_3)
FN:40,(anonymous_4)
FN:43,(anonymous_5)
FN:50,(anonymous_6)
FN:156,Strong
FNF:6
FNH:2
FNDA:0,pronunceCelo
FNDA:0,(anonymous_3)
FNDA:0,(anonymous_4)
FNDA:0,(anonymous_5)
FNDA:3,(anonymous_6)
FNDA:4,Strong
DA:1,2
DA:2,2
DA:3,2
DA:4,2
DA:5,2
DA:6,2
DA:8,2
DA:9,2
DA:10,2
DA:11,2
DA:12,2
DA:13,2
DA:14,2
DA:15,2
DA:16,2
DA:17,2
DA:18,2
DA:19,2
DA:20,2
DA:21,2
DA:22,2
DA:23,2
DA:24,2
DA:31,0
DA:32,0
DA:33,0
DA:36,2
DA:39,0
DA:40,0
DA:41,0
DA:43,0
DA:46,0
DA:47,0
DA:51,3
DA:53,3
DA:157,4
DA:160,2
DA:168,2
LF:38
LH:29
BRDA:39,0,0,0
BRDA:39,0,1,0
BRF:2
BRH:0
end_of_record
TN:
SF:src/about/AudioIcon.tsx
FN:5,AudioIcon
FNF:1
FNH:1
FNDA:3,AudioIcon
DA:1,2
DA:2,2
DA:3,2
DA:5,2
DA:6,3
LF:5
LH:5
BRF:0
BRH:0
end_of_record
TN:
SF:src/about/Backers.tsx
FN:13,(anonymous_2)
FN:31,(anonymous_3)
FNF:2
FNH:2
FNDA:3,(anonymous_2)
FNDA:93,(anonymous_3)
DA:1,2
DA:2,2
DA:3,2
DA:4,2
DA:5,2
DA:6,2
DA:7,2
DA:8,2
DA:9,2
DA:10,2
DA:12,2
DA:14,3
DA:16,3
DA:32,93
DA:58,2
DA:95,2
LF:16
LH:16
BRDA:29,0,0,3
BRDA:29,0,1,0
BRDA:39,1,0,45
BRDA:39,1,1,48
BRF:4
BRH:3
end_of_record
TN:
SF:src/about/PressMedia.tsx
FN:8,PressAndMedia
FNF:1
FNH:1
FNDA:3,PressAndMedia
DA:1,2
DA:2,2
DA:3,2
DA:4,2
DA:5,2
DA:6,2
DA:8,2
DA:9,3
LF:8
LH:8
BRF:0
BRH:0
end_of_record
TN:
SF:src/about/Team.tsx
FN:18,(anonymous_2)
FN:36,(anonymous_3)
FN:67,_Portrait
FN:83,(anonymous_5)
FN:116,ContributorPlaceHolder
FNF:5
FNH:5
FNDA:5,(anonymous_2)
FNDA:3,(anonymous_3)
FNDA:3,_Portrait
FNDA:3,(anonymous_5)
FNDA:3,ContributorPlaceHolder
DA:1,3
DA:2,3
DA:3,3
DA:5,3
DA:6,3
DA:7,3
DA:8,3
DA:9,3
DA:10,3
DA:11,3
DA:12,3
DA:17,3
DA:19,5
DA:20,5
DA:21,5
DA:23,5
DA:37,3
DA:67,3
DA:76,3
DA:84,3
DA:117,3
DA:125,3
DA:180,3
LF:23
LH:23
BRDA:33,0,0,0
BRDA:33,0,1,5
BRDA:33,1,0,5
BRDA:33,1,1,0
BRDA:98,2,0,3
BRDA:98,2,1,3
BRDA:107,3,0,3
BRDA:107,3,1,0
BRF:8
BRH:5
end_of_record
TN:
SF:src/about/Tetris.tsx
FN:5,Tetris
FN:8,(anonymous_2)
FNF:2
FNH:2
FNDA:3,Tetris
FNDA:42,(anonymous_2)
DA:1,2
DA:2,2
DA:3,2
DA:5,2
DA:6,3
DA:9,42
DA:19,2
LF:7
LH:7
BRF:0
BRH:0
end_of_record
TN:
SF:src/about/Values.tsx
FN:11,Values
FNF:1
FNH:1
FNDA:3,Values
DA:1,2
DA:2,2
DA:3,2
DA:4,2
DA:5,2
DA:6,2
DA:7,2
DA:8,2
DA:9,2
DA:12,3
DA:13,3
DA:51,2
DA:59,2
LF:13
LH:13
BRDA:20,0,0,0
BRDA:20,0,1,3
BRDA:38,1,0,0
BRDA:38,1,1,3
BRF:4
BRH:2
end_of_record
TN:
SF:src/about/VideoCover.tsx
FN:26,Video
FN:30,(anonymous_3)
FN:36,(anonymous_4)
FN:39,(anonymous_5)
FN:43,(anonymous_6)
FN:49,(anonymous_7)
FN:76,(anonymous_8)
FNF:7
FNH:5
FNDA:3,Video
FNDA:3,(anonymous_3)
FNDA:0,(anonymous_4)
FNDA:0,(anonymous_5)
FNDA:3,(anonymous_6)
FNDA:3,(anonymous_7)
FNDA:6,(anonymous_8)
DA:1,2
DA:2,2
DA:3,2
DA:4,2
DA:5,2
DA:6,2
DA:7,2
DA:8,2
DA:9,2
DA:10,2
DA:27,3
DA:31,3
DA:36,3
DA:37,0
DA:39,3
DA:40,0
DA:43,3
DA:44,3
DA:45,0
DA:50,3
DA:51,3
DA:77,6
DA:123,2
DA:125,2
LF:24
LH:21
BRDA:44,0,0,0
BRDA:44,0,1,3
BRDA:55,1,0,3
BRDA:55,1,1,0
BRDA:61,2,0,3
BRDA:61,2,1,0
BRDA:86,3,0,6
BRDA:86,3,1,0
BRDA:98,4,0,0
BRDA:98,4,1,6
BRF:10
BRH:5
end_of_record
TN:
SF:src/about/backers/backers.ts
FNF:0
FNH:0
DA:6,2
DA:118,2
LF:2
LH:2
BRF:0
BRH:0
end_of_record
TN:
SF:src/about/images/index.ts
FNF:0
FNH:0
DA:1,2
DA:2,2
DA:4,2
DA:5,2
DA:7,2
LF:5
LH:5
BRF:0
BRH:0
end_of_record
TN:
SF:src/alliance/Affirmations.tsx
FN:25,Affirmations
FN:107,Exemplar
FN:164,TransItalic
FNF:3
FNH:3
FNDA:1,Affirmations
FNDA:3,Exemplar
FNDA:3,TransItalic
DA:1,1
DA:2,1
DA:3,1
DA:14,1
DA:15,1
DA:16,1
DA:17,1
DA:18,1
DA:19,1
DA:20,1
DA:21,1
DA:22,1
DA:23,1
DA:25,1
DA:26,1
DA:27,1
DA:29,1
DA:31,1
DA:117,3
DA:118,3
DA:165,3
DA:172,1
DA:178,1
LF:23
LH:23
BRDA:29,0,0,0
BRDA:29,0,1,1
BRDA:35,1,0,0
BRDA:35,1,1,1
BRDA:44,2,0,1
BRDA:44,2,1,0
BRDA:45,3,0,1
BRDA:45,3,1,0
BRDA:48,4,0,1
BRDA:48,4,1,0
BRDA:60,5,0,1
BRDA:60,5,1,1
BRDA:74,6,0,1
BRDA:74,6,1,1
BRDA:87,7,0,1
BRDA:87,7,1,1
BRDA:125,8,0,0
BRDA:125,8,1,3
BRDA:131,9,0,0
BRDA:131,9,1,3
BRDA:134,10,0,3
BRDA:134,10,1,0
BRDA:140,11,0,3
BRDA:140,11,1,2
BRDA:143,12,0,0
BRDA:143,12,1,2
BRDA:153,13,0,3
BRDA:153,13,1,3
BRDA:155,14,0,3
BRDA:155,14,1,3
BRF:30
BRH:21
end_of_record
TN:
SF:src/alliance/AllianceLogo.tsx
FN:3,AllianceLogo
FNF:1
FNH:1
FNDA:2,AllianceLogo
DA:1,1
DA:2,1
DA:3,1
DA:4,2
LF:4
LH:4
BRF:0
BRH:0
end_of_record
TN:
SF:src/alliance/Benefits.tsx
FN:24,Benefits
FN:47,(anonymous_2)
FN:61,_Offering
FNF:3
FNH:3
FNDA:1,Benefits
FNDA:5,(anonymous_2)
FNDA:5,_Offering
DA:1,1
DA:2,1
DA:3,1
DA:4,1
DA:5,1
DA:12,1
DA:13,1
DA:14,1
DA:16,1
DA:24,1
DA:25,1
DA:26,1
DA:27,1
DA:48,5
DA:61,1
DA:62,5
DA:70,1
LF:17
LH:17
BRDA:34,0,0,1
BRDA:34,0,1,0
BRDA:37,1,0,1
BRDA:37,1,1,0
BRF:4
BRH:2
end_of_record
TN:
SF:src/alliance/CategoryEnum.ts
FN:1,(anonymous_0)
FNF:1
FNH:1
FNDA:2,(anonymous_0)
DA:1,2
DA:2,2
DA:3,2
DA:4,2
DA:5,2
DA:6,2
DA:7,2
DA:8,2
DA:9,2
DA:10,2
DA:11,2
DA:12,2
DA:13,2
LF:13
LH:13
BRDA:1,0,0,2
BRDA:1,0,1,2
BRF:2
BRH:2
end_of_record
TN:
SF:src/alliance/CollectiveMission.tsx
FN:8,CollectiveMission
FNF:1
FNH:1
FNDA:2,CollectiveMission
DA:1,1
DA:2,1
DA:3,1
DA:4,1
DA:5,1
DA:6,1
DA:8,1
DA:9,2
DA:10,2
LF:9
LH:9
BRF:0
BRH:0
end_of_record
TN:
SF:src/alliance/Main.tsx
FN:22,Main
FNF:1
FNH:1
FNDA:1,Main
DA:1,1
DA:2,1
DA:3,1
DA:4,1
DA:5,1
DA:6,1
DA:7,1
DA:8,1
DA:9,1
DA:10,1
DA:11,1
DA:12,1
DA:13,1
DA:14,1
DA:15,1
DA:16,1
DA:17,1
DA:18,1
DA:19,1
DA:20,1
DA:22,1
DA:23,1
DA:24,1
DA:25,1
DA:94,1
DA:137,1
DA:139,1
LF:27
LH:27
BRDA:37,0,0,0
BRDA:37,0,1,1
BRDA:47,1,0,1
BRDA:47,1,1,0
BRF:4
BRH:2
end_of_record
TN:
SF:src/alliance/Members.tsx
FN:17,buildDropDownProps
FN:18,(anonymous_3)
FN:27,initialState
FN:28,(anonymous_5)
FN:38,Members
FN:45,(anonymous_7)
FN:52,(anonymous_8)
FN:57,(anonymous_9)
FN:60,(anonymous_10)
FN:63,(anonymous_11)
FN:96,(anonymous_12)
FN:108,(anonymous_13)
FN:122,_Category
FN:137,(anonymous_15)
FN:145,_Member
FN:150,(anonymous_17)
FN:171,FallBack
FNF:17
FNH:10
FNDA:1,buildDropDownProps
FNDA:12,(anonymous_3)
FNDA:2,initialState
FNDA:24,(anonymous_5)
FNDA:2,Members
FNDA:1,(anonymous_7)
FNDA:0,(anonymous_8)
FNDA:0,(anonymous_9)
FNDA:2,(anonymous_10)
FNDA:0,(anonymous_11)
FNDA:1,(anonymous_12)
FNDA:24,(anonymous_13)
FNDA:24,_Category
FNDA:0,(anonymous_15)
FNDA:0,_Member
FNDA:0,(anonymous_17)
FNDA:0,FallBack
DA:2,1
DA:3,1
DA:4,1
DA:6,1
DA:7,1
DA:8,1
DA:9,1
DA:10,1
DA:11,1
DA:13,1
DA:14,1
DA:15,1
DA:18,1
DA:19,12
DA:28,2
DA:29,24
DA:36,1
DA:38,1
DA:39,2
DA:40,2
DA:41,2
DA:43,2
DA:45,2
DA:46,1
DA:50,1
DA:52,1
DA:53,0
DA:57,2
DA:59,2
DA:61,2
DA:63,0
DA:67,2
DA:96,1
DA:109,24
DA:122,1
DA:123,24
DA:124,24
DA:125,24
DA:126,24
DA:138,0
DA:145,1
DA:146,0
DA:147,0
DA:148,0
DA:151,0
DA:172,0
DA:183,1
DA:184,1
DA:186,1
LF:49
LH:41
BRDA:62,0,0,2
BRDA:62,0,1,0
BRDA:75,1,0,2
BRDA:75,1,1,2
BRDA:76,2,0,2
BRDA:76,2,1,0
BRDA:134,3,0,0
BRDA:134,3,1,24
BRDA:134,4,0,24
BRDA:134,4,1,0
BRDA:147,5,0,0
BRDA:147,5,1,0
BRDA:149,6,0,0
BRDA:149,6,1,0
BRDA:162,7,0,0
BRDA:162,7,1,0
BRF:16
BRH:6
end_of_record
TN:
SF:src/alliance/PinWheel.tsx
FN:22,(anonymous_2)
FN:31,(anonymous_3)
FN:64,(anonymous_4)
FN:67,(anonymous_5)
FN:84,animated
FN:98,still
FN:105,quartColor
FN:200,solidFadeInFrames
FN:204,colorFrame
FNF:9
FNH:9
FNDA:2,(anonymous_2)
FNDA:51,(anonymous_3)
FNDA:2,(anonymous_4)
FNDA:102,(anonymous_5)
FNDA:51,animated
FNDA:51,still
FNDA:102,quartColor
FNDA:51,solidFadeInFrames
FNDA:161,colorFrame
DA:1,1
DA:2,1
DA:3,1
DA:4,1
DA:5,1
DA:6,1
DA:7,1
DA:11,1
DA:13,1
DA:23,2
DA:24,2
DA:26,2
DA:32,51
DA:36,51
DA:58,1
DA:65,2
DA:68,102
DA:81,1
DA:82,1
DA:85,51
DA:99,51
DA:106,102
DA:107,102
DA:108,26
DA:109,76
DA:110,26
DA:111,50
DA:112,26
DA:114,24
DA:118,1
DA:122,1
DA:144,1
DA:201,51
DA:205,161
LF:34
LH:34
BRDA:27,0,0,0
BRDA:27,0,1,2
BRDA:29,1,0,2
BRDA:29,1,1,1
BRDA:48,2,0,2
BRDA:48,2,1,1
BRDA:49,3,0,0
BRDA:49,3,1,1
BRDA:72,4,0,51
BRDA:72,4,1,51
BRDA:107,5,0,26
BRDA:107,5,1,76
BRDA:109,6,0,26
BRDA:109,6,1,50
BRDA:111,7,0,26
BRDA:111,7,1,24
BRF:16
BRH:14
end_of_record
TN:
SF:src/alliance/RisingPinWheelForm.tsx
FN:9,RisingPinWheelForm
FNF:1
FNH:1
FNDA:1,RisingPinWheelForm
DA:1,1
DA:2,1
DA:3,1
DA:4,1
DA:5,1
DA:6,1
DA:7,1
DA:9,1
DA:10,1
DA:30,1
LF:10
LH:10
BRF:0
BRH:0
end_of_record
TN:
SF:src/alliance/SignupForm.tsx
FN:23,validateWith
FN:24,(anonymous_3)
FN:35,SignupForm
FN:40,(anonymous_5)
FNF:4
FNH:4
FNDA:2,validateWith
FNDA:8,(anonymous_3)
FNDA:5,SignupForm
FNDA:10,(anonymous_5)
DA:1,2
DA:2,2
DA:4,2
DA:5,2
DA:6,2
DA:7,2
DA:8,2
DA:9,2
DA:10,2
DA:11,2
DA:12,2
DA:13,2
DA:14,2
DA:16,2
DA:24,2
DA:25,8
DA:26,2
DA:27,6
DA:28,4
DA:30,2
DA:35,2
DA:36,5
DA:37,5
DA:38,5
DA:41,10
DA:109,2
LF:26
LH:26
BRDA:25,0,0,2
BRDA:25,0,1,6
BRDA:27,1,0,4
BRDA:27,1,1,2
BRDA:27,2,0,6
BRDA:27,2,1,4
BRDA:43,3,0,10
BRDA:43,3,1,0
BRDA:84,4,0,10
BRDA:84,4,1,0
BRDA:92,5,0,0
BRDA:92,5,1,10
BRF:12
BRH:9
end_of_record
TN:
SF:src/alliance/gatherAllies.tsx
FN:1,gatherAllies
FNF:1
FNH:0
FNDA:0,gatherAllies
DA:1,0
DA:7,0
DA:8,0
DA:9,0
DA:10,0
LF:5
LH:0
BRDA:9,0,0,0
BRDA:9,0,1,0
BRF:2
BRH:0
end_of_record
TN:
SF:src/alliance/images/index.ts
FNF:0
FNH:0
DA:1,1
DA:2,1
DA:3,1
DA:4,1
DA:5,1
DA:6,1
DA:7,1
DA:8,1
DA:9,1
DA:10,1
DA:11,1
DA:12,1
DA:15,1
DA:16,1
DA:17,1
DA:18,1
DA:19,1
DA:20,1
DA:21,1
DA:22,1
DA:23,1
DA:24,1
DA:25,1
DA:26,1
LF:24
LH:24
BRF:0
BRH:0
end_of_record
TN:
SF:src/analytics/analytics.ts
FN:15,canTrack
FN:19,showVisitorCookieConsent
FN:23,initializeAnalytics
FN:32,(anonymous_5)
FN:32,(anonymous_6)
FN:42,agree
FN:48,(anonymous_8)
FN:56,track
FN:60,page
FN:66,noTrack
FNF:10
FNH:7
FNDA:2,canTrack
FNDA:0,showVisitorCookieConsent
FNDA:3,initializeAnalytics
FNDA:1,(anonymous_5)
FNDA:1,(anonymous_6)
FNDA:1,agree
FNDA:0,(anonymous_8)
FNDA:2,track
FNDA:0,page
FNDA:1,noTrack
DA:1,12
DA:2,12
DA:3,12
DA:12,12
DA:13,12
DA:15,12
DA:16,2
DA:19,12
DA:20,0
DA:23,12
DA:24,3
DA:25,1
DA:31,2
DA:32,1
DA:34,2
DA:35,1
DA:36,1
DA:37,1
DA:39,2
DA:42,12
DA:43,1
DA:44,1
DA:45,1
DA:48,12
DA:49,0
DA:52,12
DA:53,12
DA:55,12
DA:57,2
DA:58,2
DA:61,0
DA:62,0
DA:67,1
LF:33
LH:29
BRDA:24,0,0,1
BRDA:24,0,1,2
BRDA:24,1,0,3
BRDA:24,1,1,2
BRDA:31,2,0,1
BRDA:31,2,1,1
BRDA:34,3,0,1
BRDA:34,3,1,1
BRDA:67,4,0,0
BRDA:67,4,1,1
BRF:10
BRH:9
end_of_record
TN:
SF:src/animate/LottieBase.tsx
FN:12,(anonymous_2)
FN:17,(anonymous_3)
FN:36,(anonymous_4)
FN:40,(anonymous_5)
FN:44,(anonymous_6)
FNF:5
FNH:4
FNDA:16,(anonymous_2)
FNDA:16,(anonymous_3)
FNDA:0,(anonymous_4)
FNDA:14,(anonymous_5)
FNDA:16,(anonymous_6)
DA:1,22
DA:2,22
DA:12,22
DA:13,16
DA:17,16
DA:18,16
DA:29,16
DA:30,0
DA:32,16
DA:33,0
DA:36,16
DA:37,0
DA:40,16
DA:41,14
DA:45,16
DA:49,22
LF:16
LH:13
BRDA:24,0,0,0
BRDA:24,0,1,16
BRDA:29,1,0,0
BRDA:29,1,1,16
BRDA:29,2,0,16
BRDA:29,2,1,1
BRDA:32,3,0,0
BRDA:32,3,1,16
BRDA:32,4,0,16
BRDA:32,4,1,1
BRF:10
BRH:7
end_of_record
TN:
SF:src/carousel/PagingDots.tsx
FN:6,PagingDots
FN:11,(anonymous_2)
FN:13,(anonymous_3)
FNF:3
FNH:0
FNDA:0,PagingDots
FNDA:0,(anonymous_2)
FNDA:0,(anonymous_3)
DA:2,1
DA:3,1
DA:4,1
DA:6,1
DA:7,0
DA:12,0
DA:13,0
DA:14,0
DA:15,0
DA:28,1
DA:29,1
LF:11
LH:6
BRDA:19,0,0,0
BRDA:19,0,1,0
BRF:2
BRH:0
end_of_record
TN:
SF:src/community/Articles.tsx
FN:16,Articles
FN:25,(anonymous_3)
FN:29,(anonymous_4)
FN:44,Placeholder
FNF:4
FNH:3
FNDA:4,Articles
FNDA:2,(anonymous_3)
FNDA:0,(anonymous_4)
FNDA:2,Placeholder
DA:2,2
DA:3,2
DA:4,2
DA:5,2
DA:6,2
DA:7,2
DA:8,2
DA:16,2
DA:17,4
DA:19,4
DA:20,2
DA:23,2
DA:26,2
DA:30,0
DA:45,2
DA:66,2
LF:16
LH:15
BRDA:19,0,0,2
BRDA:19,0,1,2
BRF:2
BRH:2
end_of_record
TN:
SF:src/community/CodeOfConduct.tsx
FN:19,CodeOfConduct
FNF:1
FNH:1
FNDA:1,CodeOfConduct
DA:1,1
DA:2,1
DA:3,1
DA:4,1
DA:5,1
DA:6,1
DA:7,1
DA:8,1
DA:9,1
DA:10,1
DA:11,1
DA:17,1
DA:19,1
DA:20,1
DA:56,1
LF:15
LH:15
BRF:0
BRH:0
end_of_record
TN:
SF:src/community/CommunityPage.tsx
FN:33,(anonymous_2)
FN:27,(anonymous_3)
FNF:2
FNH:1
FNDA:1,(anonymous_2)
FNDA:0,(anonymous_3)
DA:1,1
DA:2,1
DA:3,1
DA:4,1
DA:5,1
DA:6,1
DA:7,1
DA:8,1
DA:9,1
DA:10,1
DA:11,1
DA:12,1
DA:13,1
DA:14,1
DA:15,1
DA:16,1
DA:17,1
DA:18,1
DA:23,1
DA:25,1
DA:27,1
DA:28,0
DA:34,1
DA:35,1
DA:73,1
LF:25
LH:24
BRF:0
BRH:0
end_of_record
TN:
SF:src/community/EcoFund.tsx
FN:34,(anonymous_2)
FN:39,(anonymous_3)
FN:42,(anonymous_4)
FN:46,(anonymous_5)
FN:127,(anonymous_6)
FN:129,(anonymous_7)
FN:176,(anonymous_8)
FN:178,(anonymous_9)
FN:222,invalidRecFields
FN:223,(anonymous_11)
FN:240,invalidApplicationFields
FN:241,(anonymous_13)
FNF:12
FNH:9
FNDA:7,(anonymous_2)
FNDA:0,(anonymous_3)
FNDA:2,(anonymous_4)
FNDA:9,(anonymous_5)
FNDA:26,(anonymous_6)
FNDA:182,(anonymous_7)
FNDA:9,(anonymous_8)
FNDA:45,(anonymous_9)
FNDA:0,invalidRecFields
FNDA:0,(anonymous_11)
FNDA:3,invalidApplicationFields
FNDA:21,(anonymous_13)
DA:1,2
DA:2,2
DA:3,2
DA:4,2
DA:5,2
DA:6,2
DA:7,2
DA:8,2
DA:9,2
DA:10,2
DA:11,2
DA:12,2
DA:13,2
DA:14,2
DA:15,2
DA:16,2
DA:17,2
DA:18,2
DA:19,2
DA:20,2
DA:35,7
DA:39,7
DA:40,0
DA:42,7
DA:43,2
DA:47,9
DA:48,9
DA:128,26
DA:130,182
DA:177,9
DA:179,45
DA:214,2
DA:223,0
DA:224,0
DA:230,2
DA:241,3
DA:242,21
DA:243,3
DA:244,18
DA:245,3
DA:246,15
DA:247,3
DA:249,12
DA:254,2
DA:256,2
LF:45
LH:42
BRDA:55,0,0,9
BRDA:55,0,1,9
BRDA:96,1,0,0
BRDA:96,1,1,9
BRDA:117,2,0,9
BRDA:117,2,1,2
BRDA:134,3,0,52
BRDA:134,3,1,130
BRDA:133,4,0,182
BRDA:133,4,1,156
BRDA:165,5,0,9
BRDA:165,5,1,7
BRDA:181,6,0,9
BRDA:181,6,1,36
BRDA:225,7,0,0
BRDA:225,7,1,0
BRDA:224,8,0,0
BRDA:224,8,1,0
BRDA:242,9,0,3
BRDA:242,9,1,18
BRDA:244,10,0,3
BRDA:244,10,1,15
BRDA:245,11,0,0
BRDA:245,11,1,3
BRDA:246,12,0,3
BRDA:246,12,1,12
BRF:26
BRH:20
end_of_record
TN:
SF:src/community/PastEventsPage.tsx
FN:17,(anonymous_2)
FN:18,(anonymous_3)
FN:27,(anonymous_4)
FN:32,(anonymous_5)
FNF:4
FNH:3
FNDA:1,(anonymous_2)
FNDA:0,(anonymous_3)
FNDA:1,(anonymous_4)
FNDA:2,(anonymous_5)
DA:2,1
DA:3,1
DA:4,1
DA:5,1
DA:6,1
DA:7,1
DA:8,1
DA:10,1
DA:17,1
DA:19,0
DA:22,1
DA:28,1
DA:29,1
DA:33,2
LF:14
LH:13
BRF:0
BRH:0
end_of_record
TN:
SF:src/community/connect/ArticleData.tsx
FN:9,getArticles
FN:27,(anonymous_3)
FN:30,(anonymous_4)
FN:41,(anonymous_5)
FNF:4
FNH:4
FNDA:2,getArticles
FNDA:2,(anonymous_3)
FNDA:2,(anonymous_4)
FNDA:4,(anonymous_5)
DA:1,2
DA:3,2
DA:4,2
DA:5,2
DA:7,2
DA:10,2
DA:12,2
DA:13,2
DA:27,2
DA:28,2
DA:30,2
DA:31,2
DA:32,2
DA:33,2
DA:35,0
DA:36,0
DA:37,0
DA:42,4
DA:43,4
DA:44,0
DA:46,4
LF:21
LH:17
BRDA:10,0,0,1
BRDA:10,0,1,1
BRDA:43,1,0,0
BRDA:43,1,1,4
BRF:4
BRH:3
end_of_record
TN:
SF:src/community/connect/ArticlesSection.tsx
FN:22,(anonymous_2)
FNF:1
FNH:1
FNDA:4,(anonymous_2)
DA:2,2
DA:3,2
DA:4,2
DA:5,2
DA:6,2
DA:7,2
DA:8,2
DA:9,2
DA:10,2
DA:11,2
DA:12,2
DA:23,4
DA:24,4
DA:60,2
LF:14
LH:14
BRF:0
BRH:0
end_of_record
TN:
SF:src/community/connect/CeloRoles.tsx
FN:6,CeloContributors
FNF:1
FNH:1
FNDA:1,CeloContributors
DA:1,1
DA:2,1
DA:3,1
DA:4,1
DA:6,1
DA:7,1
DA:14,1
LF:7
LH:7
BRF:0
BRH:0
end_of_record
TN:
SF:src/community/connect/CodeOfConduct.tsx
FN:17,CodeOfConduct
FN:59,IntegratingAnimation
FN:143,buildCoinStyles
FN:151,keyFrames
FNF:4
FNH:4
FNDA:1,CodeOfConduct
FNDA:1,IntegratingAnimation
FNDA:8,buildCoinStyles
FNDA:8,keyFrames
DA:1,2
DA:2,2
DA:3,2
DA:4,2
DA:5,2
DA:6,2
DA:7,2
DA:8,2
DA:9,2
DA:10,2
DA:11,2
DA:12,2
DA:13,2
DA:17,2
DA:18,1
DA:59,2
DA:60,1
DA:61,1
DA:62,1
DA:101,2
DA:103,2
DA:105,2
DA:107,2
DA:108,2
DA:109,2
DA:110,2
DA:112,2
DA:144,8
DA:152,8
DA:166,2
LF:30
LH:30
BRDA:29,0,0,0
BRDA:29,0,1,1
BRDA:60,1,0,0
BRDA:60,1,1,1
BRDA:73,2,0,0
BRDA:73,2,1,1
BRDA:80,3,0,0
BRDA:80,3,1,1
BRDA:87,4,0,0
BRDA:87,4,1,1
BRDA:94,5,0,0
BRDA:94,5,1,1
BRF:12
BRH:6
end_of_record
TN:
SF:src/community/connect/Contribute.tsx
FN:10,Contribute
FNF:1
FNH:1
FNDA:1,Contribute
DA:1,1
DA:2,1
DA:3,1
DA:4,1
DA:5,1
DA:6,1
DA:7,1
DA:8,1
DA:11,1
DA:38,1
DA:40,1
LF:11
LH:11
BRF:0
BRH:0
end_of_record
TN:
SF:src/community/connect/CoverArea.tsx
FN:12,CoverArea
FN:51,_FourWords
FN:65,getWordContainerStyle
FNF:3
FNH:3
FNDA:1,CoverArea
FNDA:1,_FourWords
FNDA:1,getWordContainerStyle
DA:1,1
DA:2,1
DA:3,1
DA:4,1
DA:5,1
DA:6,1
DA:7,1
DA:8,1
DA:9,1
DA:10,1
DA:12,1
DA:13,1
DA:14,1
DA:15,1
DA:51,1
DA:52,1
DA:53,1
DA:66,1
DA:68,0
DA:70,0
DA:74,1
LF:21
LH:19
BRDA:22,0,0,1
BRDA:22,0,1,1
BRDA:24,1,0,0
BRDA:24,1,1,1
BRDA:67,2,0,0
BRDA:67,2,1,0
BRF:6
BRH:3
end_of_record
TN:
SF:src/community/connect/EventRow.tsx
FN:19,(anonymous_2)
FN:31,(anonymous_3)
FN:57,(anonymous_4)
FN:107,(anonymous_5)
FNF:4
FNH:4
FNDA:4,(anonymous_2)
FNDA:4,(anonymous_3)
FNDA:4,(anonymous_4)
FNDA:4,(anonymous_5)
DA:2,3
DA:3,3
DA:4,3
DA:5,3
DA:6,3
DA:7,3
DA:8,3
DA:9,3
DA:10,3
DA:20,4
DA:21,4
DA:22,4
DA:23,2
DA:25,4
DA:26,2
DA:28,4
DA:43,4
DA:45,4
DA:46,4
DA:47,4
DA:48,4
DA:49,4
DA:58,4
DA:59,4
DA:108,4
DA:109,4
DA:110,0
DA:120,4
DA:121,0
DA:131,4
DA:135,3
DA:137,3
DA:138,3
LF:33
LH:31
BRDA:22,0,0,2
BRDA:22,0,1,2
BRDA:25,1,0,2
BRDA:25,1,1,2
BRDA:65,2,0,4
BRDA:65,2,1,0
BRDA:65,2,2,0
BRDA:73,3,0,4
BRDA:73,3,1,0
BRDA:73,3,2,0
BRDA:78,4,0,4
BRDA:78,4,1,0
BRDA:82,5,0,4
BRDA:82,5,1,4
BRDA:109,6,0,0
BRDA:109,6,1,4
BRDA:109,7,0,4
BRDA:109,7,1,0
BRDA:109,7,2,0
BRDA:120,8,0,0
BRDA:120,8,1,4
BRDA:120,9,0,4
BRDA:120,9,1,0
BRF:23
BRH:13
end_of_record
TN:
SF:src/community/connect/Events.tsx
FN:23,(anonymous_2)
FN:32,(anonymous_3)
FN:38,(anonymous_4)
FN:39,(anonymous_5)
FN:42,(anonymous_6)
FN:46,(anonymous_7)
FN:55,(anonymous_8)
FN:61,(anonymous_9)
FN:64,(anonymous_10)
FN:78,(anonymous_11)
FN:86,(anonymous_12)
FN:151,keyExtractor
FN:155,hasEvents
FN:159,filterEvents
FN:161,(anonymous_16)
FN:186,PlaceHolder
FNF:16
FNH:12
FNDA:3,(anonymous_2)
FNDA:7,(anonymous_3)
FNDA:0,(anonymous_4)
FNDA:0,(anonymous_5)
FNDA:0,(anonymous_6)
FNDA:27,(anonymous_7)
FNDA:9,(anonymous_8)
FNDA:27,(anonymous_9)
FNDA:7,(anonymous_10)
FNDA:4,(anonymous_11)
FNDA:9,(anonymous_12)
FNDA:10,keyExtractor
FNDA:27,hasEvents
FNDA:2,filterEvents
FNDA:0,(anonymous_16)
FNDA:3,PlaceHolder
DA:2,3
DA:3,3
DA:4,3
DA:5,3
DA:6,3
DA:7,3
DA:8,3
DA:9,3
DA:10,3
DA:11,3
DA:12,3
DA:23,3
DA:24,3
DA:25,3
DA:33,7
DA:38,7
DA:39,0
DA:42,7
DA:43,0
DA:46,7
DA:47,27
DA:48,2
DA:49,2
DA:50,2
DA:55,7
DA:56,9
DA:57,9
DA:61,27
DA:64,7
DA:65,7
DA:66,3
DA:69,4
DA:78,7
DA:79,4
DA:87,9
DA:88,9
DA:152,10
DA:156,27
DA:160,2
DA:161,0
DA:162,0
DA:164,0
DA:166,0
DA:170,0
DA:172,2
DA:175,3
DA:177,3
DA:187,3
LF:48
LH:41
BRDA:23,0,0,3
BRDA:23,0,1,3
BRDA:39,1,0,0
BRDA:39,1,1,0
BRDA:47,2,0,2
BRDA:47,2,1,25
BRDA:49,3,0,2
BRDA:49,3,1,0
BRDA:65,4,0,3
BRDA:65,4,1,4
BRDA:134,5,0,9
BRDA:134,5,1,7
BRDA:156,6,0,27
BRDA:156,6,1,13
BRDA:156,6,2,11
BRDA:160,7,0,0
BRDA:160,7,1,2
BRDA:163,8,0,0
BRDA:163,8,1,0
BRF:19
BRH:13
end_of_record
TN:
SF:src/community/connect/EventsData.tsx
FN:5,getEvents
FN:15,(anonymous_3)
FN:18,(anonymous_4)
FN:23,(anonymous_5)
FNF:4
FNH:4
FNDA:2,getEvents
FNDA:1,(anonymous_3)
FNDA:1,(anonymous_4)
FNDA:2,(anonymous_5)
DA:1,2
DA:2,2
DA:3,2
DA:5,2
DA:6,2
DA:12,2
DA:15,2
DA:16,1
DA:18,1
DA:19,1
DA:20,1
DA:24,2
DA:26,2
LF:13
LH:13
BRF:0
BRH:0
end_of_record
TN:
SF:src/community/connect/Fellow.tsx
FN:19,(anonymous_2)
FNF:1
FNH:1
FNDA:3,(anonymous_2)
DA:1,1
DA:2,1
DA:3,1
DA:4,1
DA:5,1
DA:6,1
DA:18,1
DA:20,3
DA:21,3
DA:50,1
LF:10
LH:10
BRF:0
BRH:0
end_of_record
TN:
SF:src/community/connect/FellowSection.tsx
FN:14,(anonymous_2)
FNF:1
FNH:1
FNDA:1,(anonymous_2)
DA:1,1
DA:2,1
DA:3,1
DA:4,1
DA:5,1
DA:6,1
DA:7,1
DA:8,1
DA:9,1
DA:11,1
DA:15,1
DA:16,1
DA:42,1
LF:13
LH:13
BRF:0
BRH:0
end_of_record
TN:
SF:src/community/connect/FellowViewer.tsx
FN:65,(anonymous_2)
FN:67,(anonymous_3)
FN:70,(anonymous_4)
FN:89,(anonymous_5)
FNF:4
FNH:4
FNDA:1,(anonymous_2)
FNDA:1,(anonymous_3)
FNDA:1,(anonymous_4)
FNDA:3,(anonymous_5)
DA:1,1
DA:2,1
DA:3,1
DA:4,1
DA:5,1
DA:6,1
DA:7,1
DA:8,1
DA:9,1
DA:11,1
DA:67,1
DA:71,1
DA:90,3
DA:99,1
LF:14
LH:14
BRDA:75,0,0,0
BRDA:75,0,1,1
BRF:2
BRH:1
end_of_record
TN:
SF:src/community/connect/FellowshipForm.tsx
FN:16,(anonymous_2)
FN:20,(anonymous_3)
FN:111,blankForm
FN:115,validateFields
FN:116,(anonymous_6)
FNF:5
FNH:5
FNDA:5,(anonymous_2)
FNDA:14,(anonymous_3)
FNDA:5,blankForm
FNDA:2,validateFields
FNDA:12,(anonymous_6)
DA:2,2
DA:3,2
DA:4,2
DA:5,2
DA:6,2
DA:7,2
DA:8,2
DA:9,2
DA:10,2
DA:11,2
DA:12,2
DA:13,2
DA:15,2
DA:17,5
DA:18,5
DA:21,14
DA:112,5
DA:116,2
DA:117,12
DA:121,2
DA:140,2
DA:142,2
LF:22
LH:22
BRDA:117,0,0,2
BRDA:117,0,1,10
BRF:2
BRH:2
end_of_record
TN:
SF:src/community/connect/FullCircle.tsx
FN:43,(anonymous_2)
FN:53,(anonymous_3)
FN:58,(anonymous_4)
FN:64,(anonymous_5)
FN:68,(anonymous_6)
FN:69,(anonymous_7)
FN:81,(anonymous_8)
FN:86,(anonymous_9)
FN:90,(anonymous_10)
FN:97,(anonymous_11)
FN:116,setFrame
FN:139,pickRandom
FN:143,getKeyframes
FN:185,nextSoloIndex
FN:204,getTogetherIndexes
FN:217,isTogetherBeat
FN:229,ringStyle
FNF:17
FNH:12
FNDA:3,(anonymous_2)
FNDA:3,(anonymous_3)
FNDA:0,(anonymous_4)
FNDA:2,(anonymous_5)
FNDA:3,(anonymous_6)
FNDA:3,(anonymous_7)
FNDA:0,(anonymous_8)
FNDA:12,(anonymous_9)
FNDA:6,(anonymous_10)
FNDA:306,(anonymous_11)
FNDA:0,setFrame
FNDA:3,pickRandom
FNDA:0,getKeyframes
FNDA:0,nextSoloIndex
FNDA:3,getTogetherIndexes
FNDA:12,isTogetherBeat
FNDA:306,ringStyle
DA:1,2
DA:3,2
DA:4,2
DA:5,2
DA:6,2
DA:7,2
DA:8,2
DA:9,2
DA:11,2
DA:12,2
DA:13,2
DA:14,2
DA:16,2
DA:18,2
DA:19,2
DA:21,2
DA:23,2
DA:24,2
DA:25,2
DA:27,2
DA:43,2
DA:45,3
DA:53,3
DA:54,3
DA:55,0
DA:56,0
DA:58,0
DA:60,3
DA:64,3
DA:65,2
DA:68,3
DA:69,3
DA:70,3
DA:71,3
DA:81,3
DA:82,0
DA:83,0
DA:86,3
DA:87,12
DA:91,6
DA:92,6
DA:95,6
DA:98,306
DA:99,306
DA:100,12
DA:102,306
DA:109,306
DA:117,0
DA:118,0
DA:119,0
DA:120,0
DA:121,0
DA:124,0
DA:126,0
DA:127,0
DA:130,0
DA:140,3
DA:144,0
DA:150,0
DA:154,0
DA:159,0
DA:170,2
DA:179,2
DA:187,0
DA:189,0
DA:191,0
DA:192,0
DA:195,0
DA:196,0
DA:199,0
DA:205,3
DA:207,3
DA:208,3
DA:209,0
DA:210,0
DA:213,3
DA:218,12
DA:230,306
DA:239,306
DA:240,12
DA:247,294
DA:248,0
DA:253,306
DA:256,2
LF:84
LH:56
BRDA:54,0,0,0
BRDA:54,0,1,3
BRDA:55,1,0,0
BRDA:55,1,1,0
BRDA:87,2,0,12
BRDA:87,2,1,0
BRDA:93,3,0,6
BRDA:93,3,1,0
BRDA:99,4,0,12
BRDA:99,4,1,294
BRDA:103,5,0,12
BRDA:103,5,1,294
BRDA:121,6,0,0
BRDA:121,6,1,0
BRDA:124,7,0,0
BRDA:124,7,1,0
BRDA:126,8,0,0
BRDA:126,8,1,0
BRDA:134,9,0,0
BRDA:134,9,1,0
BRDA:140,10,0,3
BRDA:140,10,1,0
BRDA:187,11,0,0
BRDA:187,11,1,0
BRDA:191,12,0,0
BRDA:191,12,1,0
BRDA:195,13,0,0
BRDA:195,13,1,0
BRDA:207,14,0,3
BRDA:207,14,1,0
BRDA:209,15,0,0
BRDA:209,15,1,0
BRDA:233,16,0,306
BRDA:233,16,1,0
BRDA:235,17,0,0
BRDA:235,17,1,0
BRDA:239,18,0,12
BRDA:239,18,1,294
BRDA:239,19,0,306
BRDA:239,19,1,306
BRDA:247,20,0,0
BRDA:247,20,1,294
BRF:42
BRH:15
end_of_record
TN:
SF:src/community/connect/QuarterCircle.tsx
FN:11,(anonymous_2)
FN:12,(anonymous_3)
FN:20,(anonymous_4)
FN:30,(anonymous_5)
FN:75,pathStyle
FNF:5
FNH:5
FNDA:1,(anonymous_2)
FNDA:1,(anonymous_3)
FNDA:1,(anonymous_4)
FNDA:43,(anonymous_5)
FNDA:3,pathStyle
DA:1,1
DA:2,1
DA:3,1
DA:4,1
DA:5,1
DA:6,1
DA:7,1
DA:8,1
DA:12,1
DA:13,1
DA:21,1
DA:22,1
DA:23,1
DA:31,43
DA:32,43
DA:33,3
DA:34,3
DA:37,43
DA:46,1
DA:48,1
DA:49,1
DA:50,1
DA:52,1
DA:58,1
DA:59,1
DA:61,1
DA:66,1
DA:70,1
DA:76,3
DA:78,3
DA:90,1
LF:31
LH:31
BRDA:32,0,0,3
BRDA:32,0,1,40
BRDA:84,1,0,1
BRDA:84,1,1,2
BRF:4
BRH:4
end_of_record
TN:
SF:src/community/connect/QuarterRingOfVectors.ts
FNF:0
FNH:0
DA:1,1
LF:1
LH:1
BRF:0
BRH:0
end_of_record
TN:
SF:src/community/connect/RingOfCoinVectors.ts
FNF:0
FNH:0
DA:1,3
LF:1
LH:1
BRF:0
BRH:0
end_of_record
TN:
SF:src/community/connect/Tenets.tsx
FN:41,(anonymous_2)
FN:43,(anonymous_3)
FN:45,(anonymous_4)
FN:76,(anonymous_5)
FN:105,(anonymous_6)
FNF:5
FNH:5
FNDA:1,(anonymous_2)
FNDA:1,(anonymous_3)
FNDA:1,(anonymous_4)
FNDA:4,(anonymous_5)
FNDA:4,(anonymous_6)
DA:1,1
DA:2,1
DA:3,1
DA:4,1
DA:5,1
DA:6,1
DA:7,1
DA:8,1
DA:9,1
DA:10,1
DA:11,1
DA:15,1
DA:17,1
DA:43,1
DA:46,1
DA:47,1
DA:77,4
DA:78,4
DA:106,4
DA:107,4
DA:130,1
DA:131,1
DA:155,1
LF:23
LH:23
BRF:0
BRH:0
end_of_record
TN:
SF:src/dev/CodeEditor.tsx
FN:7,CodeEditor
FNF:1
FNH:0
FNDA:0,CodeEditor
DA:1,0
DA:2,0
DA:3,0
DA:5,0
DA:7,0
DA:8,0
LF:6
LH:0
BRF:0
BRH:0
end_of_record
TN:
SF:src/dev/CopyToClipboard.tsx
FN:17,(anonymous_2)
FN:23,(anonymous_3)
FN:24,(anonymous_4)
FN:26,(anonymous_5)
FN:32,(anonymous_6)
FN:36,(anonymous_7)
FNF:6
FNH:2
FNDA:6,(anonymous_2)
FNDA:0,(anonymous_3)
FNDA:0,(anonymous_4)
FNDA:0,(anonymous_5)
FNDA:0,(anonymous_6)
FNDA:6,(anonymous_7)
DA:1,1
DA:2,1
DA:3,1
DA:4,1
DA:5,1
DA:6,1
DA:18,6
DA:23,6
DA:24,6
DA:27,0
DA:28,0
DA:29,0
DA:30,0
DA:31,0
DA:32,0
DA:37,6
DA:38,6
DA:39,6
DA:55,1
DA:57,1
LF:20
LH:14
BRDA:29,0,0,0
BRDA:29,0,1,0
BRDA:42,1,0,0
BRDA:42,1,1,6
BRDA:46,2,0,0
BRDA:46,2,1,6
BRF:6
BRH:2
end_of_record
TN:
SF:src/dev/Cover.tsx
FN:14,Cover
FN:37,_TitleAndSubtile
FNF:2
FNH:2
FNDA:1,Cover
FNDA:1,_TitleAndSubtile
DA:1,1
DA:2,1
DA:3,1
DA:4,1
DA:5,1
DA:6,1
DA:7,1
DA:8,1
DA:9,1
DA:11,1
DA:12,1
DA:14,1
DA:15,1
DA:37,1
DA:42,1
DA:67,1
DA:102,1
LF:17
LH:17
BRF:0
BRH:0
end_of_record
TN:
SF:src/dev/CoverAction.tsx
FN:19,CoverAction
FN:24,(anonymous_3)
FNF:2
FNH:2
FNDA:6,CoverAction
FNDA:6,(anonymous_3)
DA:1,2
DA:2,2
DA:3,2
DA:4,2
DA:5,2
DA:6,2
DA:17,2
DA:19,2
DA:20,6
DA:25,6
DA:49,2
LF:11
LH:11
BRDA:21,0,0,0
BRDA:21,0,1,6
BRDA:22,1,0,6
BRDA:22,1,1,0
BRDA:29,2,0,6
BRDA:29,2,1,0
BRDA:38,3,0,6
BRDA:38,3,1,0
BRDA:44,4,0,6
BRDA:44,4,1,4
BRF:10
BRH:6
end_of_record
TN:
SF:src/dev/CoverActions.tsx
FN:16,CoverActions
FNF:1
FNH:1
FNDA:1,CoverActions
DA:1,1
DA:2,1
DA:3,1
DA:4,1
DA:5,1
DA:6,1
DA:7,1
DA:8,1
DA:9,1
DA:10,1
DA:11,1
DA:15,1
DA:17,1
DA:57,1
LF:14
LH:14
BRDA:27,0,0,0
BRDA:27,0,1,1
BRF:2
BRH:1
end_of_record
TN:
SF:src/dev/DeveloperPhoneCover.tsx
FN:16,Cover
FNF:1
FNH:1
FNDA:1,Cover
DA:1,1
DA:2,1
DA:3,1
DA:4,1
DA:5,1
DA:6,1
DA:7,1
DA:8,1
DA:9,1
DA:10,1
DA:12,1
DA:13,1
DA:14,1
DA:16,1
DA:17,1
DA:50,1
DA:79,1
LF:17
LH:17
BRF:0
BRH:0
end_of_record
TN:
SF:src/dev/DevelopersPage.tsx
FN:14,(anonymous_2)
FNF:1
FNH:1
FNDA:1,(anonymous_2)
DA:1,1
DA:2,1
DA:3,1
DA:4,1
DA:5,1
DA:6,1
DA:7,1
DA:8,1
DA:9,1
DA:10,1
DA:11,1
DA:12,1
DA:15,1
DA:16,1
DA:39,1
DA:41,1
LF:16
LH:16
BRF:0
BRH:0
end_of_record
TN:
SF:src/dev/Engage.tsx
FN:20,_Engage
FN:39,_Content
FN:74,_Aside
FN:107,Contribute
FN:138,Meet
FN:171,EngageAsDeveloper
FN:218,EngageAsValidator
FNF:7
FNH:7
FNDA:1,_Engage
FNDA:2,_Content
FNDA:4,_Aside
FNDA:1,Contribute
FNDA:1,Meet
FNDA:1,EngageAsDeveloper
FNDA:1,EngageAsValidator
DA:1,2
DA:2,2
DA:10,2
DA:11,2
DA:12,2
DA:13,2
DA:14,2
DA:15,2
DA:16,2
DA:17,2
DA:18,2
DA:20,2
DA:21,1
DA:39,2
DA:40,2
DA:74,2
DA:82,4
DA:83,4
DA:107,2
DA:108,1
DA:109,1
DA:138,2
DA:139,1
DA:140,1
DA:171,2
DA:172,1
DA:173,1
DA:174,1
DA:218,2
DA:219,1
DA:220,1
DA:221,1
DA:264,2
LF:33
LH:33
BRDA:42,0,0,2
BRDA:42,0,1,1
BRDA:43,1,0,2
BRDA:43,1,1,1
BRDA:54,2,0,0
BRDA:54,2,1,2
BRDA:86,3,0,4
BRDA:86,3,1,4
BRDA:98,4,0,4
BRDA:98,4,1,0
BRF:10
BRH:8
end_of_record
TN:
SF:src/dev/FaucetPage.tsx
FN:28,(anonymous_2)
FN:22,(anonymous_3)
FN:96,ContentWithCTA
FNF:3
FNH:2
FNDA:1,(anonymous_2)
FNDA:0,(anonymous_3)
FNDA:4,ContentWithCTA
DA:1,1
DA:2,1
DA:3,1
DA:4,1
DA:6,1
DA:7,1
DA:8,1
DA:9,1
DA:10,1
DA:11,1
DA:12,1
DA:13,1
DA:14,1
DA:22,1
DA:23,0
DA:29,1
DA:31,1
DA:97,4
DA:108,1
DA:110,1
LF:20
LH:19
BRF:0
BRH:0
end_of_record
TN:
SF:src/dev/Feature.tsx
FN:15,Feature
FN:19,(anonymous_3)
FNF:2
FNH:2
FNDA:16,Feature
FNDA:16,(anonymous_3)
DA:1,2
DA:2,2
DA:3,2
DA:4,2
DA:13,2
DA:15,2
DA:16,16
DA:20,16
DA:30,2
DA:32,2
LF:10
LH:10
BRF:0
BRH:0
end_of_record
TN:
SF:src/dev/Features.tsx
FN:22,Features
FNF:1
FNH:1
FNDA:2,Features
DA:1,2
DA:2,2
DA:3,2
DA:4,2
DA:5,2
DA:6,2
DA:7,2
DA:8,2
DA:9,2
DA:10,2
DA:11,2
DA:12,2
DA:13,2
DA:14,2
DA:15,2
DA:16,2
DA:17,2
DA:21,2
DA:23,2
DA:99,2
LF:20
LH:20
BRF:0
BRH:0
end_of_record
TN:
SF:src/dev/FullStack.tsx
FN:18,(anonymous_2)
FN:21,(anonymous_3)
FN:28,(anonymous_4)
FN:41,(anonymous_5)
FN:47,(anonymous_6)
FN:61,(anonymous_7)
FN:75,(anonymous_8)
FN:79,(anonymous_9)
FN:83,(anonymous_10)
FN:87,(anonymous_11)
FN:91,(anonymous_12)
FN:95,(anonymous_13)
FN:136,(anonymous_14)
FN:109,(anonymous_15)
FN:110,(anonymous_16)
FN:128,(anonymous_17)
FN:132,(anonymous_18)
FN:147,(anonymous_19)
FNF:18
FNH:7
FNDA:2,(anonymous_2)
FNDA:2,(anonymous_3)
FNDA:2,(anonymous_4)
FNDA:2,(anonymous_5)
FNDA:0,(anonymous_6)
FNDA:0,(anonymous_7)
FNDA:0,(anonymous_8)
FNDA:0,(anonymous_9)
FNDA:0,(anonymous_10)
FNDA:0,(anonymous_11)
FNDA:0,(anonymous_12)
FNDA:0,(anonymous_13)
FNDA:2,(anonymous_14)
FNDA:0,(anonymous_15)
FNDA:0,(anonymous_16)
FNDA:2,(anonymous_17)
FNDA:0,(anonymous_18)
FNDA:2,(anonymous_19)
DA:1,2
DA:2,2
DA:3,2
DA:4,2
DA:6,2
DA:7,2
DA:8,2
DA:9,2
DA:10,2
DA:11,2
DA:12,2
DA:13,2
DA:14,2
DA:15,2
DA:16,2
DA:17,2
DA:18,2
DA:21,2
DA:22,2
DA:23,2
DA:24,2
DA:25,2
DA:28,2
DA:29,2
DA:30,2
DA:31,2
DA:39,2
DA:42,2
DA:44,2
DA:45,2
DA:47,2
DA:48,0
DA:49,0
DA:50,0
DA:53,0
DA:54,0
DA:55,0
DA:58,0
DA:60,0
DA:61,0
DA:62,0
DA:64,0
DA:65,0
DA:67,0
DA:71,0
DA:75,2
DA:76,0
DA:79,2
DA:80,0
DA:83,2
DA:84,0
DA:87,2
DA:88,0
DA:91,2
DA:92,0
DA:95,2
DA:96,0
DA:98,0
DA:99,0
DA:101,0
DA:102,0
DA:104,0
DA:105,0
DA:110,0
DA:111,0
DA:112,0
DA:113,0
DA:114,0
DA:116,0
DA:117,0
DA:118,0
DA:119,0
DA:120,0
DA:121,0
DA:123,0
DA:129,2
DA:133,0
DA:136,2
DA:137,2
DA:139,0
DA:141,0
DA:143,2
DA:148,2
DA:149,2
DA:150,2
DA:152,2
DA:154,2
DA:259,2
DA:261,2
LF:89
LH:48
BRDA:21,0,0,2
BRDA:21,0,1,2
BRDA:28,1,0,2
BRDA:28,1,1,2
BRDA:48,2,0,0
BRDA:48,2,1,0
BRDA:54,3,0,0
BRDA:54,3,1,0
BRDA:60,4,0,0
BRDA:60,4,1,0
BRDA:64,5,0,0
BRDA:64,5,1,0
BRDA:97,6,0,0
BRDA:97,6,1,0
BRDA:97,6,2,0
BRDA:138,7,0,0
BRDA:138,7,1,0
BRDA:138,7,2,2
BRDA:116,8,0,0
BRDA:116,8,1,0
BRDA:118,9,0,0
BRDA:118,9,1,0
BRDA:120,10,0,0
BRDA:120,10,1,0
BRDA:150,11,0,2
BRDA:150,11,1,0
BRDA:152,12,0,0
BRDA:152,12,1,2
BRDA:172,13,0,2
BRDA:172,13,1,0
BRDA:181,14,0,2
BRDA:181,14,1,0
BRDA:186,15,0,2
BRDA:186,15,1,0
BRDA:201,16,0,2
BRDA:201,16,1,2
BRDA:214,17,0,2
BRDA:214,17,1,2
BRDA:228,18,0,2
BRDA:228,18,1,0
BRDA:229,19,0,2
BRDA:229,19,1,0
BRF:42
BRH:16
end_of_record
TN:
SF:src/dev/LayersIllo.tsx
FN:18,LayersIllo
FN:21,(anonymous_3)
FN:22,(anonymous_4)
FNF:3
FNH:0
FNDA:0,LayersIllo
FNDA:0,(anonymous_3)
FNDA:0,(anonymous_4)
DA:1,2
DA:2,2
DA:3,2
DA:4,2
DA:5,2
DA:7,2
DA:18,2
DA:19,0
DA:22,0
DA:23,0
DA:41,2
LF:11
LH:8
BRDA:30,0,0,0
BRDA:30,0,1,0
BRDA:30,1,0,0
BRDA:30,1,1,0
BRF:4
BRH:0
end_of_record
TN:
SF:src/dev/LeaderBoard.tsx
FN:46,round
FN:51,getJersey
FN:56,sorter
FN:65,(anonymous_5)
FN:73,(anonymous_6)
FN:78,(anonymous_7)
FN:79,(anonymous_8)
FN:86,(anonymous_9)
FN:94,(anonymous_10)
FN:99,(anonymous_11)
FN:120,(anonymous_12)
FN:123,(anonymous_13)
FN:124,(anonymous_14)
FN:200,Axis
FN:208,(anonymous_16)
FN:223,Link
FNF:16
FNH:15
FNDA:58,round
FNDA:28,getJersey
FNDA:33,sorter
FNDA:2,(anonymous_5)
FNDA:2,(anonymous_6)
FNDA:1,(anonymous_7)
FNDA:1,(anonymous_8)
FNDA:0,(anonymous_9)
FNDA:3,(anonymous_10)
FNDA:36,(anonymous_11)
FNDA:28,(anonymous_12)
FNDA:28,(anonymous_13)
FNDA:28,(anonymous_14)
FNDA:3,Axis
FNDA:24,(anonymous_16)
FNDA:3,Link
DA:1,1
DA:2,1
DA:3,1
DA:4,1
DA:5,1
DA:6,1
DA:7,1
DA:8,1
DA:9,1
DA:10,1
DA:11,1
DA:12,1
DA:32,1
DA:34,1
DA:36,1
DA:38,1
DA:40,1
DA:42,1
DA:44,1
DA:47,58
DA:48,58
DA:52,28
DA:53,28
DA:57,33
DA:58,33
DA:59,0
DA:60,0
DA:62,0
DA:66,2
DA:73,2
DA:74,2
DA:75,2
DA:78,2
DA:79,1
DA:86,2
DA:87,0
DA:95,3
DA:96,3
DA:97,3
DA:99,36
DA:104,3
DA:105,0
DA:108,3
DA:109,3
DA:110,3
DA:111,3
DA:112,3
DA:113,3
DA:114,3
DA:121,28
DA:123,28
DA:125,28
DA:193,1
DA:201,3
DA:202,3
DA:203,3
DA:204,3
DA:209,24
DA:210,24
DA:224,3
DA:227,1
LF:61
LH:56
BRDA:47,0,0,58
BRDA:47,0,1,31
BRDA:57,1,0,33
BRDA:57,1,1,0
BRDA:59,2,0,0
BRDA:59,2,1,0
BRDA:101,3,0,0
BRDA:101,3,1,36
BRDA:104,4,0,0
BRDA:104,4,1,3
BRDA:109,5,0,2
BRDA:109,5,1,1
BRDA:110,6,0,1
BRDA:110,6,1,2
BRDA:139,7,0,3
BRDA:139,7,1,3
BRDA:149,8,0,3
BRDA:149,8,1,2
BRDA:160,9,0,3
BRDA:160,9,1,1
BRDA:202,10,0,0
BRDA:202,10,1,3
BRF:22
BRH:16
end_of_record
TN:
SF:src/dev/Phone.tsx
FN:8,Phone
FN:33,GreenLine
FNF:2
FNH:2
FNDA:1,Phone
FNDA:1,GreenLine
DA:1,1
DA:2,1
DA:3,1
DA:4,1
DA:5,1
DA:6,1
DA:9,1
DA:34,1
DA:44,1
DA:46,1
DA:48,1
DA:52,1
LF:12
LH:12
BRF:0
BRH:0
end_of_record
TN:
SF:src/dev/ProgressCutBar.tsx
FN:15,ProgressCutBarFn
FN:16,(anonymous_2)
FN:27,(anonymous_3)
FNF:3
FNH:3
FNDA:6,ProgressCutBarFn
FNDA:36,(anonymous_2)
FNDA:36,(anonymous_3)
DA:1,1
DA:2,1
DA:4,1
DA:15,1
DA:16,6
DA:17,36
DA:18,36
DA:19,36
DA:20,5
DA:22,31
DA:25,6
DA:28,36
DA:35,1
DA:37,1
LF:14
LH:14
BRDA:19,0,0,5
BRDA:19,0,1,31
BRDA:19,1,0,36
BRDA:19,1,1,10
BRDA:22,2,0,5
BRDA:22,2,1,26
BRF:6
BRH:6
end_of_record
TN:
SF:src/dev/Racer.tsx
FN:15,Racer
FNF:1
FNH:0
FNDA:0,Racer
DA:1,1
DA:2,1
DA:4,1
DA:5,1
DA:13,1
DA:15,1
DA:20,0
DA:31,0
DA:33,0
DA:53,1
LF:10
LH:7
BRF:0
BRH:0
end_of_record
TN:
SF:src/dev/Sandbox.tsx
FN:10,Sandbox
FN:44,trackSandBoxClick
FNF:2
FNH:0
FNDA:0,Sandbox
FNDA:0,trackSandBoxClick
DA:1,0
DA:2,0
DA:3,0
DA:4,0
DA:5,0
DA:6,0
DA:7,0
DA:8,0
DA:9,0
DA:10,0
DA:11,0
DA:12,0
DA:45,0
DA:48,0
LF:14
LH:0
BRF:0
BRH:0
end_of_record
TN:
SF:src/dev/ShowApolloError.tsx
FN:12,(anonymous_1)
FNF:1
FNH:0
FNDA:0,(anonymous_1)
DA:1,0
DA:2,0
DA:3,0
DA:4,0
DA:5,0
DA:13,0
DA:14,0
DA:23,0
DA:38,0
LF:9
LH:0
BRF:0
BRH:0
end_of_record
TN:
SF:src/dev/StackSection.tsx
FN:28,StackSection
FNF:1
FNH:1
FNDA:6,StackSection
DA:1,2
DA:2,2
DA:3,2
DA:4,2
DA:5,2
DA:6,2
DA:7,2
DA:26,2
DA:28,2
DA:29,6
DA:30,6
DA:31,6
DA:33,6
DA:77,2
LF:14
LH:14
BRDA:31,0,0,0
BRDA:31,0,1,6
BRDA:37,1,0,6
BRDA:37,1,1,0
BRDA:44,2,0,6
BRDA:44,2,1,0
BRDA:45,3,0,0
BRDA:45,3,1,0
BRDA:55,4,0,0
BRDA:55,4,1,6
BRDA:59,5,0,0
BRDA:59,5,1,6
BRDA:63,6,0,0
BRDA:63,6,1,6
BRDA:67,7,0,0
BRDA:67,7,1,6
BRF:16
BRH:7
end_of_record
TN:
SF:src/dev/Title.tsx
FN:15,Title
FNF:1
FNH:1
FNDA:1,Title
DA:1,1
DA:2,1
DA:3,1
DA:4,1
DA:5,1
DA:6,1
DA:15,1
DA:16,1
DA:35,1
LF:9
LH:9
BRDA:26,0,0,1
BRDA:26,0,1,0
BRF:2
BRH:1
end_of_record
TN:
SF:src/dev/Transceive.tsx
FN:7,Transceive
FN:19,(anonymous_3)
FN:35,(anonymous_4)
FN:101,accelerate
FN:105,decelerate
FNF:5
FNH:5
FNDA:1,Transceive
FNDA:6,(anonymous_3)
FNDA:6,(anonymous_4)
FNDA:7,accelerate
FNDA:14,decelerate
DA:1,1
DA:2,1
DA:3,1
DA:4,1
DA:5,1
DA:7,1
DA:8,1
DA:9,1
DA:20,6
DA:36,6
DA:69,1
DA:70,1
DA:71,1
DA:73,1
DA:99,1
DA:102,7
DA:106,14
DA:109,1
DA:118,1
LF:19
LH:19
BRF:0
BRH:0
end_of_record
TN:
SF:src/dev/ValidatorPage.tsx
FN:13,(anonymous_2)
FN:17,(anonymous_3)
FNF:2
FNH:1
FNDA:0,(anonymous_2)
FNDA:1,(anonymous_3)
DA:1,1
DA:2,1
DA:3,1
DA:4,1
DA:5,1
DA:6,1
DA:7,1
DA:8,1
DA:9,1
DA:10,1
DA:14,0
DA:18,1
DA:35,1
DA:37,1
LF:14
LH:13
BRF:0
BRH:0
end_of_record
TN:
SF:src/dev/ValidatorsList.tsx
FN:14,(anonymous_2)
FN:27,(anonymous_3)
FN:32,(anonymous_4)
FN:33,(anonymous_5)
FN:35,(anonymous_6)
FN:160,(anonymous_7)
FN:144,(anonymous_8)
FN:145,(anonymous_9)
FN:146,(anonymous_10)
FN:147,(anonymous_11)
FN:148,(anonymous_12)
FN:149,(anonymous_13)
FN:150,(anonymous_14)
FN:151,(anonymous_15)
FN:152,(anonymous_16)
FN:153,(anonymous_17)
FN:154,(anonymous_18)
FN:164,(anonymous_19)
FN:164,(anonymous_20)
FN:168,(anonymous_21)
FN:176,(anonymous_22)
FN:184,(anonymous_23)
FN:189,(anonymous_24)
FN:190,(anonymous_25)
FN:192,(anonymous_26)
FN:194,(anonymous_27)
FN:195,(anonymous_28)
FN:196,(anonymous_29)
FN:200,(anonymous_30)
FN:227,(anonymous_31)
FN:255,(anonymous_32)
FN:257,(anonymous_33)
FN:278,(anonymous_34)
FN:280,(anonymous_35)
FN:284,(anonymous_36)
FN:295,(anonymous_37)
FN:296,(anonymous_38)
FN:297,(anonymous_39)
FN:300,(anonymous_40)
FN:305,(anonymous_41)
FN:309,(anonymous_42)
FN:313,(anonymous_43)
FN:390,(anonymous_44)
FNF:43
FNH:23
FNDA:19,(anonymous_2)
FNDA:9,(anonymous_3)
FNDA:0,(anonymous_4)
FNDA:0,(anonymous_5)
FNDA:9,(anonymous_6)
FNDA:1,(anonymous_7)
FNDA:10,(anonymous_8)
FNDA:0,(anonymous_9)
FNDA:0,(anonymous_10)
FNDA:0,(anonymous_11)
FNDA:0,(anonymous_12)
FNDA:0,(anonymous_13)
FNDA:0,(anonymous_14)
FNDA:0,(anonymous_15)
FNDA:0,(anonymous_16)
FNDA:0,(anonymous_17)
FNDA:0,(anonymous_18)
FNDA:11,(anonymous_19)
FNDA:0,(anonymous_20)
FNDA:0,(anonymous_21)
FNDA:0,(anonymous_22)
FNDA:1,(anonymous_23)
FNDA:6,(anonymous_24)
FNDA:6,(anonymous_25)
FNDA:7,(anonymous_26)
FNDA:0,(anonymous_27)
FNDA:0,(anonymous_28)
FNDA:0,(anonymous_29)
FNDA:6,(anonymous_30)
FNDA:1,(anonymous_31)
FNDA:6,(anonymous_32)
FNDA:1,(anonymous_33)
FNDA:1,(anonymous_34)
FNDA:10,(anonymous_35)
FNDA:10,(anonymous_36)
FNDA:5,(anonymous_37)
FNDA:5,(anonymous_38)
FNDA:5,(anonymous_39)
FNDA:16,(anonymous_40)
FNDA:0,(anonymous_41)
FNDA:1,(anonymous_42)
FNDA:0,(anonymous_43)
FNDA:6,(anonymous_44)
DA:1,1
DA:3,1
DA:4,1
DA:5,1
DA:6,1
DA:7,1
DA:8,1
DA:9,1
DA:10,1
DA:11,1
DA:15,19
DA:28,9
DA:32,9
DA:33,9
DA:36,9
DA:37,9
DA:38,9
DA:138,1
DA:143,1
DA:144,10
DA:145,0
DA:146,0
DA:147,0
DA:148,0
DA:149,0
DA:150,0
DA:151,0
DA:152,0
DA:153,0
DA:154,0
DA:156,1
DA:158,1
DA:161,1
DA:163,1
DA:164,11
DA:169,0
DA:170,0
DA:172,0
DA:177,0
DA:178,0
DA:179,0
DA:181,0
DA:185,1
DA:186,0
DA:188,1
DA:189,6
DA:190,6
DA:192,1
DA:193,7
DA:194,0
DA:195,0
DA:196,0
DA:198,1
DA:201,6
DA:202,6
DA:204,6
DA:205,6
DA:208,6
DA:209,6
DA:210,6
DA:238,1
DA:239,1
DA:256,6
DA:257,1
DA:266,6
DA:267,6
DA:268,6
DA:274,1
DA:275,1
DA:279,1
DA:280,10
DA:281,1
DA:282,1
DA:284,1
DA:285,10
DA:286,0
DA:288,10
DA:289,0
DA:291,10
DA:294,1
DA:295,5
DA:296,5
DA:297,5
DA:301,16
DA:302,16
DA:306,0
DA:310,1
DA:311,1
DA:312,1
DA:313,1
DA:314,1
DA:391,6
DA:401,1
LF:93
LH:69
BRDA:40,0,0,9
BRDA:40,0,1,0
BRDA:45,1,0,0
BRDA:45,1,1,9
BRDA:49,2,0,0
BRDA:49,2,1,9
BRDA:55,3,0,9
BRDA:55,3,1,7
BRDA:55,3,2,0
BRDA:145,4,0,0
BRDA:145,4,1,0
BRDA:145,5,0,0
BRDA:145,5,1,0
BRDA:147,6,0,0
BRDA:147,6,1,0
BRDA:148,7,0,0
BRDA:148,7,1,0
BRDA:149,8,0,0
BRDA:149,8,1,0
BRDA:150,9,0,0
BRDA:150,9,1,0
BRDA:151,10,0,0
BRDA:151,10,1,0
BRDA:152,11,0,0
BRDA:152,11,1,0
BRDA:153,12,0,0
BRDA:153,12,1,0
BRDA:154,13,0,0
BRDA:154,13,1,0
BRDA:169,14,0,0
BRDA:169,14,1,0
BRDA:178,15,0,0
BRDA:178,15,1,0
BRDA:185,16,0,0
BRDA:185,16,1,1
BRDA:192,17,0,0
BRDA:193,18,0,7
BRDA:193,18,1,0
BRDA:202,19,0,0
BRDA:202,19,1,6
BRDA:204,20,0,6
BRDA:204,20,1,0
BRDA:204,21,0,0
BRDA:204,21,1,0
BRDA:248,22,0,1
BRDA:248,22,1,1
BRDA:280,23,0,1
BRDA:280,23,1,1
BRDA:282,24,0,1
BRDA:282,24,1,0
BRDA:285,25,0,0
BRDA:285,25,1,10
BRDA:288,26,0,0
BRDA:288,26,1,10
BRDA:291,27,0,0
BRDA:291,27,1,10
BRDA:294,28,0,1
BRDA:294,28,1,0
BRDA:301,29,0,16
BRDA:301,29,1,0
BRDA:301,30,0,16
BRDA:301,30,1,16
BRDA:312,31,0,0
BRDA:312,31,1,1
BRDA:325,32,0,0
BRDA:325,32,1,1
BRDA:332,33,0,0
BRDA:332,33,1,1
BRDA:339,34,0,0
BRDA:339,34,1,1
BRDA:346,35,0,0
BRDA:346,35,1,1
BRDA:353,36,0,0
BRDA:353,36,1,1
BRDA:360,37,0,0
BRDA:360,37,1,1
BRDA:366,38,0,0
BRDA:366,38,1,1
BRDA:373,39,0,0
BRDA:373,39,1,1
BRDA:387,40,0,0
BRDA:387,40,1,1
BRF:82
BRH:31
end_of_record
TN:
SF:src/dev/ValidatorsListApp.tsx
FN:27,createApolloClient
FN:34,(anonymous_3)
FN:104,(anonymous_4)
FN:109,(anonymous_5)
FN:112,(anonymous_6)
FN:134,(anonymous_7)
FN:148,(anonymous_8)
FN:195,(anonymous_9)
FN:197,(anonymous_10)
FNF:9
FNH:0
FNDA:0,createApolloClient
FNDA:0,(anonymous_3)
FNDA:0,(anonymous_4)
FNDA:0,(anonymous_5)
FNDA:0,(anonymous_6)
FNDA:0,(anonymous_7)
FNDA:0,(anonymous_8)
FNDA:0,(anonymous_9)
FNDA:0,(anonymous_10)
DA:1,0
DA:2,0
DA:3,0
DA:4,0
DA:5,0
DA:6,0
DA:7,0
DA:8,0
DA:9,0
DA:10,0
DA:11,0
DA:12,0
DA:13,0
DA:14,0
DA:15,0
DA:16,0
DA:17,0
DA:18,0
DA:19,0
DA:21,0
DA:28,0
DA:36,0
DA:37,0
DA:38,0
DA:43,0
DA:105,0
DA:106,0
DA:107,0
DA:109,0
DA:112,0
DA:114,0
DA:135,0
DA:149,0
DA:150,0
DA:162,0
DA:163,0
DA:175,0
DA:185,0
DA:193,0
DA:195,0
DA:196,0
DA:197,0
LF:42
LH:0
BRDA:30,0,0,0
BRDA:30,0,1,0
BRDA:106,1,0,0
BRDA:106,1,1,0
BRDA:149,2,0,0
BRDA:149,2,1,0
BRDA:162,3,0,0
BRDA:162,3,1,0
BRF:8
BRH:0
end_of_record
TN:
SF:src/dev/ValidatorsListBadges.tsx
FN:21,(anonymous_1)
FN:28,(anonymous_2)
FN:31,(anonymous_3)
FN:35,(anonymous_4)
FNF:4
FNH:3
FNDA:7,(anonymous_1)
FNDA:6,(anonymous_2)
FNDA:42,(anonymous_3)
FNDA:0,(anonymous_4)
DA:1,1
DA:2,1
DA:3,1
DA:5,1
DA:6,1
DA:7,1
DA:8,1
DA:9,1
DA:10,1
DA:11,1
DA:13,1
DA:21,7
DA:29,6
DA:31,42
DA:33,6
DA:36,0
DA:43,1
DA:45,1
LF:18
LH:17
BRF:0
BRH:0
end_of_record
TN:
SF:src/dev/ValidatorsListRow.tsx
FN:19,(anonymous_2)
FN:80,(anonymous_3)
FN:123,(anonymous_4)
FN:126,(anonymous_5)
FN:130,(anonymous_6)
FN:83,(anonymous_7)
FN:94,(anonymous_8)
FN:98,(anonymous_9)
FN:102,(anonymous_10)
FN:106,(anonymous_11)
FN:114,(anonymous_12)
FN:136,(anonymous_13)
FN:180,(anonymous_14)
FN:287,(anonymous_15)
FNF:14
FNH:5
FNDA:120,(anonymous_2)
FNDA:6,(anonymous_3)
FNDA:0,(anonymous_4)
FNDA:0,(anonymous_5)
FNDA:0,(anonymous_6)
FNDA:0,(anonymous_7)
FNDA:0,(anonymous_8)
FNDA:6,(anonymous_9)
FNDA:0,(anonymous_10)
FNDA:6,(anonymous_11)
FNDA:0,(anonymous_12)
FNDA:6,(anonymous_13)
FNDA:0,(anonymous_14)
FNDA:0,(anonymous_15)
DA:1,1
DA:2,1
DA:3,1
DA:4,1
DA:5,1
DA:6,1
DA:7,1
DA:8,1
DA:9,1
DA:10,1
DA:11,1
DA:13,1
DA:14,1
DA:16,1
DA:20,120
DA:73,6
DA:77,6
DA:81,6
DA:83,6
DA:84,0
DA:85,0
DA:87,0
DA:88,0
DA:92,6
DA:94,6
DA:95,0
DA:99,6
DA:103,0
DA:107,6
DA:108,6
DA:109,6
DA:110,6
DA:111,0
DA:112,0
DA:114,0
DA:116,0
DA:117,0
DA:118,0
DA:120,6
DA:123,6
DA:124,0
DA:126,6
DA:127,0
DA:128,0
DA:130,6
DA:131,0
DA:132,0
DA:133,0
DA:137,6
DA:138,6
DA:140,6
DA:181,0
DA:288,0
DA:372,1
LF:54
LH:34
BRDA:84,0,0,0
BRDA:84,0,1,0
BRDA:84,1,0,0
BRDA:84,1,1,0
BRDA:87,2,0,0
BRDA:87,2,1,0
BRDA:108,3,0,6
BRDA:108,3,1,0
BRDA:108,4,0,6
BRDA:108,4,1,6
BRDA:110,5,0,0
BRDA:110,5,1,6
BRDA:111,6,0,0
BRDA:111,6,1,0
BRDA:141,7,0,0
BRDA:141,7,1,6
BRDA:142,8,0,0
BRDA:142,8,1,6
BRDA:147,9,0,0
BRDA:147,9,1,6
BRDA:152,10,0,0
BRDA:152,10,1,6
BRDA:153,11,0,0
BRDA:153,11,1,6
BRDA:168,12,0,6
BRDA:168,12,1,0
BRDA:171,13,0,6
BRDA:171,13,1,0
BRDA:178,14,0,0
BRDA:178,14,1,0
BRDA:225,15,0,6
BRDA:225,15,1,0
BRDA:236,16,0,6
BRDA:236,16,1,1
BRDA:244,17,0,6
BRDA:244,17,1,0
BRDA:265,18,0,0
BRDA:265,18,1,6
BRDA:285,19,0,6
BRDA:285,19,1,0
BRDA:303,20,0,0
BRDA:303,20,1,0
BRDA:319,21,0,0
BRDA:319,21,1,0
BRF:44
BRH:17
end_of_record
TN:
SF:src/dev/ValidatorsListStyles.tsx
FNF:0
FNH:0
DA:1,1
DA:2,1
DA:3,1
DA:5,1
LF:4
LH:4
BRF:0
BRH:0
end_of_record
TN:
SF:src/download/AppLogo.tsx
FN:5,AppLogo
FNF:1
FNH:1
FNDA:1,AppLogo
DA:1,1
DA:2,1
DA:3,1
DA:5,1
DA:6,1
DA:29,1
LF:6
LH:6
BRF:0
BRH:0
end_of_record
TN:
SF:src/download/AppStores.tsx
FN:18,AppStores
FN:55,FadingImage
FN:58,(anonymous_4)
FN:65,(anonymous_5)
FNF:4
FNH:4
FNDA:1,AppStores
FNDA:2,FadingImage
FNDA:2,(anonymous_4)
FNDA:1,(anonymous_5)
DA:1,1
DA:2,1
DA:3,1
DA:4,1
DA:5,1
DA:6,1
DA:7,1
DA:8,1
DA:9,1
DA:10,1
DA:11,1
DA:12,1
DA:14,1
DA:15,1
DA:17,1
DA:19,1
DA:56,2
DA:59,2
DA:65,1
DA:66,1
DA:67,1
DA:84,1
LF:22
LH:22
BRDA:68,0,0,1
BRDA:68,0,1,1
BRDA:74,1,0,1
BRDA:74,1,1,1
BRF:4
BRH:4
end_of_record
TN:
SF:src/download/Cover.tsx
FN:14,DownloadCover
FN:56,phoneStyle
FNF:2
FNH:2
FNDA:1,DownloadCover
FNDA:1,phoneStyle
DA:1,1
DA:2,1
DA:3,1
DA:4,1
DA:5,1
DA:6,1
DA:7,1
DA:8,1
DA:9,1
DA:10,1
DA:11,1
DA:13,1
DA:18,1
DA:19,1
DA:57,1
DA:59,0
DA:61,0
DA:63,1
DA:67,1
LF:19
LH:17
BRDA:32,0,0,1
BRDA:32,0,1,0
BRDA:33,1,0,1
BRDA:33,1,1,0
BRDA:36,2,0,1
BRDA:36,2,1,0
BRDA:38,3,0,0
BRDA:38,3,1,1
BRDA:41,4,0,1
BRDA:41,4,1,0
BRDA:58,5,0,0
BRDA:58,5,1,0
BRDA:58,5,2,1
BRF:13
BRH:6
end_of_record
TN:
SF:src/download/CoverActions.tsx
FN:16,CoverActions
FNF:1
FNH:1
FNDA:1,CoverActions
DA:1,1
DA:2,1
DA:3,1
DA:4,1
DA:5,1
DA:6,1
DA:7,1
DA:8,1
DA:9,1
DA:10,1
DA:11,1
DA:15,1
DA:17,1
DA:54,1
LF:14
LH:14
BRDA:25,0,0,0
BRDA:25,0,1,1
BRF:2
BRH:1
end_of_record
TN:
SF:src/download/MobileApp.tsx
FN:12,(anonymous_2)
FN:17,(anonymous_3)
FNF:2
FNH:1
FNDA:0,(anonymous_2)
FNDA:1,(anonymous_3)
DA:1,1
DA:2,1
DA:3,1
DA:4,1
DA:5,1
DA:6,1
DA:7,1
DA:8,1
DA:9,1
DA:10,1
DA:11,1
DA:13,0
DA:18,1
DA:36,1
LF:14
LH:13
BRF:0
BRH:0
end_of_record
TN:
SF:src/download/PhoneIllo.tsx
FN:7,PhoneIllo
FN:15,(anonymous_3)
FNF:2
FNH:2
FNDA:1,PhoneIllo
FNDA:24,(anonymous_3)
DA:1,1
DA:2,1
DA:3,1
DA:4,1
DA:5,1
DA:7,1
DA:8,1
DA:16,24
DA:29,1
DA:54,1
LF:10
LH:10
BRF:0
BRH:0
end_of_record
TN:
SF:src/experience/Markdown.tsx
FN:22,P
FN:26,PrimeButton
FN:35,(anonymous_4)
FN:70,(anonymous_5)
FN:97,Markdown
FNF:5
FNH:2
FNDA:0,P
FNDA:0,PrimeButton
FNDA:0,(anonymous_4)
FNDA:2,(anonymous_5)
FNDA:2,Markdown
DA:1,2
DA:2,2
DA:3,2
DA:4,2
DA:5,2
DA:11,2
DA:12,2
DA:13,2
DA:14,2
DA:15,2
DA:23,0
DA:35,0
DA:39,0
DA:51,2
DA:56,2
DA:71,2
DA:97,2
DA:98,2
LF:18
LH:15
BRDA:46,0,0,0
BRDA:46,0,1,0
BRF:2
BRH:0
end_of_record
TN:
SF:src/experience/brandkit/Color.tsx
FN:22,Color
FN:37,_Overview
FN:53,_Backgrounds
FN:121,Lorem
FNF:4
FNH:4
FNDA:1,Color
FNDA:1,_Overview
FNDA:1,_Backgrounds
FNDA:8,Lorem
DA:1,1
DA:2,1
DA:3,1
DA:4,1
DA:5,1
DA:6,1
DA:7,1
DA:13,1
DA:14,1
DA:15,1
DA:16,1
DA:17,1
DA:18,1
DA:19,1
DA:21,1
DA:23,1
DA:37,1
DA:38,1
DA:52,1
DA:54,1
DA:56,1
DA:122,8
DA:124,8
DA:143,1
LF:24
LH:24
BRDA:54,0,0,0
BRDA:54,0,1,1
BRDA:74,1,0,0
BRDA:74,1,1,1
BRDA:122,2,0,2
BRDA:122,2,1,6
BRDA:131,3,0,8
BRDA:131,3,1,1
BRDA:132,4,0,8
BRDA:132,4,1,2
BRF:10
BRH:8
end_of_record
TN:
SF:src/experience/brandkit/Composition.tsx
FN:13,Intro
FN:32,_Overview
FN:109,_Grid
FN:130,GridExamples
FN:138,AlignmentExampleTitle
FNF:5
FNH:5
FNDA:1,Intro
FNDA:1,_Overview
FNDA:1,_Grid
FNDA:10,GridExamples
FNDA:3,AlignmentExampleTitle
DA:1,1
DA:2,1
DA:3,1
DA:4,1
DA:5,1
DA:6,1
DA:7,1
DA:8,1
DA:9,1
DA:10,1
DA:12,1
DA:14,1
DA:30,1
DA:32,1
DA:33,1
DA:109,1
DA:110,1
DA:131,10
DA:139,3
DA:146,1
LF:20
LH:20
BRF:0
BRH:0
end_of_record
TN:
SF:src/experience/brandkit/DownloadButton.tsx
FN:13,DownloadButton
FN:18,(anonymous_3)
FNF:2
FNH:1
FNDA:29,DownloadButton
FNDA:0,(anonymous_3)
DA:1,6
DA:2,6
DA:3,6
DA:4,6
DA:5,6
DA:6,6
DA:7,6
DA:13,6
DA:18,29
DA:19,0
DA:22,29
LF:11
LH:10
BRDA:26,0,0,2
BRDA:26,0,1,27
BRDA:26,1,0,29
BRDA:26,1,1,29
BRDA:26,1,2,2
BRF:5
BRH:5
end_of_record
TN:
SF:src/experience/brandkit/Explorer.tsx
FN:13,Explorer
FN:26,(anonymous_3)
FN:68,useVisibleIconIDs
FN:72,(anonymous_5)
FN:83,search
FN:89,toIDSet
FN:90,(anonymous_8)
FNF:7
FNH:7
FNDA:9,Explorer
FNDA:50,(anonymous_3)
FNDA:9,useVisibleIconIDs
FNDA:4,(anonymous_5)
FNDA:4,search
FNDA:9,toIDSet
FNDA:44,(anonymous_8)
DA:1,2
DA:2,2
DA:3,2
DA:4,2
DA:5,2
DA:6,2
DA:7,2
DA:8,2
DA:9,2
DA:10,2
DA:13,2
DA:14,9
DA:15,9
DA:16,9
DA:17,9
DA:27,50
DA:50,2
DA:52,2
DA:69,9
DA:71,9
DA:73,4
DA:78,9
DA:81,2
DA:84,4
DA:85,4
DA:86,4
DA:90,44
LF:27
LH:27
BRDA:20,0,0,9
BRDA:20,0,1,6
BRDA:22,1,0,0
BRDA:22,1,1,9
BRDA:30,2,0,50
BRDA:30,2,1,6
BRDA:78,3,0,9
BRDA:78,3,1,5
BRF:8
BRH:7
end_of_record
TN:
SF:src/experience/brandkit/IconsExchangePage.tsx
FN:67,(anonymous_2)
FN:89,Overview
FN:92,(anonymous_4)
FN:112,(anonymous_5)
FNF:4
FNH:3
FNDA:1,(anonymous_2)
FNDA:1,Overview
FNDA:0,(anonymous_4)
FNDA:7,(anonymous_5)
DA:1,1
DA:3,1
DA:4,1
DA:5,1
DA:6,1
DA:7,1
DA:12,1
DA:13,1
DA:14,1
DA:15,1
DA:16,1
DA:17,1
DA:18,1
DA:19,1
DA:21,1
DA:65,1
DA:67,1
DA:68,1
DA:78,1
DA:90,1
DA:92,1
DA:93,0
DA:96,1
DA:113,7
DA:138,1
LF:25
LH:24
BRDA:114,0,0,1
BRDA:114,0,1,6
BRDA:120,1,0,6
BRDA:120,1,1,2
BRF:4
BRH:4
end_of_record
TN:
SF:src/experience/brandkit/IconsPage.tsx
FN:17,IconsPage
FN:29,(anonymous_3)
FN:33,(anonymous_4)
FN:36,(anonymous_5)
FN:53,Overview
FNF:5
FNH:2
FNDA:1,IconsPage
FNDA:0,(anonymous_3)
FNDA:0,(anonymous_4)
FNDA:0,(anonymous_5)
FNDA:1,Overview
DA:1,1
DA:3,1
DA:4,1
DA:5,1
DA:6,1
DA:7,1
DA:8,1
DA:9,1
DA:10,1
DA:11,1
DA:17,1
DA:18,1
DA:19,1
DA:29,1
DA:30,0
DA:32,0
DA:33,0
DA:34,0
DA:36,0
DA:39,0
DA:42,1
DA:54,1
DA:55,1
DA:64,1
LF:24
LH:18
BRDA:32,0,0,0
BRDA:32,0,1,0
BRF:2
BRH:0
end_of_record
TN:
SF:src/experience/brandkit/Intro.tsx
FN:14,Intro
FN:31,_Overview
FN:57,BrandVoice
FN:60,(anonymous_5)
FNF:4
FNH:3
FNDA:1,Intro
FNDA:1,_Overview
FNDA:1,BrandVoice
FNDA:0,(anonymous_5)
DA:1,1
DA:2,1
DA:3,1
DA:4,1
DA:5,1
DA:6,1
DA:7,1
DA:8,1
DA:9,1
DA:10,1
DA:11,1
DA:13,1
DA:15,1
DA:31,1
DA:32,1
DA:58,1
DA:60,1
DA:61,0
DA:64,1
LF:19
LH:18
BRF:0
BRH:0
end_of_record
TN:
SF:src/experience/brandkit/KeyImagery.tsx
FN:24,KeyImagery
FN:50,(anonymous_3)
FN:54,(anonymous_4)
FN:66,fetchAsset
FN:67,(anonymous_6)
FN:72,Overview
FN:82,useIlloSize
FN:98,_Illustrations
FN:109,(anonymous_10)
FN:131,_AbstractGraphics
FN:141,(anonymous_12)
FNF:11
FNH:7
FNDA:1,KeyImagery
FNDA:0,(anonymous_3)
FNDA:0,(anonymous_4)
FNDA:0,fetchAsset
FNDA:0,(anonymous_6)
FNDA:1,Overview
FNDA:1,useIlloSize
FNDA:1,_Illustrations
FNDA:1,(anonymous_10)
FNDA:1,_AbstractGraphics
FNDA:1,(anonymous_12)
DA:2,1
DA:3,1
DA:5,1
DA:6,1
DA:7,1
DA:8,1
DA:9,1
DA:10,1
DA:11,1
DA:12,1
DA:13,1
DA:14,1
DA:15,1
DA:17,1
DA:24,1
DA:28,1
DA:30,1
DA:50,1
DA:53,0
DA:54,0
DA:55,0
DA:60,0
DA:63,0
DA:67,0
DA:70,1
DA:73,1
DA:74,1
DA:83,1
DA:84,1
DA:86,0
DA:88,0
DA:90,0
DA:98,1
DA:99,1
DA:100,1
DA:101,1
DA:110,1
DA:131,1
DA:132,1
DA:133,1
DA:142,1
DA:159,1
LF:42
LH:33
BRDA:53,0,0,0
BRDA:53,0,1,0
BRDA:85,1,0,0
BRDA:85,1,1,0
BRDA:85,1,2,0
BRDA:108,2,0,1
BRDA:108,2,1,1
BRDA:140,3,0,1
BRDA:140,3,1,1
BRF:9
BRH:4
end_of_record
TN:
SF:src/experience/brandkit/Logo.tsx
FN:27,Logo
FN:44,_Overview
FN:47,(anonymous_4)
FN:150,_ClearSpace
FN:210,_Backgrounds
FNF:5
FNH:4
FNDA:1,Logo
FNDA:1,_Overview
FNDA:0,(anonymous_4)
FNDA:1,_ClearSpace
FNDA:1,_Backgrounds
DA:1,1
DA:2,1
DA:3,1
DA:4,1
DA:5,1
DA:6,1
DA:7,1
DA:8,1
DA:9,1
DA:10,1
DA:11,1
DA:12,1
DA:13,1
DA:14,1
DA:15,1
DA:16,1
DA:17,1
DA:18,1
DA:19,1
DA:20,1
DA:21,1
DA:22,1
DA:23,1
DA:24,1
DA:26,1
DA:28,1
DA:43,1
DA:45,1
DA:47,1
DA:48,0
DA:51,1
DA:150,1
DA:151,1
DA:210,1
DA:211,1
DA:319,1
LF:36
LH:35
BRDA:45,0,0,0
BRDA:45,0,1,1
BRF:2
BRH:1
end_of_record
TN:
SF:src/experience/brandkit/Search.tsx
FN:10,Search
FN:30,useSearch
FN:34,(anonymous_4)
FNF:3
FNH:3
FNDA:5,Search
FNDA:9,useSearch
FNDA:2,(anonymous_4)
DA:1,2
DA:2,2
DA:3,2
DA:4,2
DA:5,2
DA:6,2
DA:10,2
DA:11,5
DA:12,5
DA:30,2
DA:31,9
DA:33,9
DA:35,2
DA:40,9
DA:43,2
LF:15
LH:15
BRF:0
BRH:0
end_of_record
TN:
SF:src/experience/brandkit/Typography.tsx
FN:18,getWeight
FN:32,Typography
FN:48,_Overview
FN:102,_TypeScale
FN:118,(anonymous_6)
FNF:5
FNH:5
FNDA:8,getWeight
FNDA:1,Typography
FNDA:1,_Overview
FNDA:1,_TypeScale
FNDA:8,(anonymous_6)
DA:1,1
DA:2,1
DA:3,1
DA:4,1
DA:5,1
DA:6,1
DA:7,1
DA:8,1
DA:9,1
DA:10,1
DA:11,1
DA:12,1
DA:13,1
DA:14,1
DA:15,1
DA:16,1
DA:19,8
DA:21,2
DA:23,1
DA:25,5
DA:27,0
DA:31,1
DA:33,1
DA:47,1
DA:49,1
DA:89,1
DA:100,1
DA:103,1
DA:119,8
DA:158,1
LF:30
LH:29
BRDA:20,0,0,2
BRDA:20,0,1,1
BRDA:20,0,2,5
BRDA:20,0,3,0
BRDA:115,1,0,0
BRDA:115,1,1,1
BRDA:123,2,0,8
BRDA:123,2,1,8
BRDA:124,3,0,8
BRDA:124,3,1,7
BRDA:125,4,0,0
BRDA:125,4,1,8
BRDA:134,5,0,0
BRDA:134,5,1,8
BRF:14
BRH:10
end_of_record
TN:
SF:src/experience/brandkit/tracking.ts
FN:2,(anonymous_1)
FN:30,trackDownload
FNF:2
FNH:1
FNDA:7,(anonymous_1)
FNDA:0,trackDownload
DA:1,7
DA:2,7
DA:3,7
DA:4,7
DA:5,7
DA:6,7
DA:7,7
DA:15,7
DA:17,7
DA:19,7
DA:21,7
DA:23,7
DA:28,7
DA:30,7
DA:31,0
LF:15
LH:14
BRDA:2,0,0,7
BRDA:2,0,1,7
BRF:2
BRH:2
end_of_record
TN:
SF:src/experience/brandkit/color/Palette.tsx
FN:13,Palette
FN:21,(anonymous_3)
FNF:2
FNH:2
FNDA:5,Palette
FNDA:20,(anonymous_3)
DA:1,2
DA:2,2
DA:3,2
DA:4,2
DA:5,2
DA:13,2
DA:14,5
DA:22,20
DA:29,2
LF:9
LH:9
BRDA:16,0,0,5
BRDA:16,0,1,3
BRF:2
BRH:2
end_of_record
TN:
SF:src/experience/brandkit/color/Pigment.tsx
FN:11,hexToHumanRGB
FN:17,getContrastingColor
FN:21,onCopy
FN:36,(anonymous_5)
FN:41,(anonymous_6)
FN:44,(anonymous_7)
FN:49,(anonymous_8)
FN:62,Pigment
FN:79,(anonymous_10)
FNF:9
FNH:6
FNDA:20,hexToHumanRGB
FNDA:20,getContrastingColor
FNDA:0,onCopy
FNDA:20,(anonymous_5)
FNDA:0,(anonymous_6)
FNDA:0,(anonymous_7)
FNDA:20,(anonymous_8)
FNDA:20,Pigment
FNDA:20,(anonymous_10)
DA:1,2
DA:2,2
DA:3,2
DA:4,2
DA:5,2
DA:6,2
DA:7,2
DA:8,2
DA:9,2
DA:12,20
DA:18,20
DA:22,0
DA:34,2
DA:36,2
DA:37,20
DA:41,20
DA:42,0
DA:43,0
DA:44,0
DA:45,0
DA:50,20
DA:51,20
DA:63,20
DA:65,20
DA:69,20
DA:70,3
DA:71,3
DA:74,20
DA:76,20
DA:80,20
DA:127,2
LF:31
LH:26
BRDA:69,0,0,3
BRDA:69,0,1,17
BRDA:86,1,0,20
BRDA:86,1,1,0
BRDA:95,2,0,20
BRDA:95,2,1,20
BRDA:95,2,2,0
BRDA:106,3,0,20
BRDA:106,3,1,0
BRF:9
BRH:6
end_of_record
TN:
SF:src/experience/brandkit/common/Page.tsx
FN:86,(anonymous_2)
FN:103,BrandKitPage
FNF:2
FNH:2
FNDA:72,(anonymous_2)
FNDA:8,BrandKitPage
DA:1,9
DA:2,9
DA:3,9
DA:5,9
DA:7,9
DA:9,9
DA:11,9
DA:13,9
DA:14,9
DA:15,9
DA:16,9
DA:18,9
DA:86,9
DA:87,72
DA:88,72
DA:103,9
DA:104,8
LF:17
LH:17
BRF:0
BRH:0
end_of_record
TN:
SF:src/experience/brandkit/logo/Judgement.tsx
FN:6,(anonymous_1)
FN:16,Judgement
FNF:2
FNH:2
FNDA:2,(anonymous_1)
FNDA:12,Judgement
DA:1,2
DA:2,2
DA:3,2
DA:4,2
DA:6,2
DA:7,2
DA:8,2
DA:16,2
DA:17,12
DA:32,2
LF:10
LH:10
BRDA:6,0,0,2
BRDA:6,0,1,2
BRDA:23,1,0,6
BRDA:23,1,1,6
BRF:4
BRH:4
end_of_record
TN:
SF:src/experience/brandkit/logo/LogoExample.tsx
FN:10,(anonymous_2)
FN:25,LogoExample
FNF:2
FNH:2
FNDA:1,(anonymous_2)
FNDA:4,LogoExample
DA:1,1
DA:2,1
DA:3,1
DA:4,1
DA:5,1
DA:6,1
DA:7,1
DA:8,1
DA:10,1
DA:11,1
DA:12,1
DA:13,1
DA:14,1
DA:25,1
DA:32,4
DA:33,4
DA:58,1
LF:17
LH:17
BRDA:10,0,0,1
BRDA:10,0,1,1
BRDA:32,1,0,4
BRDA:32,1,1,3
BRDA:39,2,0,4
BRDA:39,2,1,2
BRDA:44,3,0,2
BRDA:44,3,1,2
BRF:8
BRH:8
end_of_record
TN:
SF:src/experience/brandkit/logo/LogoWithBackground.tsx
FN:15,LogoWithBackground
FNF:1
FNH:1
FNDA:15,LogoWithBackground
DA:1,1
DA:2,1
DA:3,1
DA:4,1
DA:5,1
DA:6,1
DA:15,1
DA:23,15
DA:24,3
DA:25,12
DA:26,4
DA:28,8
DA:31,15
DA:32,2
DA:44,13
DA:60,1
LF:16
LH:16
BRDA:23,0,0,3
BRDA:23,0,1,12
BRDA:25,1,0,4
BRDA:25,1,1,8
BRDA:31,2,0,2
BRDA:31,2,1,13
BRDA:36,3,0,2
BRDA:36,3,1,0
BRDA:50,4,0,13
BRDA:50,4,1,0
BRF:10
BRH:8
end_of_record
TN:
SF:src/experience/brandkit/logo/Minimums.tsx
FN:4,_Digital
FN:41,_Print
FNF:2
FNH:2
FNDA:1,_Digital
FNDA:1,_Print
DA:1,1
DA:2,1
DA:4,1
DA:5,1
DA:41,1
DA:42,1
LF:6
LH:6
BRF:0
BRH:0
end_of_record
TN:
SF:src/experience/brandkit/typography/UseageExample.tsx
FN:11,UseageExamples
FNF:1
FNH:1
FNDA:1,UseageExamples
DA:1,1
DA:2,1
DA:3,1
DA:4,1
DA:5,1
DA:6,1
DA:10,1
DA:12,1
DA:32,1
LF:9
LH:9
BRF:0
BRH:0
end_of_record
TN:
SF:src/experience/common/CCLicense.tsx
FN:13,CCLicense
FNF:1
FNH:1
FNDA:3,CCLicense
DA:1,3
DA:2,3
DA:3,3
DA:4,3
DA:5,3
DA:6,3
DA:7,3
DA:13,3
DA:17,3
LF:9
LH:9
BRF:0
BRH:0
end_of_record
TN:
SF:src/experience/common/MobileMenu.tsx
FN:18,(anonymous_2)
FN:21,(anonymous_3)
FN:25,(anonymous_4)
FN:29,(anonymous_5)
FN:33,(anonymous_6)
FN:34,(anonymous_7)
FN:37,(anonymous_8)
FN:42,(anonymous_9)
FN:67,pageTitleFromRoute
FNF:9
FNH:7
FNDA:1,(anonymous_2)
FNDA:1,(anonymous_3)
FNDA:0,(anonymous_4)
FNDA:1,(anonymous_5)
FNDA:1,(anonymous_6)
FNDA:1,(anonymous_7)
FNDA:0,(anonymous_8)
FNDA:2,(anonymous_9)
FNDA:2,pageTitleFromRoute
DA:1,9
DA:2,9
DA:3,9
DA:4,9
DA:5,9
DA:6,9
DA:7,9
DA:18,9
DA:19,1
DA:21,1
DA:22,1
DA:25,1
DA:26,0
DA:29,1
DA:30,1
DA:33,1
DA:34,1
DA:37,1
DA:38,0
DA:39,0
DA:43,2
DA:44,2
DA:68,2
DA:71,9
LF:24
LH:21
BRDA:49,0,0,1
BRDA:49,0,1,1
BRDA:52,1,0,2
BRDA:52,1,1,1
BRF:4
BRH:4
end_of_record
TN:
SF:src/experience/common/Page.tsx
FN:54,(anonymous_2)
FN:67,(anonymous_3)
FN:72,(anonymous_4)
FN:86,(anonymous_5)
FN:90,(anonymous_6)
FN:91,(anonymous_7)
FN:93,(anonymous_8)
FN:98,(anonymous_9)
FN:104,(anonymous_10)
FN:106,(anonymous_11)
FN:121,(anonymous_12)
FN:129,(anonymous_13)
FN:137,(anonymous_14)
FN:144,(anonymous_15)
FN:152,(anonymous_16)
FN:156,(anonymous_17)
FN:162,(anonymous_18)
FN:203,(anonymous_19)
FN:254,moveToHash
FNF:19
FNH:7
FNDA:8,(anonymous_2)
FNDA:16,(anonymous_3)
FNDA:0,(anonymous_4)
FNDA:0,(anonymous_5)
FNDA:0,(anonymous_6)
FNDA:0,(anonymous_7)
FNDA:0,(anonymous_8)
FNDA:0,(anonymous_9)
FNDA:0,(anonymous_10)
FNDA:0,(anonymous_11)
FNDA:8,(anonymous_12)
FNDA:0,(anonymous_13)
FNDA:0,(anonymous_14)
FNDA:8,(anonymous_15)
FNDA:8,(anonymous_16)
FNDA:0,(anonymous_17)
FNDA:8,(anonymous_18)
FNDA:16,(anonymous_19)
FNDA:0,moveToHash
DA:1,9
DA:2,9
DA:3,9
DA:4,9
DA:5,9
DA:6,9
DA:7,9
DA:8,9
DA:9,9
DA:10,9
DA:11,9
DA:12,9
DA:13,9
DA:14,9
DA:15,9
DA:17,9
DA:18,9
DA:19,9
DA:20,9
DA:22,9
DA:24,9
DA:26,9
DA:28,9
DA:29,9
DA:30,9
DA:31,9
DA:55,8
DA:61,8
DA:65,8
DA:67,8
DA:68,16
DA:69,16
DA:72,8
DA:73,0
DA:74,0
DA:75,0
DA:76,0
DA:77,0
DA:80,0
DA:81,0
DA:86,8
DA:87,0
DA:90,8
DA:91,0
DA:92,0
DA:93,0
DA:99,0
DA:100,0
DA:103,0
DA:104,0
DA:107,0
DA:108,0
DA:110,0
DA:115,0
DA:116,0
DA:117,0
DA:121,8
DA:122,8
DA:123,8
DA:125,0
DA:129,0
DA:130,0
DA:131,0
DA:134,0
DA:137,8
DA:139,0
DA:141,0
DA:144,8
DA:145,8
DA:146,8
DA:147,8
DA:149,8
DA:152,8
DA:153,8
DA:156,8
DA:157,0
DA:158,0
DA:159,0
DA:163,8
DA:164,8
DA:165,8
DA:204,16
DA:222,9
DA:252,9
DA:255,0
LF:85
LH:53
BRDA:75,0,0,0
BRDA:75,0,1,0
BRDA:76,1,0,0
BRDA:76,1,1,0
BRDA:80,2,0,0
BRDA:80,2,1,0
BRDA:107,3,0,0
BRDA:107,3,1,0
BRDA:115,4,0,0
BRDA:115,4,1,0
BRDA:122,5,0,8
BRDA:122,5,1,0
BRDA:146,6,0,8
BRDA:146,6,1,0
BRDA:174,7,0,8
BRDA:174,7,1,8
BRDA:174,7,2,0
BRDA:178,8,0,8
BRDA:178,8,1,0
BRDA:187,9,0,8
BRDA:187,9,1,8
BRDA:196,10,0,8
BRDA:196,10,1,8
BRDA:200,11,0,8
BRDA:200,11,1,0
BRF:25
BRH:10
end_of_record
TN:
SF:src/experience/common/PageHeadline.tsx
FN:13,PageHeadline
FNF:1
FNH:1
FNDA:5,PageHeadline
DA:1,5
DA:2,5
DA:3,5
DA:4,5
DA:5,5
DA:13,5
DA:14,5
LF:7
LH:7
BRDA:17,0,0,5
BRDA:17,0,1,4
BRF:2
BRH:2
end_of_record
TN:
SF:src/experience/common/SectionTitle.tsx
FN:11,SectionTitle
FNF:1
FNH:1
FNDA:5,SectionTitle
DA:1,4
DA:2,4
DA:3,4
DA:4,4
DA:11,4
DA:12,5
DA:19,4
LF:7
LH:7
BRF:0
BRH:0
end_of_record
TN:
SF:src/experience/common/Showcase.tsx
FN:23,Showcase
FN:34,(anonymous_3)
FNF:2
FNH:2
FNDA:22,Showcase
FNDA:22,(anonymous_3)
DA:1,4
DA:2,4
DA:3,4
DA:4,4
DA:6,4
DA:7,4
DA:8,4
DA:9,4
DA:23,4
DA:34,22
DA:38,22
DA:39,22
DA:74,4
DA:76,4
LF:14
LH:14
BRDA:52,0,0,0
BRDA:52,0,1,22
BRF:2
BRH:1
end_of_record
TN:
SF:src/experience/common/Sidebar.tsx
FN:28,Sidebar
FN:39,(anonymous_3)
FN:66,SectionNav_
FN:80,(anonymous_5)
FN:96,(anonymous_6)
FN:109,_Link
FN:128,color
FN:132,isActive
FN:140,isActiveSection
FNF:9
FNH:6
FNDA:9,Sidebar
FNDA:65,(anonymous_3)
FNDA:48,SectionNav_
FNDA:0,(anonymous_5)
FNDA:9,(anonymous_6)
FNDA:65,_Link
FNDA:0,color
FNDA:113,isActive
FNDA:0,isActiveSection
DA:1,9
DA:2,9
DA:3,9
DA:4,9
DA:5,9
DA:6,9
DA:7,9
DA:27,9
DA:35,9
DA:37,9
DA:40,65
DA:66,9
DA:77,48
DA:81,0
DA:96,9
DA:97,9
DA:98,9
DA:107,9
DA:109,9
DA:110,65
DA:129,0
DA:133,113
DA:134,0
DA:137,113
DA:141,0
DA:144,9
LF:26
LH:22
BRDA:35,0,0,0
BRDA:35,0,1,9
BRDA:50,1,0,65
BRDA:50,1,1,48
BRDA:78,2,0,48
BRDA:78,2,1,0
BRDA:79,3,0,48
BRDA:79,3,1,0
BRDA:96,4,0,9
BRDA:96,4,1,9
BRDA:114,5,0,0
BRDA:114,5,1,65
BRDA:123,6,0,65
BRDA:123,6,1,65
BRDA:129,7,0,0
BRDA:129,7,1,0
BRDA:133,8,0,0
BRDA:133,8,1,113
BRDA:141,9,0,0
BRDA:141,9,1,0
BRF:20
BRH:11
end_of_record
TN:
SF:src/experience/common/TopBar.tsx
FN:16,TopBar
FNF:1
FNH:1
FNDA:8,TopBar
DA:1,9
DA:2,9
DA:3,9
DA:4,9
DA:5,9
DA:6,9
DA:7,9
DA:8,9
DA:9,9
DA:10,9
DA:16,9
DA:17,8
DA:18,8
DA:19,8
DA:20,8
DA:74,9
LF:16
LH:16
BRDA:19,0,0,8
BRDA:19,0,1,0
BRDA:29,1,0,8
BRDA:29,1,1,8
BRDA:59,2,0,8
BRDA:59,2,1,8
BRF:6
BRH:5
end_of_record
TN:
SF:src/experience/common/TripplePairing.tsx
FN:13,TripplePairing
FN:21,(anonymous_2)
FNF:2
FNH:2
FNDA:2,TripplePairing
FNDA:6,(anonymous_2)
DA:1,1
DA:2,1
DA:3,1
DA:4,1
DA:5,1
DA:13,1
DA:19,2
DA:22,6
DA:35,1
LF:9
LH:9
BRDA:20,0,0,0
BRDA:20,0,1,2
BRDA:24,1,0,0
BRDA:24,1,1,6
BRF:4
BRH:2
end_of_record
TN:
SF:src/experience/common/constants.tsx
FNF:0
FNH:0
DA:1,9
DA:2,9
DA:4,9
DA:6,9
LF:4
LH:4
BRF:0
BRH:0
end_of_record
TN:
SF:src/experience/common/data.ts
FNF:0
FNH:0
DA:1,2
DA:3,2
DA:10,2
DA:17,2
DA:24,2
LF:5
LH:5
BRF:0
BRH:0
end_of_record
TN:
SF:src/experience/common/scrollToHash.ts
FN:4,scrollToHash
FNF:1
FNH:0
FNDA:0,scrollToHash
DA:1,9
DA:2,9
DA:4,9
DA:5,0
DA:6,0
DA:7,0
LF:6
LH:3
BRDA:6,0,0,0
BRDA:6,0,1,0
BRF:2
BRH:0
end_of_record
TN:
SF:src/experience/eventkit/AmbassadorPage.tsx
FN:6,(anonymous_2)
FN:12,Ambassador
FNF:2
FNH:0
FNDA:0,(anonymous_2)
FNDA:0,Ambassador
DA:1,0
DA:2,0
DA:3,0
DA:4,0
DA:6,0
DA:7,0
DA:12,0
DA:13,0
LF:8
LH:0
BRF:0
BRH:0
end_of_record
TN:
SF:src/experience/eventkit/ExamplesPage.tsx
FN:10,(anonymous_2)
FN:17,ExamplesPage
FNF:2
FNH:0
FNDA:0,(anonymous_2)
FNDA:0,ExamplesPage
DA:1,0
DA:2,0
DA:3,0
DA:4,0
DA:6,0
DA:11,0
DA:17,0
DA:18,0
LF:8
LH:0
BRF:0
BRH:0
end_of_record
TN:
SF:src/experience/eventkit/FlavorPage.tsx
FN:13,(anonymous_2)
FN:19,Flavor
FNF:2
FNH:0
FNDA:0,(anonymous_2)
FNDA:0,Flavor
DA:1,0
DA:2,0
DA:3,0
DA:4,0
DA:6,0
DA:14,0
DA:19,0
DA:20,0
LF:8
LH:0
BRF:0
BRH:0
end_of_record
TN:
SF:src/experience/eventkit/Intro.tsx
FN:6,(anonymous_2)
FN:12,Flavor
FNF:2
FNH:0
FNDA:0,(anonymous_2)
FNDA:0,Flavor
DA:1,0
DA:2,0
DA:3,0
DA:4,0
DA:6,0
DA:7,0
DA:12,0
DA:13,0
LF:8
LH:0
BRF:0
BRH:0
end_of_record
TN:
SF:src/experience/eventkit/Page.tsx
FN:62,(anonymous_2)
FN:78,BrandKitPage
FNF:2
FNH:0
FNDA:0,(anonymous_2)
FNDA:0,BrandKitPage
DA:1,0
DA:2,0
DA:3,0
DA:4,0
DA:5,0
DA:7,0
DA:8,0
DA:10,0
DA:11,0
DA:13,0
DA:62,0
DA:63,0
DA:64,0
DA:78,0
DA:79,0
LF:15
LH:0
BRF:0
BRH:0
end_of_record
TN:
SF:src/experience/eventkit/PlanningDocs.tsx
FN:16,_MarryLastWordToIcon
FN:31,DocPreview
FN:32,(anonymous_4)
FN:52,fetchDocs
FN:56,PlanningDocs
FN:66,(anonymous_7)
FNF:6
FNH:0
FNDA:0,_MarryLastWordToIcon
FNDA:0,DocPreview
FNDA:0,(anonymous_4)
FNDA:0,fetchDocs
FNDA:0,PlanningDocs
FNDA:0,(anonymous_7)
DA:1,2
DA:2,2
DA:3,2
DA:4,2
DA:5,2
DA:6,2
DA:7,2
DA:16,2
DA:17,0
DA:19,0
DA:24,0
DA:32,0
DA:36,0
DA:53,0
DA:56,2
DA:57,0
DA:59,0
DA:60,0
DA:63,0
DA:64,0
DA:67,0
DA:76,2
LF:22
LH:10
BRDA:59,0,0,0
BRDA:59,0,1,0
BRDA:63,1,0,0
BRDA:63,1,1,0
BRF:4
BRH:0
end_of_record
TN:
SF:src/experience/eventkit/ResourcesPage.tsx
FN:11,(anonymous_2)
FN:18,Resources
FNF:2
FNH:0
FNDA:0,(anonymous_2)
FNDA:0,Resources
DA:1,0
DA:2,0
DA:3,0
DA:4,0
DA:6,0
DA:12,0
DA:18,0
DA:19,0
LF:8
LH:0
BRF:0
BRH:0
end_of_record
TN:
SF:src/experience/eventkit/Section.tsx
FN:7,Section
FNF:1
FNH:0
FNDA:0,Section
DA:1,0
DA:2,0
DA:3,0
DA:4,0
DA:5,0
DA:7,0
DA:8,0
LF:7
LH:0
BRF:0
BRH:0
end_of_record
TN:
SF:src/experience/eventkit/Tenents.tsx
FN:29,Tenent
FN:70,DesignForAll
FN:82,EmbodyHumility
FN:94,InnovatingOnMoney
FN:106,StrivingForBeauty
FNF:5
FNH:0
FNDA:0,Tenent
FNDA:0,DesignForAll
FNDA:0,EmbodyHumility
FNDA:0,InnovatingOnMoney
FNDA:0,StrivingForBeauty
DA:1,2
DA:2,2
DA:3,2
DA:4,2
DA:5,2
DA:6,2
DA:7,2
DA:9,2
DA:10,2
DA:11,2
DA:12,2
DA:14,2
DA:15,2
DA:16,2
DA:17,2
DA:19,2
DA:20,2
DA:21,2
DA:22,2
DA:30,0
DA:46,2
DA:70,2
DA:71,0
DA:72,0
DA:82,2
DA:83,0
DA:84,0
DA:94,2
DA:95,0
DA:96,0
DA:106,2
DA:107,0
DA:108,0
LF:33
LH:24
BRF:0
BRH:0
end_of_record
TN:
SF:src/experience/eventkit/tracking.ts
FN:2,(anonymous_1)
FN:12,trackDownload
FN:16,trackOpen
FNF:3
FNH:1
FNDA:2,(anonymous_1)
FNDA:0,trackDownload
FNDA:0,trackOpen
DA:1,2
DA:2,2
DA:3,2
DA:4,2
DA:12,2
DA:13,0
DA:16,2
DA:17,0
LF:8
LH:6
BRDA:2,0,0,2
BRDA:2,0,1,2
BRF:2
BRH:2
end_of_record
TN:
SF:src/fauceting/FaucetInterfaces.ts
FN:6,(anonymous_0)
FN:13,(anonymous_1)
FN:18,(anonymous_2)
FNF:3
FNH:3
FNDA:2,(anonymous_0)
FNDA:2,(anonymous_1)
FNDA:2,(anonymous_2)
DA:1,2
DA:6,2
DA:7,2
DA:8,2
DA:9,2
DA:10,2
DA:13,2
DA:14,2
DA:15,2
DA:18,2
DA:19,2
DA:20,2
LF:12
LH:12
BRDA:6,0,0,2
BRDA:6,0,1,2
BRDA:13,1,0,2
BRDA:13,1,1,2
BRDA:18,2,0,2
BRDA:18,2,1,2
BRF:6
BRH:6
end_of_record
TN:
SF:src/fauceting/MicroComponents.tsx
FN:18,ContextualInfo
FN:39,HashingStatus
FN:56,(anonymous_4)
FN:57,(anonymous_5)
FN:79,ButtonWithFeedback
FN:115,buttonText
FN:126,faucetText
FN:135,inviteText
FNF:8
FNH:7
FNDA:2,ContextualInfo
FNDA:2,HashingStatus
FNDA:6,(anonymous_4)
FNDA:0,(anonymous_5)
FNDA:2,ButtonWithFeedback
FNDA:2,buttonText
FNDA:1,faucetText
FNDA:1,inviteText
DA:1,2
DA:2,2
DA:3,2
DA:4,2
DA:6,2
DA:7,2
DA:8,2
DA:9,2
DA:16,2
DA:18,2
DA:19,2
DA:25,2
DA:27,2
DA:39,2
DA:47,2
DA:56,6
DA:58,0
DA:79,2
DA:88,2
DA:89,2
DA:90,2
DA:91,2
DA:92,2
DA:94,2
DA:116,2
DA:118,0
DA:120,0
DA:122,2
DA:127,1
DA:136,1
DA:139,2
LF:31
LH:28
BRDA:21,0,0,2
BRDA:21,0,1,1
BRDA:22,1,0,2
BRDA:22,1,1,0
BRDA:25,2,0,1
BRDA:25,2,1,1
BRDA:49,3,0,1
BRDA:49,3,1,1
BRDA:52,4,0,2
BRDA:52,4,1,0
BRDA:52,4,2,0
BRDA:53,5,0,2
BRDA:53,5,1,0
BRDA:54,6,0,2
BRDA:54,6,1,0
BRDA:59,7,0,0
BRDA:59,7,1,0
BRDA:60,8,0,0
BRDA:60,8,1,0
BRDA:88,9,0,2
BRDA:88,9,1,0
BRDA:91,10,0,2
BRDA:91,10,1,2
BRDA:92,11,0,2
BRDA:92,11,1,0
BRDA:96,12,0,2
BRDA:96,12,1,2
BRDA:96,12,2,0
BRDA:96,12,3,0
BRDA:96,12,4,0
BRDA:97,13,0,2
BRDA:97,13,1,0
BRDA:103,14,0,2
BRDA:103,14,1,1
BRDA:103,14,2,0
BRDA:104,15,0,1
BRDA:104,15,1,1
BRDA:117,16,0,0
BRDA:117,16,1,0
BRDA:117,16,2,2
BRDA:120,17,0,0
BRDA:120,17,1,0
BRDA:128,18,0,1
BRDA:128,18,1,1
BRDA:136,19,0,0
BRDA:136,19,1,1
BRF:46
BRH:25
end_of_record
TN:
SF:src/fauceting/PhoneInput.tsx
FN:52,(anonymous_2)
FN:59,(anonymous_3)
FN:66,(anonymous_4)
FN:71,(anonymous_5)
FN:77,(anonymous_6)
FN:81,(anonymous_7)
FN:85,(anonymous_8)
FN:92,(anonymous_9)
FN:104,(anonymous_10)
FN:108,(anonymous_11)
FN:111,(anonymous_12)
FN:129,(anonymous_13)
FN:144,(anonymous_14)
FN:165,(anonymous_15)
FN:169,(anonymous_16)
FN:184,(anonymous_17)
FN:262,(anonymous_18)
FNF:17
FNH:16
FNDA:4,(anonymous_2)
FNDA:4,(anonymous_3)
FNDA:18,(anonymous_4)
FNDA:9,(anonymous_5)
FNDA:17,(anonymous_6)
FNDA:3,(anonymous_7)
FNDA:1,(anonymous_8)
FNDA:1,(anonymous_9)
FNDA:1,(anonymous_10)
FNDA:1,(anonymous_11)
FNDA:1,(anonymous_12)
FNDA:9,(anonymous_13)
FNDA:9,(anonymous_14)
FNDA:5,(anonymous_15)
FNDA:1,(anonymous_16)
FNDA:8,(anonymous_17)
FNDA:0,(anonymous_18)
DA:1,2
DA:2,2
DA:3,2
DA:4,2
DA:5,2
DA:13,2
DA:14,2
DA:15,2
DA:16,2
DA:50,2
DA:52,4
DA:60,4
DA:66,4
DA:68,18
DA:71,4
DA:72,9
DA:74,9
DA:77,4
DA:78,17
DA:81,4
DA:82,3
DA:85,4
DA:87,1
DA:89,1
DA:92,4
DA:94,1
DA:96,1
DA:97,1
DA:98,1
DA:100,0
DA:101,0
DA:104,4
DA:105,1
DA:108,4
DA:109,1
DA:111,1
DA:112,1
DA:113,1
DA:115,0
DA:116,0
DA:121,1
DA:125,1
DA:129,4
DA:130,9
DA:131,9
DA:133,9
DA:144,4
DA:145,9
DA:165,4
DA:167,5
DA:169,5
DA:170,1
DA:171,1
DA:174,5
DA:185,8
DA:192,8
DA:262,2
DA:263,0
DA:266,2
DA:329,2
LF:60
LH:55
BRDA:68,0,0,18
BRDA:68,0,1,14
BRDA:74,1,0,9
BRDA:74,1,1,0
BRDA:94,2,0,1
BRDA:94,2,1,1
BRDA:96,3,0,1
BRDA:96,3,1,0
BRDA:113,4,0,0
BRDA:113,4,1,1
BRDA:137,5,0,9
BRDA:137,5,1,2
BRDA:155,6,0,9
BRDA:155,6,1,2
BRDA:177,7,0,5
BRDA:177,7,1,0
BRDA:238,8,0,2
BRDA:238,8,1,6
BRDA:243,9,0,8
BRDA:243,9,1,6
BRF:20
BRH:16
end_of_record
TN:
SF:src/fauceting/RequestFunds.tsx
FN:22,(anonymous_2)
FN:22,(anonymous_3)
FN:38,(anonymous_4)
FN:48,(anonymous_5)
FN:59,(anonymous_6)
FN:63,(anonymous_7)
FN:67,(anonymous_8)
FN:71,(anonymous_9)
FN:75,(anonymous_10)
FN:79,(anonymous_11)
FN:95,(anonymous_12)
FN:105,(anonymous_13)
FN:109,(anonymous_14)
FN:130,(anonymous_15)
FN:134,(anonymous_16)
FN:138,(anonymous_17)
FN:199,MobileSelect
FN:235,send
FNF:18
FNH:6
FNDA:1,(anonymous_2)
FNDA:1,(anonymous_3)
FNDA:2,(anonymous_4)
FNDA:0,(anonymous_5)
FNDA:0,(anonymous_6)
FNDA:0,(anonymous_7)
FNDA:0,(anonymous_8)
FNDA:0,(anonymous_9)
FNDA:0,(anonymous_10)
FNDA:0,(anonymous_11)
FNDA:0,(anonymous_12)
FNDA:0,(anonymous_13)
FNDA:0,(anonymous_14)
FNDA:12,(anonymous_15)
FNDA:0,(anonymous_16)
FNDA:2,(anonymous_17)
FNDA:1,MobileSelect
FNDA:0,send
DA:1,2
DA:2,2
DA:3,2
DA:4,2
DA:5,2
DA:6,2
DA:7,2
DA:13,2
DA:14,2
DA:15,2
DA:16,2
DA:17,2
DA:18,2
DA:19,2
DA:20,2
DA:22,2
DA:39,2
DA:46,2
DA:48,2
DA:49,0
DA:50,0
DA:59,2
DA:60,0
DA:63,2
DA:64,0
DA:67,2
DA:68,0
DA:71,2
DA:72,0
DA:75,2
DA:76,0
DA:79,2
DA:80,0
DA:81,0
DA:82,0
DA:85,0
DA:86,0
DA:88,0
DA:89,0
DA:90,0
DA:92,0
DA:95,2
DA:96,0
DA:97,0
DA:105,2
DA:106,0
DA:109,2
DA:110,0
DA:111,0
DA:113,0
DA:114,0
DA:121,0
DA:130,2
DA:131,12
DA:134,2
DA:135,0
DA:139,2
DA:140,2
DA:141,2
DA:200,1
DA:201,1
DA:202,1
DA:203,1
DA:204,1
DA:236,0
DA:237,0
DA:240,2
DA:253,2
LF:68
LH:41
BRDA:54,0,0,0
BRDA:54,0,1,0
BRDA:80,1,0,0
BRDA:80,1,1,0
BRDA:89,2,0,0
BRDA:89,2,1,0
BRDA:113,3,0,0
BRDA:113,3,1,0
BRDA:113,4,0,0
BRDA:113,4,1,0
BRDA:135,5,0,0
BRDA:135,5,1,0
BRDA:144,6,0,1
BRDA:144,6,1,1
BRDA:148,7,0,1
BRDA:148,7,1,0
BRDA:164,8,0,2
BRDA:164,8,1,1
BRDA:174,9,0,2
BRDA:174,9,1,1
BRDA:180,10,0,2
BRDA:180,10,1,0
BRDA:202,11,0,0
BRDA:202,11,1,1
BRDA:203,12,0,0
BRDA:203,12,1,1
BRDA:236,13,0,0
BRDA:236,13,1,0
BRF:28
BRH:10
end_of_record
TN:
SF:src/fauceting/utils.ts
FN:4,getCaptchaKey
FN:8,validateBeneficary
FN:16,validateNumber
FN:25,validateAddress
FN:29,requestStatusToState
FN:41,(anonymous_6)
FNF:6
FNH:2
FNDA:2,getCaptchaKey
FNDA:0,validateBeneficary
FNDA:0,validateNumber
FNDA:0,validateAddress
FNDA:0,requestStatusToState
FNDA:2,(anonymous_6)
DA:1,2
DA:2,2
DA:4,2
DA:5,2
DA:8,2
DA:9,0
DA:10,0
DA:12,0
DA:18,0
DA:19,0
DA:22,2
DA:26,0
DA:29,2
DA:30,0
DA:32,0
DA:34,0
DA:37,0
DA:41,2
DA:42,2
DA:43,2
DA:44,2
DA:45,2
DA:46,2
LF:23
LH:13
BRDA:9,0,0,0
BRDA:9,0,1,0
BRDA:31,1,0,0
BRDA:31,1,1,0
BRDA:31,1,2,0
BRDA:31,1,3,0
BRDA:41,2,0,2
BRDA:41,2,1,2
BRF:8
BRH:2
end_of_record
TN:
SF:src/fonts/Fonts.tsx
FN:20,(anonymous_2)
FN:24,(anonymous_3)
FN:28,(anonymous_4)
FN:32,(anonymous_5)
FN:36,(anonymous_6)
FN:52,(anonymous_7)
FN:68,(anonymous_8)
FN:84,(anonymous_9)
FN:100,(anonymous_10)
FN:114,Ul
FN:122,listType
FN:133,Li
FNF:12
FNH:12
FNDA:1,(anonymous_2)
FNDA:7,(anonymous_3)
FNDA:3,(anonymous_4)
FNDA:18,(anonymous_5)
FNDA:47,(anonymous_6)
FNDA:49,(anonymous_7)
FNDA:93,(anonymous_8)
FNDA:77,(anonymous_9)
FNDA:29,(anonymous_10)
FNDA:19,Ul
FNDA:86,listType
FNDA:86,Li
DA:1,29
DA:2,29
DA:3,29
DA:4,29
DA:5,29
DA:20,29
DA:21,1
DA:24,29
DA:25,7
DA:28,29
DA:29,3
DA:32,29
DA:33,18
DA:36,29
DA:37,47
DA:52,29
DA:53,49
DA:68,29
DA:69,93
DA:84,29
DA:85,77
DA:100,29
DA:101,29
DA:102,29
DA:103,29
DA:114,29
DA:115,19
DA:123,86
DA:125,17
DA:127,30
DA:129,39
DA:133,29
DA:134,86
DA:140,86
DA:151,29
LF:35
LH:35
BRDA:40,0,0,47
BRDA:40,0,1,39
BRDA:43,1,0,47
BRDA:43,1,1,45
BRDA:57,2,0,49
BRDA:57,2,1,49
BRDA:74,3,0,93
BRDA:74,3,1,93
BRDA:90,4,0,77
BRDA:90,4,1,77
BRDA:100,5,0,29
BRDA:100,5,1,29
BRDA:124,6,0,17
BRDA:124,6,1,30
BRDA:124,6,2,39
BRF:15
BRH:15
end_of_record
TN:
SF:src/forms/CheckboxWithLabel.tsx
FN:12,CheckboxWithLabel
FN:33,Checkbox
FNF:2
FNH:2
FNDA:10,CheckboxWithLabel
FNDA:10,Checkbox
DA:1,2
DA:2,2
DA:3,2
DA:4,2
DA:12,2
DA:20,10
DA:34,10
DA:55,2
LF:8
LH:8
BRDA:39,0,0,0
BRDA:39,0,1,10
BRF:2
BRH:1
end_of_record
TN:
SF:src/forms/EmailForm.tsx
FN:30,(anonymous_2)
FN:39,(anonymous_3)
FN:46,EmailForm
FN:59,(anonymous_5)
FNF:4
FNH:4
FNDA:2,(anonymous_2)
FNDA:19,(anonymous_3)
FNDA:15,EmailForm
FNDA:19,(anonymous_5)
DA:1,13
DA:2,13
DA:3,13
DA:4,13
DA:5,13
DA:6,13
DA:7,13
DA:8,13
DA:9,13
DA:10,13
DA:11,13
DA:12,13
DA:14,13
DA:15,13
DA:25,13
DA:30,13
DA:32,2
DA:33,1
DA:35,1
DA:39,13
DA:40,19
DA:41,1
DA:43,18
DA:46,13
DA:53,15
DA:54,15
DA:55,15
DA:57,15
DA:60,19
DA:61,19
DA:62,19
DA:63,19
DA:112,13
DA:113,13
DA:115,13
LF:35
LH:35
BRDA:32,0,0,1
BRDA:32,0,1,1
BRDA:40,1,0,1
BRDA:40,1,1,18
BRDA:50,2,0,15
BRDA:51,3,0,4
BRDA:53,4,0,0
BRDA:53,4,1,15
BRDA:61,5,0,19
BRDA:61,5,1,19
BRDA:62,6,0,19
BRDA:62,6,1,19
BRDA:72,7,0,0
BRDA:72,7,1,19
BRDA:75,8,0,19
BRDA:75,8,1,18
BRDA:77,9,0,0
BRDA:77,9,1,19
BRDA:85,10,0,19
BRDA:85,10,1,19
BRDA:86,11,0,19
BRDA:86,11,1,1
BRDA:99,12,0,19
BRDA:99,12,1,0
BRF:24
BRH:20
end_of_record
TN:
SF:src/forms/ErrorDisplay.tsx
FN:6,(anonymous_2)
FN:13,getErrorTransKey
FN:29,(anonymous_4)
FNF:3
FNH:3
FNDA:20,(anonymous_2)
FNDA:334,getErrorTransKey
FNDA:180,(anonymous_4)
DA:1,20
DA:2,20
DA:3,20
DA:4,20
DA:6,20
DA:7,20
DA:8,20
DA:9,20
DA:10,20
DA:13,20
DA:14,334
DA:18,94
DA:20,240
DA:29,20
DA:30,180
DA:31,180
LF:16
LH:16
BRDA:6,0,0,20
BRDA:6,0,1,20
BRDA:15,1,0,94
BRDA:15,1,1,94
BRDA:15,1,2,94
BRDA:15,1,3,240
BRDA:33,2,0,180
BRDA:33,2,1,156
BRF:8
BRH:8
end_of_record
TN:
SF:src/forms/Form.tsx
FN:35,postForm
FN:45,emailIsValid
FN:49,hasField
FN:55,(anonymous_4)
FN:65,(anonymous_5)
FN:83,(anonymous_6)
FN:93,(anonymous_7)
FN:99,(anonymous_8)
FN:103,(anonymous_9)
FN:109,(anonymous_10)
FN:114,(anonymous_11)
FN:115,(anonymous_12)
FN:116,(anonymous_13)
FN:120,(anonymous_14)
FN:120,(anonymous_15)
FN:124,(anonymous_16)
FN:125,(anonymous_17)
FN:132,(anonymous_18)
FNF:18
FNH:14
FNDA:5,postForm
FNDA:9,emailIsValid
FNDA:24,hasField
FNDA:39,(anonymous_4)
FNDA:5,(anonymous_5)
FNDA:9,(anonymous_6)
FNDA:9,(anonymous_7)
FNDA:14,(anonymous_8)
FNDA:21,(anonymous_9)
FNDA:0,(anonymous_10)
FNDA:21,(anonymous_11)
FNDA:21,(anonymous_12)
FNDA:0,(anonymous_13)
FNDA:0,(anonymous_14)
FNDA:0,(anonymous_15)
FNDA:21,(anonymous_16)
FNDA:21,(anonymous_17)
FNDA:78,(anonymous_18)
DA:1,19
DA:3,19
DA:35,19
DA:36,5
DA:45,19
DA:46,9
DA:49,19
DA:50,24
DA:53,19
DA:56,39
DA:57,39
DA:65,39
DA:66,5
DA:67,5
DA:69,5
DA:74,5
DA:83,39
DA:84,9
DA:85,0
DA:88,9
DA:89,9
DA:90,9
DA:93,39
DA:94,9
DA:95,5
DA:99,39
DA:100,14
DA:103,39
DA:104,21
DA:105,21
DA:106,21
DA:109,39
DA:110,0
DA:111,0
DA:114,39
DA:115,21
DA:116,21
DA:120,39
DA:121,0
DA:124,39
DA:125,21
DA:133,78
LF:42
LH:38
BRDA:46,0,0,9
BRDA:46,0,1,5
BRDA:46,0,2,5
BRDA:46,0,3,5
BRDA:50,1,0,24
BRDA:50,1,1,14
BRDA:70,2,0,0
BRDA:70,2,1,5
BRDA:72,3,0,0
BRDA:72,3,1,5
BRDA:76,4,0,5
BRDA:76,4,1,0
BRDA:84,5,0,0
BRDA:84,5,1,9
BRDA:94,6,0,5
BRDA:94,6,1,4
BRDA:110,7,0,0
BRDA:110,7,1,0
BRF:18
BRH:12
end_of_record
TN:
SF:src/forms/FormComponents.tsx
FN:4,Form
FN:15,Label
FNF:2
FNH:2
FNDA:59,Form
FNDA:10,Label
DA:2,5
DA:4,5
DA:5,59
DA:15,5
DA:16,10
LF:5
LH:5
BRF:0
BRH:0
end_of_record
TN:
SF:src/forms/LabeledInput.tsx
FN:18,LabeledInput
FN:28,(anonymous_2)
FNF:2
FNH:2
FNDA:344,LabeledInput
FNDA:315,(anonymous_2)
DA:1,6
DA:2,6
DA:3,6
DA:4,6
DA:5,6
DA:18,6
DA:28,344
DA:29,344
DA:59,6
LF:9
LH:9
BRDA:28,0,0,315
BRDA:28,0,1,310
BRDA:44,1,0,344
BRDA:44,1,1,30
BRDA:45,2,0,344
BRDA:45,2,1,14
BRDA:47,3,0,30
BRDA:47,3,1,314
BRDA:52,4,0,344
BRDA:52,4,1,334
BRDA:53,5,0,334
BRDA:53,5,1,273
BRF:12
BRH:12
end_of_record
TN:
SF:src/forms/MessageDisplay.tsx
FN:11,(anonymous_1)
FNF:1
FNH:1
FNDA:224,(anonymous_1)
DA:1,20
DA:2,20
DA:3,20
DA:11,20
DA:12,224
DA:23,20
LF:6
LH:6
BRDA:13,0,0,224
BRDA:13,0,1,204
BRDA:15,1,0,20
BRDA:15,1,1,204
BRF:4
BRH:4
end_of_record
TN:
SF:src/forms/SubmitButton.tsx
FN:12,SubmitButton
FNF:1
FNH:1
FNDA:49,SubmitButton
DA:1,17
DA:2,17
DA:3,17
DA:4,17
DA:12,17
DA:21,49
LF:6
LH:6
BRDA:24,0,0,49
BRDA:24,0,1,5
BRDA:25,1,0,49
BRDA:25,1,1,44
BRF:4
BRH:4
end_of_record
TN:
SF:src/forms/SuccessDisplay.tsx
FN:13,(anonymous_2)
FNF:1
FNH:1
FNDA:44,(anonymous_2)
DA:1,17
DA:2,17
DA:3,17
DA:4,17
DA:5,17
DA:13,17
DA:14,44
DA:24,17
LF:8
LH:8
BRF:0
BRH:0
end_of_record
TN:
SF:src/forms/TextInput.tsx
FN:21,(anonymous_1)
FN:27,(anonymous_2)
FN:34,(anonymous_3)
FN:41,(anonymous_4)
FNF:4
FNH:2
FNDA:159,(anonymous_1)
FNDA:0,(anonymous_2)
FNDA:0,(anonymous_3)
FNDA:386,(anonymous_4)
DA:1,22
DA:2,22
DA:21,22
DA:25,159
DA:27,159
DA:28,0
DA:29,0
DA:30,0
DA:34,159
DA:35,0
DA:36,0
DA:37,0
DA:42,386
DA:43,386
DA:44,386
DA:50,22
LF:16
LH:10
BRDA:29,0,0,0
BRDA:29,0,1,0
BRDA:36,1,0,0
BRDA:36,1,1,0
BRDA:43,2,0,0
BRDA:43,2,1,386
BRF:6
BRH:1
end_of_record
TN:
SF:src/header/BlueBanner.tsx
FN:14,(anonymous_2)
FN:16,(anonymous_3)
FN:17,(anonymous_4)
FN:21,(anonymous_5)
FN:100,(anonymous_6)
FN:106,(anonymous_7)
FN:123,(anonymous_8)
FNF:7
FNH:2
FNDA:2,(anonymous_2)
FNDA:0,(anonymous_3)
FNDA:0,(anonymous_4)
FNDA:2,(anonymous_5)
FNDA:0,(anonymous_6)
FNDA:0,(anonymous_7)
FNDA:0,(anonymous_8)
DA:1,1
DA:2,1
DA:3,1
DA:4,1
DA:5,1
DA:14,1
DA:15,2
DA:16,2
DA:17,0
DA:18,0
DA:22,2
DA:46,1
DA:48,1
DA:100,1
DA:101,0
DA:106,0
DA:107,0
DA:108,0
DA:109,0
DA:110,0
DA:112,0
DA:113,0
DA:116,0
DA:118,0
DA:119,0
DA:124,0
LF:26
LH:12
BRDA:26,0,0,2
BRDA:26,0,1,1
BRDA:112,1,0,0
BRDA:112,1,1,0
BRF:4
BRH:2
end_of_record
TN:
SF:src/header/CookieConsent.tsx
FN:15,(anonymous_2)
FN:26,(anonymous_3)
FN:34,(anonymous_4)
FN:20,(anonymous_5)
FN:41,(anonymous_6)
FNF:5
FNH:5
FNDA:2,(anonymous_2)
FNDA:1,(anonymous_3)
FNDA:1,(anonymous_4)
FNDA:2,(anonymous_5)
FNDA:6,(anonymous_6)
DA:1,1
DA:2,1
DA:3,1
DA:4,1
DA:5,1
DA:6,1
DA:7,1
DA:8,1
DA:9,1
DA:15,1
DA:16,2
DA:21,2
DA:26,2
DA:27,1
DA:28,1
DA:31,1
DA:34,2
DA:35,1
DA:36,1
DA:42,6
DA:44,6
DA:45,4
DA:48,2
DA:86,1
DA:160,1
LF:25
LH:25
BRDA:44,0,0,4
BRDA:44,0,1,2
BRF:2
BRH:2
end_of_record
TN:
SF:src/header/Hamburger.tsx
FN:13,Hamburger
FNF:1
FNH:0
FNDA:0,Hamburger
DA:1,0
DA:2,0
DA:3,0
DA:11,0
DA:13,0
DA:14,0
DA:15,0
DA:38,0
LF:8
LH:0
BRDA:21,0,0,0
BRDA:21,0,1,0
BRDA:25,1,0,0
BRDA:25,1,1,0
BRDA:30,2,0,0
BRDA:30,2,1,0
BRF:6
BRH:0
end_of_record
TN:
SF:src/header/Header.3.tsx
FN:23,(anonymous_2)
FN:23,(anonymous_3)
FN:25,(anonymous_4)
FN:56,scrollOffset
FN:60,menuHidePoint
FN:64,(anonymous_7)
FN:77,(anonymous_8)
FN:96,(anonymous_9)
FN:117,(anonymous_10)
FN:121,(anonymous_11)
FN:128,(anonymous_12)
FN:132,(anonymous_13)
FN:136,(anonymous_14)
FN:143,(anonymous_15)
FN:147,(anonymous_16)
FN:151,(anonymous_17)
FN:155,(anonymous_18)
FN:160,(anonymous_19)
FN:164,(anonymous_20)
FN:106,(anonymous_21)
FN:113,(anonymous_22)
FN:176,(anonymous_23)
FN:240,(anonymous_24)
FNF:23
FNH:0
FNDA:0,(anonymous_2)
FNDA:0,(anonymous_3)
FNDA:0,(anonymous_4)
FNDA:0,scrollOffset
FNDA:0,menuHidePoint
FNDA:0,(anonymous_7)
FNDA:0,(anonymous_8)
FNDA:0,(anonymous_9)
FNDA:0,(anonymous_10)
FNDA:0,(anonymous_11)
FNDA:0,(anonymous_12)
FNDA:0,(anonymous_13)
FNDA:0,(anonymous_14)
FNDA:0,(anonymous_15)
FNDA:0,(anonymous_16)
FNDA:0,(anonymous_17)
FNDA:0,(anonymous_18)
FNDA:0,(anonymous_19)
FNDA:0,(anonymous_20)
FNDA:0,(anonymous_21)
FNDA:0,(anonymous_22)
FNDA:0,(anonymous_23)
FNDA:0,(anonymous_24)
DA:1,0
DA:2,0
DA:3,0
DA:4,0
DA:5,0
DA:6,0
DA:7,0
DA:8,0
DA:9,0
DA:10,0
DA:11,0
DA:12,0
DA:13,0
DA:14,0
DA:15,0
DA:16,0
DA:17,0
DA:18,0
DA:19,0
DA:20,0
DA:21,0
DA:22,0
DA:23,0
DA:24,0
DA:25,0
DA:28,0
DA:29,0
DA:39,0
DA:57,0
DA:61,0
DA:64,0
DA:67,0
DA:77,0
DA:78,0
DA:79,0
DA:81,0
DA:82,0
DA:84,0
DA:87,0
DA:88,0
DA:89,0
DA:90,0
DA:93,0
DA:96,0
DA:97,0
DA:98,0
DA:102,0
DA:107,0
DA:108,0
DA:110,0
DA:114,0
DA:117,0
DA:118,0
DA:121,0
DA:122,0
DA:128,0
DA:129,0
DA:132,0
DA:133,0
DA:136,0
DA:137,0
DA:138,0
DA:140,0
DA:143,0
DA:144,0
DA:147,0
DA:148,0
DA:151,0
DA:152,0
DA:155,0
DA:156,0
DA:157,0
DA:160,0
DA:161,0
DA:164,0
DA:165,0
DA:166,0
DA:169,0
DA:170,0
DA:173,0
DA:177,0
DA:178,0
DA:179,0
DA:180,0
DA:181,0
DA:183,0
DA:241,0
DA:309,0
DA:421,0
LF:89
LH:0
BRDA:57,0,0,0
BRDA:57,0,1,0
BRDA:81,1,0,0
BRDA:81,1,1,0
BRDA:81,2,0,0
BRDA:81,2,1,0
BRDA:87,3,0,0
BRDA:87,3,1,0
BRDA:89,4,0,0
BRDA:89,4,1,0
BRDA:97,5,0,0
BRDA:97,5,1,0
BRDA:123,6,0,0
BRDA:123,6,1,0
BRDA:123,6,2,0
BRDA:133,7,0,0
BRDA:133,7,1,0
BRDA:137,8,0,0
BRDA:137,8,1,0
BRDA:137,9,0,0
BRDA:137,9,1,0
BRDA:138,10,0,0
BRDA:138,10,1,0
BRDA:140,11,0,0
BRDA:140,11,1,0
BRDA:152,12,0,0
BRDA:152,12,1,0
BRDA:156,13,0,0
BRDA:156,13,1,0
BRDA:165,14,0,0
BRDA:165,14,1,0
BRDA:169,15,0,0
BRDA:169,15,1,0
BRDA:169,16,0,0
BRDA:169,16,1,0
BRDA:180,17,0,0
BRDA:180,17,1,0
BRDA:180,18,0,0
BRDA:180,18,1,0
BRDA:189,19,0,0
BRDA:189,19,1,0
BRDA:189,20,0,0
BRDA:189,20,1,0
BRDA:190,21,0,0
BRDA:190,21,1,0
BRDA:193,22,0,0
BRDA:193,22,1,0
BRDA:201,23,0,0
BRDA:201,23,1,0
BRDA:210,24,0,0
BRDA:210,24,1,0
BRDA:219,25,0,0
BRDA:219,25,1,0
BRDA:223,26,0,0
BRDA:223,26,1,0
BRDA:232,27,0,0
BRDA:232,27,1,0
BRDA:237,28,0,0
BRDA:237,28,1,0
BRDA:243,29,0,0
BRDA:243,29,1,0
BRDA:247,30,0,0
BRDA:247,30,1,0
BRDA:256,31,0,0
BRDA:256,31,1,0
BRDA:265,32,0,0
BRDA:265,32,1,0
BRDA:270,33,0,0
BRDA:270,33,1,0
BRDA:279,34,0,0
BRDA:279,34,1,0
BRDA:287,35,0,0
BRDA:287,35,1,0
BRDA:291,36,0,0
BRDA:291,36,1,0
BRDA:291,36,2,0
BRF:76
BRH:0
end_of_record
TN:
SF:src/header/OpenGraph.tsx
FN:12,OpenGraph
FNF:1
FNH:1
FNDA:31,OpenGraph
DA:1,28
DA:2,28
DA:3,28
DA:12,28
DA:13,31
DA:14,31
DA:15,31
DA:16,31
LF:8
LH:8
BRF:0
BRH:0
end_of_record
TN:
SF:src/home/CoinList.tsx
FN:15,CoinList
FNF:1
FNH:0
FNDA:0,CoinList
DA:1,0
DA:2,0
DA:3,0
DA:4,0
DA:5,0
DA:6,0
DA:7,0
DA:8,0
DA:9,0
DA:10,0
DA:11,0
DA:12,0
DA:13,0
DA:15,0
DA:16,0
DA:17,0
DA:18,0
DA:54,0
LF:18
LH:0
BRDA:28,0,0,0
BRDA:28,0,1,0
BRDA:47,1,0,0
BRDA:47,1,1,0
BRF:4
BRH:0
end_of_record
TN:
SF:src/home/Cyclone.tsx
FN:5,(anonymous_1)
FNF:1
FNH:0
FNDA:0,(anonymous_1)
DA:1,0
DA:2,0
DA:4,0
DA:6,0
LF:4
LH:0
BRF:0
BRH:0
end_of_record
TN:
SF:src/home/Home.tsx
FN:28,(anonymous_2)
FN:32,(anonymous_3)
FN:35,(anonymous_4)
FN:45,(anonymous_5)
FNF:4
FNH:1
FNDA:0,(anonymous_2)
FNDA:0,(anonymous_3)
FNDA:0,(anonymous_4)
FNDA:1,(anonymous_5)
DA:1,1
DA:2,1
DA:3,1
DA:4,1
DA:5,1
DA:6,1
DA:7,1
DA:8,1
DA:9,1
DA:10,1
DA:11,1
DA:12,1
DA:13,1
DA:14,1
DA:25,1
DA:27,1
DA:29,0
DA:30,0
DA:31,0
DA:32,0
DA:33,0
DA:35,0
DA:37,0
DA:39,0
DA:46,1
DA:47,1
DA:48,1
DA:49,1
DA:51,1
DA:81,1
DA:91,1
LF:31
LH:23
BRDA:31,0,0,0
BRDA:31,0,1,0
BRF:2
BRH:0
end_of_record
TN:
SF:src/home/HomeAnimation.tsx
FN:9,(anonymous_2)
FN:10,(anonymous_3)
FN:17,(anonymous_4)
FN:24,(anonymous_5)
FN:28,(anonymous_6)
FN:43,(anonymous_7)
FN:46,(anonymous_8)
FN:48,(anonymous_9)
FN:52,(anonymous_10)
FN:55,(anonymous_11)
FN:64,(anonymous_12)
[...]
FNDA:119,ButtonNav
FNDA:265,ButtonInline
FNDA:166,(anonymous_21)
FNDA:11,verticalSize
FNDA:37,(anonymous_23)
DA:1,37
DA:2,37
DA:3,37
DA:4,37
DA:5,37
DA:6,37
DA:8,37
DA:9,37
DA:10,37
DA:11,37
DA:12,37
DA:13,37
DA:14,37
DA:15,37
DA:16,37
DA:18,37
DA:19,37
DA:20,37
DA:21,37
DA:22,37
DA:63,37
DA:64,543
DA:66,543
DA:67,559
DA:68,7
DA:69,552
DA:70,0
DA:71,552
DA:72,0
DA:74,552
DA:78,559
DA:80,78
DA:82,11
DA:84,33
DA:87,53
DA:90,119
DA:92,265
DA:94,0
DA:98,543
DA:99,0
DA:101,543
DA:102,0
DA:104,543
DA:105,0
DA:107,543
DA:108,0
DA:111,543
DA:112,12
DA:113,0
DA:114,12
DA:115,12
DA:120,559
DA:121,559
DA:123,559
DA:145,37
DA:146,37
DA:147,37
DA:148,37
DA:149,37
DA:164,78
DA:165,78
DA:192,11
DA:194,11
DA:221,33
DA:222,33
DA:246,37
DA:254,53
DA:257,0
DA:259,49
DA:261,4
DA:266,53
DA:267,53
DA:268,53
DA:269,53
DA:270,53
DA:271,53
DA:297,37
DA:299,37
DA:311,119
DA:312,119
DA:313,119
DA:336,265
DA:337,265
DA:351,37
DA:362,37
DA:363,166
DA:364,0
DA:365,166
DA:366,17
DA:367,149
DA:368,39
DA:371,110
DA:375,11
DA:378,37
DA:379,37
DA:381,37
DA:415,37
DA:444,37
DA:459,37
DA:474,37
DA:476,37
DA:477,37
DA:478,37
DA:479,37
DA:480,37
DA:483,37
DA:532,37
LF:107
LH:97
BRDA:8,0,0,37
BRDA:8,0,1,37
BRDA:18,1,0,37
BRDA:18,1,1,37
BRDA:67,2,0,7
BRDA:67,2,1,552
BRDA:69,3,0,0
BRDA:69,3,1,552
BRDA:71,4,0,0
BRDA:71,4,1,552
BRDA:112,5,0,0
BRDA:112,5,1,12
BRDA:114,6,0,12
BRDA:114,6,1,0
BRDA:79,7,0,78
BRDA:79,7,1,11
BRDA:79,7,2,33
BRDA:79,7,3,10
BRDA:79,7,4,53
BRDA:79,7,5,6
BRDA:79,7,6,119
BRDA:79,7,7,265
BRDA:79,7,8,0
BRDA:132,8,0,559
BRDA:132,8,1,265
BRDA:135,9,0,559
BRDA:135,9,1,133
BRDA:137,10,0,559
BRDA:137,10,1,46
BRDA:145,11,0,37
BRDA:145,11,1,37
BRDA:179,12,0,2
BRDA:179,12,1,76
BRDA:178,13,0,78
BRDA:178,13,1,7
BRDA:182,14,0,78
BRDA:182,14,1,7
BRDA:255,15,0,0
BRDA:255,15,1,0
BRDA:255,15,2,49
BRDA:255,15,3,4
BRDA:267,16,0,10
BRDA:267,16,1,43
BRDA:268,17,0,10
BRDA:268,17,1,43
BRDA:269,18,0,10
BRDA:269,18,1,43
BRDA:312,19,0,6
BRDA:312,19,1,113
BRDA:363,20,0,0
BRDA:363,20,1,166
BRDA:365,21,0,17
BRDA:365,21,1,149
BRDA:367,22,0,39
BRDA:367,22,1,110
BRDA:476,23,0,37
BRDA:476,23,1,37
BRF:57
BRH:49
end_of_record
TN:
SF:src/shared/Card.tsx
FN:17,Card
FNF:1
FNH:0
FNDA:0,Card
DA:1,2
DA:2,2
DA:3,2
DA:4,2
DA:5,2
DA:17,2
DA:18,0
DA:47,2
DA:70,2
LF:9
LH:8
BRF:0
BRH:0
end_of_record
TN:
SF:src/shared/ChangeStory.tsx
FN:15,ChangeStory
FN:18,(anonymous_3)
FN:19,(anonymous_4)
FN:24,(anonymous_5)
FN:26,(anonymous_6)
FN:47,_Wipe
FNF:6
FNH:0
FNDA:0,ChangeStory
FNDA:0,(anonymous_3)
FNDA:0,(anonymous_4)
FNDA:0,(anonymous_5)
FNDA:0,(anonymous_6)
FNDA:0,_Wipe
DA:1,10
DA:2,10
DA:3,10
DA:4,10
DA:5,10
DA:7,10
DA:15,10
DA:16,0
DA:18,0
DA:19,0
DA:20,0
DA:24,0
DA:25,0
DA:26,0
DA:29,0
DA:31,0
DA:47,10
DA:48,0
DA:49,0
DA:63,10
DA:64,10
DA:66,10
LF:22
LH:11
BRDA:20,0,0,0
BRDA:20,0,1,0
BRDA:32,1,0,0
BRDA:32,1,1,0
BRDA:35,2,0,0
BRDA:35,2,1,0
BRDA:37,3,0,0
BRDA:37,3,1,0
BRDA:54,4,0,0
BRDA:54,4,1,0
BRF:10
BRH:0
end_of_record
TN:
SF:src/shared/CoinHalfFull.tsx
FN:11,CoinHalfFull
FNF:1
FNH:1
FNDA:1,CoinHalfFull
DA:1,1
DA:2,1
DA:4,1
DA:11,1
DA:12,1
LF:5
LH:5
BRF:0
BRH:0
end_of_record
TN:
SF:src/shared/DropDown.tsx
FN:29,(anonymous_2)
FN:32,(anonymous_3)
FN:39,(anonymous_4)
FN:44,(anonymous_5)
FN:48,(anonymous_6)
FN:53,(anonymous_7)
FN:54,(anonymous_8)
FN:58,(anonymous_9)
FN:60,(anonymous_10)
FN:93,(anonymous_11)
FN:94,(anonymous_12)
FN:185,(anonymous_13)
FN:190,(anonymous_14)
FN:194,(anonymous_15)
FN:198,(anonymous_16)
FN:202,(anonymous_17)
FNF:16
FNH:9
FNDA:7,(anonymous_2)
FNDA:0,(anonymous_3)
FNDA:0,(anonymous_4)
FNDA:0,(anonymous_5)
FNDA:0,(anonymous_6)
FNDA:8,(anonymous_7)
FNDA:36,(anonymous_8)
FNDA:8,(anonymous_9)
FNDA:36,(anonymous_10)
FNDA:62,(anonymous_11)
FNDA:36,(anonymous_12)
FNDA:24,(anonymous_13)
FNDA:0,(anonymous_14)
FNDA:0,(anonymous_15)
FNDA:0,(anonymous_16)
FNDA:24,(anonymous_17)
DA:1,2
DA:2,2
DA:3,2
DA:4,2
DA:5,2
DA:6,2
DA:7,2
DA:29,2
DA:30,7
DA:32,7
DA:33,0
DA:39,7
DA:40,0
DA:41,0
DA:44,7
DA:45,0
DA:48,7
DA:49,0
DA:50,0
DA:53,7
DA:54,36
DA:55,8
DA:59,8
DA:60,36
DA:62,8
DA:68,8
DA:73,8
DA:93,62
DA:95,36
DA:112,2
DA:186,24
DA:190,24
DA:191,0
DA:194,24
DA:195,0
DA:198,24
DA:199,0
DA:203,24
DA:204,24
LF:39
LH:30
BRDA:45,0,0,0
BRDA:45,0,1,0
BRDA:55,1,0,8
BRDA:55,1,1,0
BRDA:55,1,2,8
BRDA:66,2,0,0
BRDA:66,2,1,8
BRDA:71,3,0,0
BRDA:71,3,1,8
BRDA:74,4,0,0
BRDA:74,4,1,8
BRDA:80,5,0,0
BRDA:80,5,1,8
BRDA:87,6,0,8
BRDA:87,6,1,8
BRDA:93,7,0,24
BRDA:93,7,1,38
BRDA:210,8,0,24
BRDA:210,8,1,0
BRDA:211,9,0,24
BRDA:211,9,1,0
BRF:21
BRH:12
end_of_record
TN:
SF:src/shared/DropDownGroup.tsx
FN:20,(anonymous_2)
FN:23,(anonymous_3)
FN:27,(anonymous_4)
FN:31,(anonymous_5)
FN:35,(anonymous_6)
FNF:5
FNH:3
FNDA:3,(anonymous_2)
FNDA:0,(anonymous_3)
FNDA:0,(anonymous_4)
FNDA:4,(anonymous_5)
FNDA:8,(anonymous_6)
DA:1,2
DA:2,2
DA:3,2
DA:20,2
DA:21,3
DA:23,3
DA:24,0
DA:27,3
DA:28,0
DA:31,3
DA:32,4
DA:36,8
DA:56,2
LF:13
LH:11
BRDA:50,0,0,4
BRDA:50,0,1,0
BRF:2
BRH:1
end_of_record
TN:
SF:src/shared/EX.tsx
FN:13,(anonymous_1)
FNF:1
FNH:0
FNDA:0,(anonymous_1)
DA:1,3
DA:2,3
DA:3,3
DA:11,3
DA:12,3
DA:14,0
DA:15,0
LF:7
LH:5
BRF:0
BRH:0
end_of_record
TN:
SF:src/shared/Footer.tsx
FN:76,Footer
FN:149,MobileLinks
FN:173,_Details
FNF:3
FNH:2
FNDA:9,Footer
FNDA:0,MobileLinks
FNDA:9,_Details
DA:1,10
DA:2,10
DA:3,10
DA:4,10
DA:5,10
DA:6,10
DA:7,10
DA:8,10
DA:9,10
DA:10,10
DA:11,10
DA:12,10
DA:13,10
DA:14,10
DA:15,10
DA:16,10
DA:17,10
DA:18,10
DA:19,10
DA:20,10
DA:21,10
DA:23,10
DA:24,10
DA:30,10
DA:31,10
DA:32,10
DA:41,10
DA:42,10
DA:76,10
DA:77,9
DA:78,9
DA:79,9
DA:80,9
DA:150,0
DA:151,0
DA:173,10
DA:174,9
DA:175,9
DA:176,9
DA:181,9
DA:193,10
LF:41
LH:39
BRDA:109,0,0,0
BRDA:109,0,1,9
BRDA:116,1,0,0
BRDA:116,1,1,9
BRDA:118,2,0,0
BRDA:118,2,1,9
BRDA:136,3,0,0
BRDA:136,3,1,9
BRDA:140,4,0,9
BRDA:140,4,1,0
BRDA:179,5,0,9
BRDA:179,5,1,0
BRDA:182,6,0,9
BRDA:182,6,1,0
BRF:14
BRH:7
end_of_record
TN:
SF:src/shared/FooterColumn.tsx
FN:19,FooterColumn
FN:24,(anonymous_2)
FNF:2
FNH:2
FNDA:36,FooterColumn
FNDA:216,(anonymous_2)
DA:1,10
DA:2,10
DA:3,10
DA:4,10
DA:5,10
DA:19,10
DA:20,36
DA:21,36
DA:25,216
DA:40,10
DA:57,10
LF:11
LH:11
BRDA:22,0,0,0
BRDA:22,0,1,36
BRF:2
BRH:1
end_of_record
TN:
SF:src/shared/HollowOval.tsx
FN:13,(anonymous_2)
FNF:1
FNH:1
FNDA:8,(anonymous_2)
DA:1,2
DA:2,2
DA:3,2
DA:4,2
DA:11,2
DA:12,2
DA:14,8
DA:16,8
DA:18,8
LF:9
LH:9
BRDA:22,0,0,6
BRDA:22,0,1,2
BRDA:27,1,0,6
BRDA:27,1,1,2
BRF:4
BRH:4
end_of_record
TN:
SF:src/shared/Hoverable.tsx
FN:22,(anonymous_1)
FN:27,(anonymous_2)
FN:39,enableHover
FN:46,disableHover
FN:58,(anonymous_5)
FN:64,(anonymous_6)
FN:68,(anonymous_7)
FN:74,(anonymous_8)
FN:78,(anonymous_9)
FN:84,(anonymous_10)
FN:91,(anonymous_11)
FN:92,(anonymous_12)
FN:95,(anonymous_13)
FN:96,(anonymous_14)
FN:99,(anonymous_15)
FN:123,isFunction
FN:127,getChild
FNF:17
FNH:4
FNDA:605,(anonymous_1)
FNDA:0,(anonymous_2)
FNDA:0,enableHover
FNDA:0,disableHover
FNDA:0,(anonymous_5)
FNDA:0,(anonymous_6)
FNDA:0,(anonymous_7)
FNDA:0,(anonymous_8)
FNDA:0,(anonymous_9)
FNDA:0,(anonymous_10)
FNDA:0,(anonymous_11)
FNDA:0,(anonymous_12)
FNDA:0,(anonymous_13)
FNDA:0,(anonymous_14)
FNDA:624,(anonymous_15)
FNDA:624,isFunction
FNDA:624,getChild
DA:1,38
DA:19,38
DA:20,605
DA:23,605
DA:24,605
DA:27,605
DA:36,0
DA:37,0
DA:40,0
DA:41,0
DA:43,0
DA:47,0
DA:48,0
DA:49,0
DA:53,0
DA:54,0
DA:55,0
DA:58,605
DA:59,0
DA:60,0
DA:61,0
DA:62,0
DA:64,0
DA:68,605
DA:69,0
DA:70,0
DA:71,0
DA:72,0
DA:74,0
DA:78,605
DA:79,0
DA:80,0
DA:82,0
DA:84,605
DA:85,0
DA:86,0
DA:88,0
DA:91,605
DA:92,0
DA:95,605
DA:96,0
DA:100,624
DA:102,624
DA:104,624
DA:107,624
DA:124,624
DA:128,624
DA:129,20
DA:130,20
DA:132,604
LF:50
LH:21
BRDA:40,0,0,0
BRDA:40,0,1,0
BRDA:40,1,0,0
BRDA:40,1,1,0
BRDA:48,2,0,0
BRDA:48,2,1,0
BRDA:59,3,0,0
BRDA:59,3,1,0
BRDA:59,4,0,0
BRDA:59,4,1,0
BRDA:61,5,0,0
BRDA:61,5,1,0
BRDA:69,6,0,0
BRDA:69,6,1,0
BRDA:71,7,0,0
BRDA:71,7,1,0
BRDA:79,8,0,0
BRDA:79,8,1,0
BRDA:85,9,0,0
BRDA:85,9,1,0
BRDA:100,10,0,624
BRDA:100,10,1,624
BRDA:128,11,0,20
BRDA:128,11,1,604
BRF:24
BRH:4
end_of_record
TN:
SF:src/shared/ImagePanes.tsx
FN:20,ImagePanes
FNF:1
FNH:1
FNDA:3,ImagePanes
DA:1,2
DA:2,2
DA:3,2
DA:4,2
DA:5,2
DA:6,2
DA:20,2
DA:21,3
DA:55,2
LF:9
LH:9
BRDA:22,0,0,3
BRDA:22,0,1,1
BRDA:22,1,0,3
BRDA:22,1,1,1
BRF:4
BRH:4
end_of_record
TN:
SF:src/shared/InlineAnchor.tsx
FN:11,InlineAnchor
FNF:1
FNH:1
FNDA:27,InlineAnchor
DA:1,15
DA:2,15
DA:11,15
DA:12,27
LF:4
LH:4
BRF:0
BRH:0
end_of_record
TN:
SF:src/shared/Link.tsx
FN:11,(anonymous_2)
FNF:1
FNH:1
FNDA:562,(anonymous_2)
DA:1,39
DA:2,39
DA:11,39
DA:12,562
DA:13,477
DA:19,85
LF:6
LH:6
BRDA:11,0,0,562
BRDA:12,1,0,477
BRDA:12,1,1,85
BRF:3
BRH:3
end_of_record
TN:
SF:src/shared/MobileMenu.tsx
FN:13,MobileMenu
FN:18,(anonymous_3)
FNF:2
FNH:2
FNDA:1,MobileMenu
FNDA:7,(anonymous_3)
DA:1,1
DA:2,1
DA:3,1
DA:4,1
DA:5,1
DA:6,1
DA:7,1
DA:8,1
DA:13,1
DA:14,1
DA:15,1
DA:19,7
DA:20,7
DA:22,7
DA:45,1
LF:15
LH:15
BRDA:20,0,0,1
BRDA:20,0,1,6
BRF:2
BRH:2
end_of_record
TN:
SF:src/shared/Navigation.tsx
FN:7,(anonymous_2)
FN:22,Navigation
FNF:2
FNH:2
FNDA:12,(anonymous_2)
FNDA:40,Navigation
DA:1,12
DA:2,12
DA:3,12
DA:4,12
DA:5,12
DA:7,12
DA:8,12
DA:9,12
DA:10,12
DA:22,12
DA:23,40
DA:24,40
DA:25,40
DA:43,12
LF:14
LH:14
BRDA:7,0,0,12
BRDA:7,0,1,12
BRDA:23,1,0,40
BRDA:23,1,1,40
BRDA:28,2,0,40
BRDA:28,2,1,22
BRDA:29,3,0,6
BRDA:29,3,1,34
BRDA:34,4,0,40
BRDA:34,4,1,18
BRDA:36,5,0,0
BRDA:36,5,1,18
BRF:12
BRH:11
end_of_record
TN:
SF:src/shared/Outbound.tsx
FN:5,Outbound
FN:13,externalizeURL
FNF:2
FNH:2
FNDA:3,Outbound
FNDA:3,externalizeURL
DA:1,4
DA:2,4
DA:3,4
DA:5,4
DA:6,3
DA:13,4
DA:14,3
DA:15,3
DA:16,0
DA:18,3
LF:10
LH:9
BRF:0
BRH:0
end_of_record
TN:
SF:src/shared/OvalCoin.tsx
FN:16,(anonymous_2)
FNF:1
FNH:1
FNDA:440,(anonymous_2)
DA:1,20
DA:2,20
DA:3,20
DA:4,20
DA:14,20
DA:15,20
DA:17,440
DA:18,440
LF:8
LH:8
BRF:0
BRH:0
end_of_record
TN:
SF:src/shared/Photo.tsx
FN:16,Photo
FN:24,(anonymous_3)
FNF:2
FNH:2
FNDA:4,Photo
FNDA:4,(anonymous_3)
DA:1,2
DA:2,2
DA:3,2
DA:4,2
DA:5,2
DA:16,2
DA:17,4
DA:25,4
DA:35,2
LF:9
LH:9
BRF:0
BRH:0
end_of_record
TN:
SF:src/shared/PlaceDate.tsx
FN:3,printDuration
FN:14,parseDate
FNF:2
FNH:2
FNDA:4,printDuration
FNDA:8,parseDate
DA:1,3
DA:3,3
DA:4,4
DA:5,4
DA:6,0
DA:8,4
DA:10,0
DA:14,3
DA:15,8
DA:16,4
DA:18,4
LF:11
LH:9
BRDA:5,0,0,0
BRDA:5,0,1,4
BRDA:15,1,0,4
BRDA:15,1,1,4
BRF:4
BRH:3
end_of_record
TN:
SF:src/shared/PlayCircle.tsx
FN:6,(anonymous_1)
FN:24,PlayCircle2
FNF:2
FNH:2
FNDA:2,(anonymous_1)
FNDA:6,PlayCircle2
DA:1,3
DA:2,3
DA:3,3
DA:5,3
DA:7,2
DA:24,3
DA:25,6
LF:7
LH:7
BRDA:31,0,0,6
BRDA:31,0,1,6
BRF:2
BRH:2
end_of_record
TN:
SF:src/shared/Progress.tsx
FN:8,(anonymous_1)
FN:14,usePageTurner
FN:19,(anonymous_3)
FN:21,(anonymous_4)
FN:26,(anonymous_5)
FN:27,(anonymous_6)
FN:30,(anonymous_7)
FN:38,(anonymous_8)
FN:42,(anonymous_9)
FN:43,(anonymous_10)
FN:52,Progress
FNF:11
FNH:0
FNDA:0,(anonymous_1)
FNDA:0,usePageTurner
FNDA:0,(anonymous_3)
FNDA:0,(anonymous_4)
FNDA:0,(anonymous_5)
FNDA:0,(anonymous_6)
FNDA:0,(anonymous_7)
FNDA:0,(anonymous_8)
FNDA:0,(anonymous_9)
FNDA:0,(anonymous_10)
FNDA:0,Progress
DA:1,0
DA:2,0
DA:3,0
DA:4,0
DA:5,0
DA:8,0
DA:9,0
DA:10,0
DA:11,0
DA:14,0
DA:15,0
DA:16,0
DA:17,0
DA:18,0
DA:19,0
DA:20,0
DA:22,0
DA:23,0
DA:24,0
DA:27,0
DA:28,0
DA:31,0
DA:32,0
DA:34,0
DA:38,0
DA:39,0
DA:42,0
DA:43,0
DA:44,0
DA:49,0
DA:52,0
DA:53,0
DA:55,0
DA:56,0
DA:57,0
DA:58,0
DA:64,0
DA:67,0
LF:38
LH:0
BRDA:8,0,0,0
BRDA:8,0,1,0
BRDA:31,1,0,0
BRDA:31,1,1,0
BRDA:55,2,0,0
BRDA:55,2,1,0
BRDA:60,3,0,0
BRDA:60,3,1,0
BRF:8
BRH:0
end_of_record
TN:
SF:src/shared/Responsive.tsx
FN:12,(anonymous_1)
FN:13,(anonymous_2)
FN:30,(anonymous_3)
FN:33,(anonymous_4)
FN:36,(anonymous_5)
FNF:5
FNH:5
FNDA:1045,(anonymous_1)
FNDA:1226,(anonymous_2)
FNDA:1226,(anonymous_3)
FNDA:1226,(anonymous_4)
FNDA:1245,(anonymous_5)
DA:1,36
DA:3,36
DA:12,36
DA:13,1045
DA:14,1226
DA:15,0
DA:16,0
DA:17,0
DA:18,0
DA:20,1226
DA:21,0
DA:22,0
DA:24,0
DA:27,1226
DA:31,1226
DA:34,1226
DA:36,1226
DA:37,1245
DA:38,1245
LF:19
LH:12
BRDA:14,0,0,0
BRDA:14,0,1,1226
BRDA:15,1,0,0
BRDA:15,1,1,0
BRDA:17,2,0,0
BRDA:17,2,1,0
BRDA:20,3,0,0
BRDA:20,3,1,1226
BRDA:21,4,0,0
BRDA:21,4,1,0
BRDA:37,5,0,1245
BRDA:37,5,1,0
BRF:12
BRH:3
end_of_record
TN:
SF:src/shared/ResponsiveImage.tsx
FN:12,(anonymous_2)
FN:15,(anonymous_3)
FN:28,(anonymous_4)
FNF:3
FNH:3
FNDA:4,(anonymous_2)
FNDA:4,(anonymous_3)
FNDA:4,(anonymous_4)
DA:1,1
DA:2,1
DA:3,1
DA:4,1
DA:15,4
DA:16,4
DA:18,0
DA:20,0
DA:22,0
DA:24,4
DA:29,4
DA:30,4
DA:43,1
DA:45,1
LF:14
LH:11
BRDA:17,0,0,0
BRDA:17,0,1,0
BRDA:17,0,2,0
BRDA:17,0,3,4
BRDA:18,1,0,0
BRDA:18,1,1,0
BRDA:20,2,0,0
BRDA:20,2,1,0
BRDA:22,3,0,0
BRDA:22,3,1,0
BRF:10
BRH:1
end_of_record
TN:
SF:src/shared/Spinner.tsx
FN:16,Spinner
FNF:1
FNH:1
FNDA:14,Spinner
DA:1,22
DA:2,22
DA:3,22
DA:4,22
DA:10,22
DA:16,22
DA:17,14
DA:24,22
LF:8
LH:8
BRF:0
BRH:0
end_of_record
TN:
SF:src/shared/Styles.tsx
FNF:0
FNH:0
DA:1,39
DA:4,39
DA:9,39
DA:10,39
DA:11,39
DA:13,39
DA:14,39
DA:15,39
DA:17,39
LF:9
LH:9
BRF:0
BRH:0
end_of_record
TN:
SF:src/shared/Triangle.tsx
FN:4,(anonymous_1)
FN:16,(anonymous_2)
FNF:2
FNH:2
FNDA:11,(anonymous_1)
FNDA:9,(anonymous_2)
DA:1,11
DA:2,11
DA:4,11
DA:5,11
DA:6,11
DA:7,11
DA:14,11
DA:15,11
DA:17,9
LF:9
LH:9
BRDA:4,0,0,11
BRDA:4,0,1,11
BRF:2
BRH:2
end_of_record
TN:
SF:src/shared/VideoModal.tsx
FN:26,(anonymous_2)
FN:41,(anonymous_3)
FN:45,(anonymous_4)
FN:49,(anonymous_5)
FN:53,(anonymous_6)
FN:57,(anonymous_7)
FN:29,(anonymous_8)
FN:36,(anonymous_9)
FN:61,(anonymous_10)
FN:147,onReady
FNF:10
FNH:6
FNDA:5,(anonymous_2)
FNDA:5,(anonymous_3)
FNDA:0,(anonymous_4)
FNDA:0,(anonymous_5)
FNDA:0,(anonymous_6)
FNDA:10,(anonymous_7)
FNDA:5,(anonymous_8)
FNDA:2,(anonymous_9)
FNDA:10,(anonymous_10)
FNDA:0,onReady
DA:1,3
DA:2,3
DA:3,3
DA:4,3
DA:5,3
DA:6,3
DA:7,3
DA:8,3
DA:24,3
DA:26,3
DA:27,5
DA:30,5
DA:31,5
DA:32,5
DA:33,5
DA:37,2
DA:38,2
DA:41,5
DA:42,5
DA:45,5
DA:46,0
DA:49,5
DA:50,0
DA:53,5
DA:54,0
DA:57,5
DA:58,10
DA:62,10
DA:74,10
DA:148,0
DA:149,0
DA:150,0
DA:153,0
DA:155,0
DA:159,3
DA:178,3
LF:36
LH:28
BRDA:58,0,0,0
BRDA:58,0,1,10
BRDA:104,1,0,4
BRDA:104,1,1,6
BRDA:121,2,0,10
BRDA:121,2,1,5
BRF:6
BRH:5
end_of_record
TN:
SF:src/shared/menu-items.ts
FN:98,(anonymous_0)
FNF:1
FNH:1
FNDA:26,(anonymous_0)
DA:1,26
DA:88,26
DA:98,26
DA:99,26
DA:100,26
DA:101,26
DA:102,26
DA:103,26
DA:104,26
DA:105,26
DA:106,26
DA:107,26
DA:108,26
DA:109,26
DA:110,26
DA:111,26
DA:112,26
DA:113,26
DA:114,26
DA:115,26
DA:116,26
DA:117,26
DA:118,26
DA:119,26
DA:120,26
DA:121,26
DA:122,26
DA:123,26
DA:124,26
DA:125,26
DA:126,26
DA:127,26
DA:128,26
DA:129,26
DA:130,26
DA:131,26
DA:132,26
DA:135,26
DA:146,26
DA:213,26
LF:40
LH:40
BRDA:98,0,0,26
BRDA:98,0,1,26
BRF:2
BRH:2
end_of_record
TN:
SF:src/shared/svg.tsx
FN:4,Path
FN:8,G
FN:12,Line
FNF:3
FNH:3
FNDA:957,Path
FNDA:459,G
FNDA:1,Line
DA:2,25
DA:4,25
DA:5,957
DA:8,25
DA:9,459
DA:12,25
DA:13,1
LF:7
LH:7
BRF:0
BRH:0
end_of_record
TN:
SF:src/table/table.tsx
FN:18,Radio
FN:27,(anonymous_3)
FN:41,SectionHeader
FN:58,NoneFound
FNF:4
FNH:3
FNDA:20,Radio
FNDA:0,(anonymous_3)
FNDA:4,SectionHeader
FNDA:5,NoneFound
DA:1,6
DA:2,6
DA:3,6
DA:4,6
DA:5,6
DA:6,6
DA:18,6
DA:27,20
DA:28,20
DA:41,6
DA:42,4
DA:43,4
DA:58,6
DA:59,5
DA:71,6
LF:15
LH:15
BRDA:32,0,0,20
BRDA:32,0,1,0
BRDA:33,1,0,20
BRDA:33,1,1,2
BRF:4
BRH:3
end_of_record
TN:
SF:src/terms/Agreement.tsx
FN:13,(anonymous_2)
FN:16,(anonymous_3)
FNF:2
FNH:1
FNDA:0,(anonymous_2)
FNDA:1,(anonymous_3)
DA:1,1
DA:2,1
DA:3,1
DA:4,1
DA:5,1
DA:6,1
DA:7,1
DA:8,1
DA:9,1
DA:10,1
DA:14,0
DA:17,1
DA:18,1
DA:90,1
DA:92,1
LF:15
LH:14
BRF:0
BRH:0
end_of_record
TN:
SF:src/terms/Audits.tsx
FN:39,(anonymous_2)
FN:47,(anonymous_3)
FN:50,(anonymous_4)
FN:70,(anonymous_5)
FN:73,(anonymous_6)
FNF:5
FNH:4
FNDA:7,(anonymous_2)
FNDA:0,(anonymous_3)
FNDA:1,(anonymous_4)
FNDA:3,(anonymous_5)
FNDA:7,(anonymous_6)
DA:1,1
DA:2,1
DA:3,1
DA:4,1
DA:5,1
DA:6,1
DA:7,1
DA:8,1
DA:9,1
DA:10,1
DA:19,1
DA:39,1
DA:40,7
DA:41,7
DA:43,7
DA:48,0
DA:51,1
DA:52,1
DA:71,3
DA:74,7
DA:90,1
DA:92,1
LF:22
LH:21
BRDA:40,0,0,7
BRDA:40,0,1,3
BRDA:78,1,0,7
BRDA:78,1,1,2
BRF:4
BRH:4
end_of_record
TN:
SF:src/terms/BrandPolicy.tsx
FN:8,BrandPolicy
FNF:1
FNH:0
FNDA:0,BrandPolicy
DA:1,0
DA:2,0
DA:3,0
DA:4,0
DA:5,0
DA:6,0
DA:8,0
DA:9,0
LF:8
LH:0
BRF:0
BRH:0
end_of_record
TN:
SF:src/terms/HelpfullLink.tsx
FN:5,HelpfullLink
FNF:1
FNH:1
FNDA:11,HelpfullLink
DA:1,3
DA:2,3
DA:3,3
DA:5,3
DA:6,11
DA:18,3
LF:6
LH:6
BRF:0
BRH:0
end_of_record
TN:
SF:src/terms/Papers.tsx
FN:13,(anonymous_2)
FN:16,(anonymous_3)
FNF:2
FNH:1
FNDA:0,(anonymous_2)
FNDA:1,(anonymous_3)
DA:1,1
DA:2,1
DA:3,1
DA:4,1
DA:5,1
DA:6,1
DA:7,1
DA:8,1
DA:9,1
DA:10,1
DA:14,0
DA:17,1
DA:18,1
DA:53,1
DA:55,1
LF:15
LH:14
BRF:0
BRH:0
end_of_record
TN:
SF:src/terms/StakeOffTerms.tsx
FN:12,(anonymous_2)
FN:15,(anonymous_3)
FN:488,Link
FNF:3
FNH:2
FNDA:0,(anonymous_2)
FNDA:1,(anonymous_3)
FNDA:5,Link
DA:1,1
DA:2,1
DA:3,1
DA:4,1
DA:5,1
DA:6,1
DA:7,1
DA:8,1
DA:9,1
DA:13,0
DA:16,1
DA:17,1
DA:489,5
DA:492,1
DA:494,1
LF:15
LH:14
BRF:0
BRH:0
end_of_record
TN:
SF:src/terms/TermsPortal.tsx
FN:14,(anonymous_2)
FN:17,(anonymous_3)
FNF:2
FNH:1
FNDA:0,(anonymous_2)
FNDA:1,(anonymous_3)
DA:1,1
DA:2,1
DA:3,1
DA:4,1
DA:5,1
DA:6,1
DA:7,1
DA:8,1
DA:9,1
DA:10,1
DA:11,1
DA:15,0
DA:18,1
DA:19,1
DA:51,1
DA:53,1
LF:16
LH:15
BRF:0
BRH:0
end_of_record
TN:
SF:src/utils/abortableFetch.ts
FN:3,abortableFetch
FN:7,abort
FN:8,(anonymous_3)
FN:9,(anonymous_4)
FNF:4
FNH:3
FNDA:1,abortableFetch
FNDA:1,abort
FNDA:1,(anonymous_3)
FNDA:0,(anonymous_4)
DA:1,2
DA:3,2
DA:4,1
DA:7,2
DA:8,1
DA:9,1
DA:10,0
LF:7
LH:6
BRDA:3,0,0,0
BRDA:7,1,0,1
BRF:2
BRH:1
end_of_record
TN:
SF:src/utils/countries.ts
FN:2,(anonymous_0)
FN:13,(anonymous_1)
FN:15,isJurisdictionRestricted
FNF:3
FNH:3
FNDA:1,(anonymous_0)
FNDA:8,(anonymous_1)
FNDA:3,isJurisdictionRestricted
DA:2,1
DA:3,1
DA:4,1
DA:5,1
DA:6,1
DA:7,1
DA:8,1
DA:9,1
DA:10,1
DA:13,8
DA:15,1
DA:16,3
DA:17,1
DA:19,2
LF:14
LH:14
BRDA:2,0,0,1
BRDA:2,0,1,1
BRDA:16,1,0,1
BRDA:16,1,1,2
BRF:4
BRH:4
end_of_record
TN:
SF:src/utils/i18nForTests.ts
FNF:0
FNH:0
DA:1,26
DA:2,26
DA:5,26
DA:33,26
DA:35,26
LF:5
LH:5
BRF:0
BRH:0
end_of_record
TN:
SF:src/utils/sentry.ts
FN:7,initSentry
FN:20,getSentry
FN:21,(anonymous_4)
FNF:3
FNH:0
FNDA:0,initSentry
FNDA:0,getSentry
FNDA:0,(anonymous_4)
DA:1,6
DA:2,6
DA:3,6
DA:7,6
DA:8,0
DA:9,0
DA:10,0
DA:13,0
DA:14,0
DA:15,0
DA:16,0
DA:20,6
DA:21,0
DA:22,0
LF:14
LH:5
BRDA:9,0,0,0
BRDA:9,0,1,0
BRDA:13,1,0,0
BRDA:13,1,1,0
BRDA:21,2,0,0
BRDA:21,2,1,0
BRF:6
BRH:0
end_of_record
TN:
SF:src/utils/utils.ts
FN:4,randomIntegerInRange
FN:8,scrollTo
FN:25,getNetworkDownloadSpeed
FN:40,isFast
FN:50,getEffectiveConnection
FN:56,(anonymous_6)
FN:64,hasGoodConnection
FN:73,multiPartCheck
FN:78,(anonymous_9)
FN:79,(anonymous_10)
FN:87,abort
FN:88,(anonymous_12)
FN:89,(anonymous_13)
FN:97,getDeviceMemory
FN:102,isBrowser
FN:106,cutAddress
FN:110,formatNumber
FN:119,copyToClipboad
FN:123,weiToDecimal
FNF:19
FNH:14
FNDA:5028,randomIntegerInRange
FNDA:0,scrollTo
FNDA:6,getNetworkDownloadSpeed
FNDA:3,isFast
FNDA:3,getEffectiveConnection
FNDA:16,(anonymous_6)
FNDA:3,hasGoodConnection
FNDA:3,multiPartCheck
FNDA:6,(anonymous_9)
FNDA:6,(anonymous_10)
FNDA:3,abort
FNDA:3,(anonymous_12)
FNDA:0,(anonymous_13)
FNDA:0,getDeviceMemory
FNDA:0,isBrowser
FNDA:6,cutAddress
FNDA:66,formatNumber
FNDA:0,copyToClipboad
FNDA:26,weiToDecimal
DA:1,16
DA:2,16
DA:4,16
DA:5,5028
DA:8,16
DA:9,0
DA:10,0
DA:11,0
DA:25,16
DA:26,6
DA:27,6
DA:28,6
DA:29,6
DA:31,6
DA:32,0
DA:34,6
DA:38,16
DA:41,3
DA:42,0
DA:44,3
DA:45,0
DA:47,3
DA:50,16
DA:51,3
DA:52,3
DA:56,16
DA:57,16
DA:58,16
DA:59,16
DA:60,16
DA:61,16
DA:64,16
DA:65,3
DA:66,3
DA:67,0
DA:70,3
DA:74,3
DA:77,3
DA:78,6
DA:80,6
DA:82,3
DA:85,16
DA:88,3
DA:89,3
DA:90,0
DA:97,16
DA:99,0
DA:102,16
DA:103,0
DA:106,16
DA:107,6
DA:110,16
DA:111,66
DA:112,1
DA:114,65
DA:119,16
DA:120,0
DA:123,16
DA:124,26
LF:59
LH:48
BRDA:10,0,0,0
BRDA:10,0,1,0
BRDA:41,1,0,0
BRDA:41,1,1,3
BRDA:44,2,0,0
BRDA:44,2,1,3
BRDA:44,3,0,3
BRDA:44,3,1,3
BRDA:51,4,0,3
BRDA:51,4,1,3
BRDA:51,4,2,3
BRDA:52,5,0,3
BRDA:52,5,1,0
BRDA:52,5,2,3
BRDA:56,6,0,16
BRDA:56,6,1,16
BRDA:66,7,0,0
BRDA:66,7,1,3
BRDA:99,8,0,0
BRDA:99,8,1,0
BRDA:110,9,0,0
BRDA:111,10,0,1
BRDA:111,10,1,65
BRDA:115,11,0,5
BRDA:115,11,1,60
BRF:25
BRH:16
end_of_record
